# JRE version: OpenJDK Runtime Environment Temurin-21.0.7+6 (21.0.7+6) (build 21.0.7+6-LTS)
# Java VM: OpenJDK 64-Bit Server VM Temurin-21.0.7+6 (21.0.7+6-LTS, mixed mode, sharing, tiered, compressed oops, compressed class ptrs, parallel gc, windows-amd64)
GC Precious Log:
 CardTable entry size: 512
 CPUs: 16 total, 16 available
 Memory: 5996M
 Large Page Support: Disabled
 NUMA Support: Disabled
 Compressed Oops: Enabled (32-bit)
 Alignments: Space 512K, Generation 512K, Heap 2M
 Heap Min Capacity: 100M
 Heap Initial Capacity: 100M
 Heap Max Capacity: 1G
 Pre-touch: Disabled
 Parallel Workers: 13
Heap:
 PSYoungGen      total 21504K, used 3790K [0x00000000eab00000, 0x00000000ec280000, 0x0000000100000000)
  eden space 18944K, 8% used [0x00000000eab00000,0x00000000eac86080,0x00000000ebd80000)
  from space 2560K, 87% used [0x00000000ebd80000,0x00000000ebfad9e0,0x00000000ec000000)
  to   space 2560K, 0% used [0x00000000ec000000,0x00000000ec000000,0x00000000ec280000)
 ParOldGen       total 68608K, used 33228K [0x00000000c0000000, 0x00000000c4300000, 0x00000000eab00000)
  object space 68608K, 48% used [0x00000000c0000000,0x00000000c20731c0,0x00000000c4300000)
 Metaspace       used 43775K, committed 44800K, reserved 1114112K
  class space    used 4239K, committed 4672K, reserved 1048576K
GC Heap History (20 events):
Event: 6.175 GC heap before
{Heap before GC invocations=16 (full 1):
 PSYoungGen      total 23552K, used 23492K [0x00000000eab00000, 0x00000000ec580000, 0x0000000100000000)
  eden space 20992K, 100% used [0x00000000eab00000,0x00000000ebf80000,0x00000000ebf80000)
  from space 2560K, 97% used [0x00000000ec300000,0x00000000ec571000,0x00000000ec580000)
  to   space 3072K, 0% used [0x00000000ebf80000,0x00000000ebf80000,0x00000000ec280000)
 ParOldGen       total 68608K, used 23081K [0x00000000c0000000, 0x00000000c4300000, 0x00000000eab00000)
  object space 68608K, 33% used [0x00000000c0000000,0x00000000c168a7a0,0x00000000c4300000)
 Metaspace       used 34139K, committed 35200K, reserved 1114112K
  class space    used 3369K, committed 3840K, reserved 1048576K
}
Event: 6.182 GC heap after
{Heap after GC invocations=16 (full 1):
 PSYoungGen      total 24064K, used 2560K [0x00000000eab00000, 0x00000000ec580000, 0x0000000100000000)
  eden space 20992K, 0% used [0x00000000eab00000,0x00000000eab00000,0x00000000ebf80000)
  from space 3072K, 83% used [0x00000000ebf80000,0x00000000ec200010,0x00000000ec280000)
  to   space 3072K, 0% used [0x00000000ec280000,0x00000000ec280000,0x00000000ec580000)
 ParOldGen       total 68608K, used 25367K [0x00000000c0000000, 0x00000000c4300000, 0x00000000eab00000)
  object space 68608K, 36% used [0x00000000c0000000,0x00000000c18c5dc8,0x00000000c4300000)
 Metaspace       used 34139K, committed 35200K, reserved 1114112K
  class space    used 3369K, committed 3840K, reserved 1048576K
}
Event: 6.290 GC heap before
{Heap before GC invocations=17 (full 1):
 PSYoungGen      total 24064K, used 23552K [0x00000000eab00000, 0x00000000ec580000, 0x0000000100000000)
  eden space 20992K, 100% used [0x00000000eab00000,0x00000000ebf80000,0x00000000ebf80000)
  from space 3072K, 83% used [0x00000000ebf80000,0x00000000ec200010,0x00000000ec280000)
  to   space 3072K, 0% used [0x00000000ec280000,0x00000000ec280000,0x00000000ec580000)
 ParOldGen       total 68608K, used 25367K [0x00000000c0000000, 0x00000000c4300000, 0x00000000eab00000)
  object space 68608K, 36% used [0x00000000c0000000,0x00000000c18c5dc8,0x00000000c4300000)
 Metaspace       used 34259K, committed 35264K, reserved 1114112K
  class space    used 3370K, committed 3840K, reserved 1048576K
}
Event: 6.296 GC heap after
{Heap after GC invocations=17 (full 1):
 PSYoungGen      total 23552K, used 2168K [0x00000000eab00000, 0x00000000ec500000, 0x0000000100000000)
  eden space 20992K, 0% used [0x00000000eab00000,0x00000000eab00000,0x00000000ebf80000)
  from space 2560K, 84% used [0x00000000ec280000,0x00000000ec49e200,0x00000000ec500000)
  to   space 2560K, 0% used [0x00000000ec000000,0x00000000ec000000,0x00000000ec280000)
 ParOldGen       total 68608K, used 27751K [0x00000000c0000000, 0x00000000c4300000, 0x00000000eab00000)
  object space 68608K, 40% used [0x00000000c0000000,0x00000000c1b19dd8,0x00000000c4300000)
 Metaspace       used 34259K, committed 35264K, reserved 1114112K
  class space    used 3370K, committed 3840K, reserved 1048576K
}
Event: 6.359 GC heap before
{Heap before GC invocations=18 (full 1):
 PSYoungGen      total 23552K, used 7919K [0x00000000eab00000, 0x00000000ec500000, 0x0000000100000000)
  eden space 20992K, 27% used [0x00000000eab00000,0x00000000eb09dcf8,0x00000000ebf80000)
  from space 2560K, 84% used [0x00000000ec280000,0x00000000ec49e200,0x00000000ec500000)
  to   space 2560K, 0% used [0x00000000ec000000,0x00000000ec000000,0x00000000ec280000)
 ParOldGen       total 68608K, used 27751K [0x00000000c0000000, 0x00000000c4300000, 0x00000000eab00000)
  object space 68608K, 40% used [0x00000000c0000000,0x00000000c1b19dd8,0x00000000c4300000)
 Metaspace       used 34849K, committed 35840K, reserved 1114112K
  class space    used 3431K, committed 3904K, reserved 1048576K
}
Event: 6.363 GC heap after
{Heap after GC invocations=18 (full 1):
 PSYoungGen      total 22016K, used 585K [0x00000000eab00000, 0x00000000ec300000, 0x0000000100000000)
  eden space 20992K, 0% used [0x00000000eab00000,0x00000000eab00000,0x00000000ebf80000)
  from space 1024K, 57% used [0x00000000ec000000,0x00000000ec092400,0x00000000ec100000)
  to   space 1536K, 0% used [0x00000000ec180000,0x00000000ec180000,0x00000000ec300000)
 ParOldGen       total 68608K, used 29751K [0x00000000c0000000, 0x00000000c4300000, 0x00000000eab00000)
  object space 68608K, 43% used [0x00000000c0000000,0x00000000c1d0dfd8,0x00000000c4300000)
 Metaspace       used 34849K, committed 35840K, reserved 1114112K
  class space    used 3431K, committed 3904K, reserved 1048576K
}
Event: 6.363 GC heap before
{Heap before GC invocations=19 (full 2):
 PSYoungGen      total 22016K, used 585K [0x00000000eab00000, 0x00000000ec300000, 0x0000000100000000)
  eden space 20992K, 0% used [0x00000000eab00000,0x00000000eab00000,0x00000000ebf80000)
  from space 1024K, 57% used [0x00000000ec000000,0x00000000ec092400,0x00000000ec100000)
  to   space 1536K, 0% used [0x00000000ec180000,0x00000000ec180000,0x00000000ec300000)
 ParOldGen       total 68608K, used 29751K [0x00000000c0000000, 0x00000000c4300000, 0x00000000eab00000)
  object space 68608K, 43% used [0x00000000c0000000,0x00000000c1d0dfd8,0x00000000c4300000)
 Metaspace       used 34849K, committed 35840K, reserved 1114112K
  class space    used 3431K, committed 3904K, reserved 1048576K
}
Event: 6.436 GC heap after
{Heap after GC invocations=19 (full 2):
 PSYoungGen      total 22016K, used 0K [0x00000000eab00000, 0x00000000ec300000, 0x0000000100000000)
  eden space 20992K, 0% used [0x00000000eab00000,0x00000000eab00000,0x00000000ebf80000)
  from space 1024K, 0% used [0x00000000ec000000,0x00000000ec000000,0x00000000ec100000)
  to   space 1536K, 0% used [0x00000000ec180000,0x00000000ec180000,0x00000000ec300000)
 ParOldGen       total 68608K, used 28073K [0x00000000c0000000, 0x00000000c4300000, 0x00000000eab00000)
  object space 68608K, 40% used [0x00000000c0000000,0x00000000c1b6a7a0,0x00000000c4300000)
 Metaspace       used 34802K, committed 35840K, reserved 1114112K
  class space    used 3417K, committed 3904K, reserved 1048576K
}
Event: 7.029 GC heap before
{Heap before GC invocations=20 (full 2):
 PSYoungGen      total 22016K, used 20938K [0x00000000eab00000, 0x00000000ec300000, 0x0000000100000000)
  eden space 20992K, 99% used [0x00000000eab00000,0x00000000ebf72af0,0x00000000ebf80000)
  from space 1024K, 0% used [0x00000000ec000000,0x00000000ec000000,0x00000000ec100000)
  to   space 1536K, 0% used [0x00000000ec180000,0x00000000ec180000,0x00000000ec300000)
 ParOldGen       total 68608K, used 28073K [0x00000000c0000000, 0x00000000c4300000, 0x00000000eab00000)
  object space 68608K, 40% used [0x00000000c0000000,0x00000000c1b6a7a0,0x00000000c4300000)
 Metaspace       used 36526K, committed 37568K, reserved 1114112K
  class space    used 3579K, committed 4032K, reserved 1048576K
}
Event: 7.033 GC heap after
{Heap after GC invocations=20 (full 2):
 PSYoungGen      total 22016K, used 656K [0x00000000eab00000, 0x00000000ec280000, 0x0000000100000000)
  eden space 20992K, 0% used [0x00000000eab00000,0x00000000eab00000,0x00000000ebf80000)
  from space 1024K, 64% used [0x00000000ec180000,0x00000000ec224010,0x00000000ec280000)
  to   space 1024K, 0% used [0x00000000ec000000,0x00000000ec000000,0x00000000ec100000)
 ParOldGen       total 68608K, used 28081K [0x00000000c0000000, 0x00000000c4300000, 0x00000000eab00000)
  object space 68608K, 40% used [0x00000000c0000000,0x00000000c1b6c7a0,0x00000000c4300000)
 Metaspace       used 36526K, committed 37568K, reserved 1114112K
  class space    used 3579K, committed 4032K, reserved 1048576K
}
Event: 7.578 GC heap before
{Heap before GC invocations=21 (full 2):
 PSYoungGen      total 22016K, used 21648K [0x00000000eab00000, 0x00000000ec280000, 0x0000000100000000)
  eden space 20992K, 100% used [0x00000000eab00000,0x00000000ebf80000,0x00000000ebf80000)
  from space 1024K, 64% used [0x00000000ec180000,0x00000000ec224010,0x00000000ec280000)
  to   space 1024K, 0% used [0x00000000ec000000,0x00000000ec000000,0x00000000ec100000)
 ParOldGen       total 68608K, used 28081K [0x00000000c0000000, 0x00000000c4300000, 0x00000000eab00000)
  object space 68608K, 40% used [0x00000000c0000000,0x00000000c1b6c7a0,0x00000000c4300000)
 Metaspace       used 37943K, committed 38912K, reserved 1114112K
  class space    used 3703K, committed 4160K, reserved 1048576K
}
Event: 7.580 GC heap after
{Heap after GC invocations=21 (full 2):
 PSYoungGen      total 22016K, used 1014K [0x00000000eab00000, 0x00000000ec380000, 0x0000000100000000)
  eden space 20992K, 0% used [0x00000000eab00000,0x00000000eab00000,0x00000000ebf80000)
  from space 1024K, 99% used [0x00000000ec000000,0x00000000ec0fdb48,0x00000000ec100000)
  to   space 2048K, 0% used [0x00000000ec180000,0x00000000ec180000,0x00000000ec380000)
 ParOldGen       total 68608K, used 28836K [0x00000000c0000000, 0x00000000c4300000, 0x00000000eab00000)
  object space 68608K, 42% used [0x00000000c0000000,0x00000000c1c292c0,0x00000000c4300000)
 Metaspace       used 37943K, committed 38912K, reserved 1114112K
  class space    used 3703K, committed 4160K, reserved 1048576K
}
Event: 7.724 GC heap before
{Heap before GC invocations=22 (full 2):
 PSYoungGen      total 22016K, used 22006K [0x00000000eab00000, 0x00000000ec380000, 0x0000000100000000)
  eden space 20992K, 100% used [0x00000000eab00000,0x00000000ebf80000,0x00000000ebf80000)
  from space 1024K, 99% used [0x00000000ec000000,0x00000000ec0fdb48,0x00000000ec100000)
  to   space 2048K, 0% used [0x00000000ec180000,0x00000000ec180000,0x00000000ec380000)
 ParOldGen       total 68608K, used 28836K [0x00000000c0000000, 0x00000000c4300000, 0x00000000eab00000)
  object space 68608K, 42% used [0x00000000c0000000,0x00000000c1c292c0,0x00000000c4300000)
 Metaspace       used 37970K, committed 38976K, reserved 1114112K
  class space    used 3703K, committed 4160K, reserved 1048576K
}
Event: 7.726 GC heap after
{Heap after GC invocations=22 (full 2):
 PSYoungGen      total 22016K, used 745K [0x00000000eab00000, 0x00000000ec280000, 0x0000000100000000)
  eden space 20992K, 0% used [0x00000000eab00000,0x00000000eab00000,0x00000000ebf80000)
  from space 1024K, 72% used [0x00000000ec180000,0x00000000ec23a508,0x00000000ec280000)
  to   space 1536K, 0% used [0x00000000ebf80000,0x00000000ebf80000,0x00000000ec100000)
 ParOldGen       total 68608K, used 30014K [0x00000000c0000000, 0x00000000c4300000, 0x00000000eab00000)
  object space 68608K, 43% used [0x00000000c0000000,0x00000000c1d4f940,0x00000000c4300000)
 Metaspace       used 37970K, committed 38976K, reserved 1114112K
  class space    used 3703K, committed 4160K, reserved 1048576K
}
Event: 7.952 GC heap before
{Heap before GC invocations=23 (full 2):
 PSYoungGen      total 22016K, used 21737K [0x00000000eab00000, 0x00000000ec280000, 0x0000000100000000)
  eden space 20992K, 100% used [0x00000000eab00000,0x00000000ebf80000,0x00000000ebf80000)
  from space 1024K, 72% used [0x00000000ec180000,0x00000000ec23a508,0x00000000ec280000)
  to   space 1536K, 0% used [0x00000000ebf80000,0x00000000ebf80000,0x00000000ec100000)
 ParOldGen       total 68608K, used 30025K [0x00000000c0000000, 0x00000000c4300000, 0x00000000eab00000)
  object space 68608K, 43% used [0x00000000c0000000,0x00000000c1d52530,0x00000000c4300000)
 Metaspace       used 39583K, committed 40640K, reserved 1114112K
  class space    used 3859K, committed 4352K, reserved 1048576K
}
Event: 7.955 GC heap after
{Heap after GC invocations=23 (full 2):
 PSYoungGen      total 22528K, used 816K [0x00000000eab00000, 0x00000000ec200000, 0x0000000100000000)
  eden space 20992K, 0% used [0x00000000eab00000,0x00000000eab00000,0x00000000ebf80000)
  from space 1536K, 53% used [0x00000000ebf80000,0x00000000ec04c010,0x00000000ec100000)
  to   space 1024K, 0% used [0x00000000ec100000,0x00000000ec100000,0x00000000ec200000)
 ParOldGen       total 68608K, used 30257K [0x00000000c0000000, 0x00000000c4300000, 0x00000000eab00000)
  object space 68608K, 44% used [0x00000000c0000000,0x00000000c1d8c530,0x00000000c4300000)
 Metaspace       used 39583K, committed 40640K, reserved 1114112K
  class space    used 3859K, committed 4352K, reserved 1048576K
}
Event: 8.753 GC heap before
{Heap before GC invocations=24 (full 2):
 PSYoungGen      total 22528K, used 21808K [0x00000000eab00000, 0x00000000ec200000, 0x0000000100000000)
  eden space 20992K, 100% used [0x00000000eab00000,0x00000000ebf80000,0x00000000ebf80000)
  from space 1536K, 53% used [0x00000000ebf80000,0x00000000ec04c010,0x00000000ec100000)
  to   space 1024K, 0% used [0x00000000ec100000,0x00000000ec100000,0x00000000ec200000)
 ParOldGen       total 68608K, used 30260K [0x00000000c0000000, 0x00000000c4300000, 0x00000000eab00000)
  object space 68608K, 44% used [0x00000000c0000000,0x00000000c1d8d038,0x00000000c4300000)
 Metaspace       used 41940K, committed 43072K, reserved 1114112K
  class space    used 4100K, committed 4608K, reserved 1048576K
}
Event: 8.759 GC heap after
{Heap after GC invocations=24 (full 2):
 PSYoungGen      total 19968K, used 1013K [0x00000000eab00000, 0x00000000ec680000, 0x0000000100000000)
  eden space 18944K, 0% used [0x00000000eab00000,0x00000000eab00000,0x00000000ebd80000)
  from space 1024K, 99% used [0x00000000ec100000,0x00000000ec1fd7e8,0x00000000ec200000)
  to   space 3584K, 0% used [0x00000000ebd80000,0x00000000ebd80000,0x00000000ec100000)
 ParOldGen       total 68608K, used 32228K [0x00000000c0000000, 0x00000000c4300000, 0x00000000eab00000)
  object space 68608K, 46% used [0x00000000c0000000,0x00000000c1f79378,0x00000000c4300000)
 Metaspace       used 41940K, committed 43072K, reserved 1114112K
  class space    used 4100K, committed 4608K, reserved 1048576K
}
Event: 45.130 GC heap before
{Heap before GC invocations=25 (full 2):
 PSYoungGen      total 19968K, used 19952K [0x00000000eab00000, 0x00000000ec680000, 0x0000000100000000)
  eden space 18944K, 99% used [0x00000000eab00000,0x00000000ebd7ebf0,0x00000000ebd80000)
  from space 1024K, 99% used [0x00000000ec100000,0x00000000ec1fd7e8,0x00000000ec200000)
  to   space 3584K, 0% used [0x00000000ebd80000,0x00000000ebd80000,0x00000000ec100000)
 ParOldGen       total 68608K, used 32228K [0x00000000c0000000, 0x00000000c4300000, 0x00000000eab00000)
  object space 68608K, 46% used [0x00000000c0000000,0x00000000c1f79378,0x00000000c4300000)
 Metaspace       used 43599K, committed 44608K, reserved 1114112K
  class space    used 4219K, committed 4672K, reserved 1048576K
}
Event: 45.151 GC heap after
{Heap after GC invocations=25 (full 2):
 PSYoungGen      total 21504K, used 2230K [0x00000000eab00000, 0x00000000ec280000, 0x0000000100000000)
  eden space 18944K, 0% used [0x00000000eab00000,0x00000000eab00000,0x00000000ebd80000)
  from space 2560K, 87% used [0x00000000ebd80000,0x00000000ebfad9e0,0x00000000ec000000)
  to   space 2560K, 0% used [0x00000000ec000000,0x00000000ec000000,0x00000000ec280000)
 ParOldGen       total 68608K, used 33228K [0x00000000c0000000, 0x00000000c4300000, 0x00000000eab00000)
  object space 68608K, 48% used [0x00000000c0000000,0x00000000c20731c0,0x00000000c4300000)
 Metaspace       used 43599K, committed 44608K, reserved 1114112K
  class space    used 4219K, committed 4672K, reserved 1048576K
}

