# JRE version: OpenJDK Runtime Environment Temurin-21.0.7+6 (21.0.7+6) (build 21.0.7+6-LTS)
# Java VM: OpenJDK 64-Bit Server VM Temurin-21.0.7+6 (21.0.7+6-LTS, mixed mode, sharing, tiered, compressed oops, compressed class ptrs, parallel gc, windows-amd64)
GC Precious Log:
 CardTable entry size: 512
 CPUs: 16 total, 16 available
 Memory: 5996M
 Large Page Support: Disabled
 NUMA Support: Disabled
 Compressed Oops: Enabled (32-bit)
 Alignments: Space 512K, Generation 512K, Heap 2M
 Heap Min Capacity: 100M
 Heap Initial Capacity: 100M
 Heap Max Capacity: 1G
 Pre-touch: Disabled
 Parallel Workers: 13
Heap:
 PSYoungGen      total 5632K, used 3424K [0x00000000eab00000, 0x00000000eb200000, 0x0000000100000000)
  eden space 4608K, 57% used [0x00000000eab00000,0x00000000ead933c8,0x00000000eaf80000)
  from space 1024K, 76% used [0x00000000eb100000,0x00000000eb1c4dd8,0x00000000eb200000)
  to   space 1024K, 0% used [0x00000000eb000000,0x00000000eb000000,0x00000000eb100000)
 ParOldGen       total 358400K, used 358338K [0x00000000c0000000, 0x00000000d5e00000, 0x00000000eab00000)
  object space 358400K, 99% used [0x00000000c0000000,0x00000000d5df0838,0x00000000d5e00000)
 Metaspace       used 62644K, committed 64064K, reserved 1114112K
  class space    used 6230K, committed 6848K, reserved 1048576K
GC Heap History (20 events):
Event: 12.193 GC heap before
{Heap before GC invocations=250 (full 3):
 PSYoungGen      total 5120K, used 4768K [0x00000000eab00000, 0x00000000eb200000, 0x0000000100000000)
  eden space 4096K, 100% used [0x00000000eab00000,0x00000000eaf00000,0x00000000eaf00000)
  from space 1024K, 65% used [0x00000000eb100000,0x00000000eb1a8000,0x00000000eb200000)
  to   space 1024K, 0% used [0x00000000eb000000,0x00000000eb000000,0x00000000eb100000)
 ParOldGen       total 351232K, used 350929K [0x00000000c0000000, 0x00000000d5700000, 0x00000000eab00000)
  object space 351232K, 99% used [0x00000000c0000000,0x00000000d56b4438,0x00000000d5700000)
 Metaspace       used 62279K, committed 63680K, reserved 1114112K
  class space    used 6222K, committed 6848K, reserved 1048576K
}
Event: 12.196 GC heap after
{Heap after GC invocations=250 (full 3):
 PSYoungGen      total 5120K, used 1024K [0x00000000eab00000, 0x00000000eb200000, 0x0000000100000000)
  eden space 4096K, 0% used [0x00000000eab00000,0x00000000eab00000,0x00000000eaf00000)
  from space 1024K, 100% used [0x00000000eb000000,0x00000000eb100000,0x00000000eb100000)
  to   space 1024K, 0% used [0x00000000eb100000,0x00000000eb100000,0x00000000eb200000)
 ParOldGen       total 351744K, used 351289K [0x00000000c0000000, 0x00000000d5780000, 0x00000000eab00000)
  object space 351744K, 99% used [0x00000000c0000000,0x00000000d570e438,0x00000000d5780000)
 Metaspace       used 62279K, committed 63680K, reserved 1114112K
  class space    used 6222K, committed 6848K, reserved 1048576K
}
Event: 12.209 GC heap before
{Heap before GC invocations=251 (full 3):
 PSYoungGen      total 5120K, used 5120K [0x00000000eab00000, 0x00000000eb200000, 0x0000000100000000)
  eden space 4096K, 100% used [0x00000000eab00000,0x00000000eaf00000,0x00000000eaf00000)
  from space 1024K, 100% used [0x00000000eb000000,0x00000000eb100000,0x00000000eb100000)
  to   space 1024K, 0% used [0x00000000eb100000,0x00000000eb100000,0x00000000eb200000)
 ParOldGen       total 351744K, used 351289K [0x00000000c0000000, 0x00000000d5780000, 0x00000000eab00000)
  object space 351744K, 99% used [0x00000000c0000000,0x00000000d570e438,0x00000000d5780000)
 Metaspace       used 62295K, committed 63680K, reserved 1114112K
  class space    used 6222K, committed 6848K, reserved 1048576K
}
Event: 12.212 GC heap after
{Heap after GC invocations=251 (full 3):
 PSYoungGen      total 5120K, used 736K [0x00000000eab00000, 0x00000000eb200000, 0x0000000100000000)
  eden space 4096K, 0% used [0x00000000eab00000,0x00000000eab00000,0x00000000eaf00000)
  from space 1024K, 71% used [0x00000000eb100000,0x00000000eb1b8000,0x00000000eb200000)
  to   space 1024K, 0% used [0x00000000eb000000,0x00000000eb000000,0x00000000eb100000)
 ParOldGen       total 352256K, used 352075K [0x00000000c0000000, 0x00000000d5800000, 0x00000000eab00000)
  object space 352256K, 99% used [0x00000000c0000000,0x00000000d57d2ef0,0x00000000d5800000)
 Metaspace       used 62295K, committed 63680K, reserved 1114112K
  class space    used 6222K, committed 6848K, reserved 1048576K
}
Event: 12.226 GC heap before
{Heap before GC invocations=252 (full 3):
 PSYoungGen      total 5120K, used 4831K [0x00000000eab00000, 0x00000000eb200000, 0x0000000100000000)
  eden space 4096K, 99% used [0x00000000eab00000,0x00000000eaefffe8,0x00000000eaf00000)
  from space 1024K, 71% used [0x00000000eb100000,0x00000000eb1b8000,0x00000000eb200000)
  to   space 1024K, 0% used [0x00000000eb000000,0x00000000eb000000,0x00000000eb100000)
 ParOldGen       total 352256K, used 352075K [0x00000000c0000000, 0x00000000d5800000, 0x00000000eab00000)
  object space 352256K, 99% used [0x00000000c0000000,0x00000000d57d2ef0,0x00000000d5800000)
 Metaspace       used 62358K, committed 63744K, reserved 1114112K
  class space    used 6222K, committed 6848K, reserved 1048576K
}
Event: 12.229 GC heap after
{Heap after GC invocations=252 (full 3):
 PSYoungGen      total 5120K, used 723K [0x00000000eab00000, 0x00000000eb180000, 0x0000000100000000)
  eden space 4096K, 0% used [0x00000000eab00000,0x00000000eab00000,0x00000000eaf00000)
  from space 1024K, 70% used [0x00000000eb000000,0x00000000eb0b4fd0,0x00000000eb100000)
  to   space 512K, 0% used [0x00000000eb100000,0x00000000eb100000,0x00000000eb180000)
 ParOldGen       total 352768K, used 352539K [0x00000000c0000000, 0x00000000d5880000, 0x00000000eab00000)
  object space 352768K, 99% used [0x00000000c0000000,0x00000000d5846ef0,0x00000000d5880000)
 Metaspace       used 62358K, committed 63744K, reserved 1114112K
  class space    used 6222K, committed 6848K, reserved 1048576K
}
Event: 12.245 GC heap before
{Heap before GC invocations=253 (full 3):
 PSYoungGen      total 5120K, used 4819K [0x00000000eab00000, 0x00000000eb180000, 0x0000000100000000)
  eden space 4096K, 100% used [0x00000000eab00000,0x00000000eaf00000,0x00000000eaf00000)
  from space 1024K, 70% used [0x00000000eb000000,0x00000000eb0b4fd0,0x00000000eb100000)
  to   space 512K, 0% used [0x00000000eb100000,0x00000000eb100000,0x00000000eb180000)
 ParOldGen       total 352768K, used 352539K [0x00000000c0000000, 0x00000000d5880000, 0x00000000eab00000)
  object space 352768K, 99% used [0x00000000c0000000,0x00000000d5846ef0,0x00000000d5880000)
 Metaspace       used 62371K, committed 63744K, reserved 1114112K
  class space    used 6223K, committed 6848K, reserved 1048576K
}
Event: 12.248 GC heap after
{Heap after GC invocations=253 (full 3):
 PSYoungGen      total 4608K, used 512K [0x00000000eab00000, 0x00000000eb180000, 0x0000000100000000)
  eden space 4096K, 0% used [0x00000000eab00000,0x00000000eab00000,0x00000000eaf00000)
  from space 512K, 100% used [0x00000000eb100000,0x00000000eb180000,0x00000000eb180000)
  to   space 1024K, 0% used [0x00000000eaf80000,0x00000000eaf80000,0x00000000eb080000)
 ParOldGen       total 353280K, used 352963K [0x00000000c0000000, 0x00000000d5900000, 0x00000000eab00000)
  object space 353280K, 99% used [0x00000000c0000000,0x00000000d58b0ed0,0x00000000d5900000)
 Metaspace       used 62371K, committed 63744K, reserved 1114112K
  class space    used 6223K, committed 6848K, reserved 1048576K
}
Event: 12.266 GC heap before
{Heap before GC invocations=254 (full 3):
 PSYoungGen      total 4608K, used 4608K [0x00000000eab00000, 0x00000000eb180000, 0x0000000100000000)
  eden space 4096K, 100% used [0x00000000eab00000,0x00000000eaf00000,0x00000000eaf00000)
  from space 512K, 100% used [0x00000000eb100000,0x00000000eb180000,0x00000000eb180000)
  to   space 1024K, 0% used [0x00000000eaf80000,0x00000000eaf80000,0x00000000eb080000)
 ParOldGen       total 353280K, used 352963K [0x00000000c0000000, 0x00000000d5900000, 0x00000000eab00000)
  object space 353280K, 99% used [0x00000000c0000000,0x00000000d58b0ed0,0x00000000d5900000)
 Metaspace       used 62403K, committed 63808K, reserved 1114112K
  class space    used 6223K, committed 6848K, reserved 1048576K
}
Event: 12.269 GC heap after
{Heap after GC invocations=254 (full 3):
 PSYoungGen      total 5120K, used 1008K [0x00000000eab00000, 0x00000000eb200000, 0x0000000100000000)
  eden space 4096K, 0% used [0x00000000eab00000,0x00000000eab00000,0x00000000eaf00000)
  from space 1024K, 98% used [0x00000000eaf80000,0x00000000eb07c010,0x00000000eb080000)
  to   space 1536K, 0% used [0x00000000eb080000,0x00000000eb080000,0x00000000eb200000)
 ParOldGen       total 353792K, used 353309K [0x00000000c0000000, 0x00000000d5980000, 0x00000000eab00000)
  object space 353792K, 99% used [0x00000000c0000000,0x00000000d5907430,0x00000000d5980000)
 Metaspace       used 62403K, committed 63808K, reserved 1114112K
  class space    used 6223K, committed 6848K, reserved 1048576K
}
Event: 12.279 GC heap before
{Heap before GC invocations=255 (full 3):
 PSYoungGen      total 5120K, used 5104K [0x00000000eab00000, 0x00000000eb200000, 0x0000000100000000)
  eden space 4096K, 100% used [0x00000000eab00000,0x00000000eaf00000,0x00000000eaf00000)
  from space 1024K, 98% used [0x00000000eaf80000,0x00000000eb07c010,0x00000000eb080000)
  to   space 1536K, 0% used [0x00000000eb080000,0x00000000eb080000,0x00000000eb200000)
 ParOldGen       total 353792K, used 353309K [0x00000000c0000000, 0x00000000d5980000, 0x00000000eab00000)
  object space 353792K, 99% used [0x00000000c0000000,0x00000000d5907430,0x00000000d5980000)
 Metaspace       used 62425K, committed 63808K, reserved 1114112K
  class space    used 6227K, committed 6848K, reserved 1048576K
}
Event: 12.283 GC heap after
{Heap after GC invocations=255 (full 3):
 PSYoungGen      total 5632K, used 1344K [0x00000000eab00000, 0x00000000eb200000, 0x0000000100000000)
  eden space 4096K, 0% used [0x00000000eab00000,0x00000000eab00000,0x00000000eaf00000)
  from space 1536K, 87% used [0x00000000eb080000,0x00000000eb1d0000,0x00000000eb200000)
  to   space 1536K, 0% used [0x00000000eaf00000,0x00000000eaf00000,0x00000000eb080000)
 ParOldGen       total 354304K, used 354021K [0x00000000c0000000, 0x00000000d5a00000, 0x00000000eab00000)
  object space 354304K, 99% used [0x00000000c0000000,0x00000000d59b9428,0x00000000d5a00000)
 Metaspace       used 62425K, committed 63808K, reserved 1114112K
  class space    used 6227K, committed 6848K, reserved 1048576K
}
Event: 12.295 GC heap before
{Heap before GC invocations=256 (full 3):
 PSYoungGen      total 5632K, used 5432K [0x00000000eab00000, 0x00000000eb200000, 0x0000000100000000)
  eden space 4096K, 99% used [0x00000000eab00000,0x00000000eaefe2a8,0x00000000eaf00000)
  from space 1536K, 87% used [0x00000000eb080000,0x00000000eb1d0000,0x00000000eb200000)
  to   space 1536K, 0% used [0x00000000eaf00000,0x00000000eaf00000,0x00000000eb080000)
 ParOldGen       total 354304K, used 354021K [0x00000000c0000000, 0x00000000d5a00000, 0x00000000eab00000)
  object space 354304K, 99% used [0x00000000c0000000,0x00000000d59b9428,0x00000000d5a00000)
 Metaspace       used 62454K, committed 63808K, reserved 1114112K
  class space    used 6227K, committed 6848K, reserved 1048576K
}
Event: 12.298 GC heap after
{Heap after GC invocations=256 (full 3):
 PSYoungGen      total 5632K, used 659K [0x00000000eab00000, 0x00000000eb200000, 0x0000000100000000)
  eden space 4096K, 0% used [0x00000000eab00000,0x00000000eab00000,0x00000000eaf00000)
  from space 1536K, 42% used [0x00000000eaf00000,0x00000000eafa4fd0,0x00000000eb080000)
  to   space 1024K, 0% used [0x00000000eb100000,0x00000000eb100000,0x00000000eb200000)
 ParOldGen       total 355328K, used 355181K [0x00000000c0000000, 0x00000000d5b00000, 0x00000000eab00000)
  object space 355328K, 99% used [0x00000000c0000000,0x00000000d5adb428,0x00000000d5b00000)
 Metaspace       used 62454K, committed 63808K, reserved 1114112K
  class space    used 6227K, committed 6848K, reserved 1048576K
}
Event: 12.333 GC heap before
{Heap before GC invocations=257 (full 3):
 PSYoungGen      total 5632K, used 4755K [0x00000000eab00000, 0x00000000eb200000, 0x0000000100000000)
  eden space 4096K, 99% used [0x00000000eab00000,0x00000000eaeffff8,0x00000000eaf00000)
  from space 1536K, 42% used [0x00000000eaf00000,0x00000000eafa4fd0,0x00000000eb080000)
  to   space 1024K, 0% used [0x00000000eb100000,0x00000000eb100000,0x00000000eb200000)
 ParOldGen       total 355328K, used 355181K [0x00000000c0000000, 0x00000000d5b00000, 0x00000000eab00000)
  object space 355328K, 99% used [0x00000000c0000000,0x00000000d5adb428,0x00000000d5b00000)
 Metaspace       used 62521K, committed 63936K, reserved 1114112K
  class space    used 6227K, committed 6848K, reserved 1048576K
}
Event: 12.337 GC heap after
{Heap after GC invocations=257 (full 3):
 PSYoungGen      total 4608K, used 1024K [0x00000000eab00000, 0x00000000eb400000, 0x0000000100000000)
  eden space 3584K, 0% used [0x00000000eab00000,0x00000000eab00000,0x00000000eae80000)
  from space 1024K, 100% used [0x00000000eb100000,0x00000000eb200000,0x00000000eb200000)
  to   space 2560K, 0% used [0x00000000eae80000,0x00000000eae80000,0x00000000eb100000)
 ParOldGen       total 356352K, used 356319K [0x00000000c0000000, 0x00000000d5c00000, 0x00000000eab00000)
  object space 356352K, 99% used [0x00000000c0000000,0x00000000d5bf7d80,0x00000000d5c00000)
 Metaspace       used 62521K, committed 63936K, reserved 1114112K
  class space    used 6227K, committed 6848K, reserved 1048576K
}
Event: 12.345 GC heap before
{Heap before GC invocations=258 (full 3):
 PSYoungGen      total 4608K, used 4608K [0x00000000eab00000, 0x00000000eb400000, 0x0000000100000000)
  eden space 3584K, 100% used [0x00000000eab00000,0x00000000eae80000,0x00000000eae80000)
  from space 1024K, 100% used [0x00000000eb100000,0x00000000eb200000,0x00000000eb200000)
  to   space 2560K, 0% used [0x00000000eae80000,0x00000000eae80000,0x00000000eb100000)
 ParOldGen       total 356352K, used 356319K [0x00000000c0000000, 0x00000000d5c00000, 0x00000000eab00000)
  object space 356352K, 99% used [0x00000000c0000000,0x00000000d5bf7d80,0x00000000d5c00000)
 Metaspace       used 62537K, committed 63936K, reserved 1114112K
  class space    used 6227K, committed 6848K, reserved 1048576K
}
Event: 12.349 GC heap after
{Heap after GC invocations=258 (full 3):
 PSYoungGen      total 6144K, used 864K [0x00000000eab00000, 0x00000000eb280000, 0x0000000100000000)
  eden space 3584K, 0% used [0x00000000eab00000,0x00000000eab00000,0x00000000eae80000)
  from space 2560K, 33% used [0x00000000eae80000,0x00000000eaf58000,0x00000000eb100000)
  to   space 1536K, 0% used [0x00000000eb100000,0x00000000eb100000,0x00000000eb280000)
 ParOldGen       total 357376K, used 357354K [0x00000000c0000000, 0x00000000d5d00000, 0x00000000eab00000)
  object space 357376K, 99% used [0x00000000c0000000,0x00000000d5cfa838,0x00000000d5d00000)
 Metaspace       used 62537K, committed 63936K, reserved 1114112K
  class space    used 6227K, committed 6848K, reserved 1048576K
}
Event: 12.356 GC heap before
{Heap before GC invocations=259 (full 3):
 PSYoungGen      total 6144K, used 4447K [0x00000000eab00000, 0x00000000eb280000, 0x0000000100000000)
  eden space 3584K, 99% used [0x00000000eab00000,0x00000000eae7fff8,0x00000000eae80000)
  from space 2560K, 33% used [0x00000000eae80000,0x00000000eaf58000,0x00000000eb100000)
  to   space 1536K, 0% used [0x00000000eb100000,0x00000000eb100000,0x00000000eb280000)
 ParOldGen       total 357376K, used 357354K [0x00000000c0000000, 0x00000000d5d00000, 0x00000000eab00000)
  object space 357376K, 99% used [0x00000000c0000000,0x00000000d5cfa838,0x00000000d5d00000)
 Metaspace       used 62552K, committed 63936K, reserved 1114112K
  class space    used 6227K, committed 6848K, reserved 1048576K
}
Event: 12.359 GC heap after
{Heap after GC invocations=259 (full 3):
 PSYoungGen      total 5120K, used 1520K [0x00000000eab00000, 0x00000000eb280000, 0x0000000100000000)
  eden space 3584K, 0% used [0x00000000eab00000,0x00000000eab00000,0x00000000eae80000)
  from space 1536K, 98% used [0x00000000eb100000,0x00000000eb27c000,0x00000000eb280000)
  to   space 2560K, 0% used [0x00000000eae80000,0x00000000eae80000,0x00000000eb100000)
 ParOldGen       total 357888K, used 357722K [0x00000000c0000000, 0x00000000d5d80000, 0x00000000eab00000)
  object space 357888K, 99% used [0x00000000c0000000,0x00000000d5d56838,0x00000000d5d80000)
 Metaspace       used 62552K, committed 63936K, reserved 1114112K
  class space    used 6227K, committed 6848K, reserved 1048576K
}

