# JRE version: OpenJDK Runtime Environment Temurin-21.0.7+6 (21.0.7+6) (build 21.0.7+6-LTS)
# Java VM: OpenJDK 64-Bit Server VM Temurin-21.0.7+6 (21.0.7+6-LTS, mixed mode, sharing, tiered, compressed oops, compressed class ptrs, parallel gc, windows-amd64)
GC Precious Log:
 CardTable entry size: 512
 CPUs: 16 total, 16 available
 Memory: 5996M
 Large Page Support: Disabled
 NUMA Support: Disabled
 Compressed Oops: Enabled (32-bit)
 Alignments: Space 512K, Generation 512K, Heap 2M
 Heap Min Capacity: 100M
 Heap Initial Capacity: 100M
 Heap Max Capacity: 1G
 Pre-touch: Disabled
 Parallel Workers: 13
Heap:
 PSYoungGen      total 6656K, used 6645K [0x00000000eab00000, 0x00000000eb780000, 0x0000000100000000)
  eden space 5632K, 100% used [0x00000000eab00000,0x00000000eb080000,0x00000000eb080000)
  from space 1024K, 99% used [0x00000000eb380000,0x00000000eb47d750,0x00000000eb480000)
  to   space 3072K, 40% used [0x00000000eb080000,0x00000000eb1b4f60,0x00000000eb380000)
 ParOldGen       total 206336K, used 206042K [0x00000000c0000000, 0x00000000cc980000, 0x00000000eab00000)
  object space 206336K, 99% used [0x00000000c0000000,0x00000000cc936a00,0x00000000cc980000)
 Metaspace       used 57332K, committed 58752K, reserved 1114112K
  class space    used 5867K, committed 6464K, reserved 1048576K
GC Heap History (20 events):
Event: 23.783 GC heap after
{Heap after GC invocations=81 (full 2):
 PSYoungGen      total 10240K, used 2040K [0x00000000eab00000, 0x00000000ebc00000, 0x0000000100000000)
  eden space 8192K, 0% used [0x00000000eab00000,0x00000000eab00000,0x00000000eb300000)
  from space 2048K, 99% used [0x00000000eb380000,0x00000000eb57e208,0x00000000eb580000)
  to   space 4608K, 0% used [0x00000000eb780000,0x00000000eb780000,0x00000000ebc00000)
 ParOldGen       total 188416K, used 187927K [0x00000000c0000000, 0x00000000cb800000, 0x00000000eab00000)
  object space 188416K, 99% used [0x00000000c0000000,0x00000000cb785cd0,0x00000000cb800000)
 Metaspace       used 56775K, committed 58240K, reserved 1114112K
  class space    used 5826K, committed 6464K, reserved 1048576K
}
Event: 23.865 GC heap before
{Heap before GC invocations=82 (full 2):
 PSYoungGen      total 10240K, used 10232K [0x00000000eab00000, 0x00000000ebc00000, 0x0000000100000000)
  eden space 8192K, 100% used [0x00000000eab00000,0x00000000eb300000,0x00000000eb300000)
  from space 2048K, 99% used [0x00000000eb380000,0x00000000eb57e208,0x00000000eb580000)
  to   space 4608K, 0% used [0x00000000eb780000,0x00000000eb780000,0x00000000ebc00000)
 ParOldGen       total 188416K, used 187927K [0x00000000c0000000, 0x00000000cb800000, 0x00000000eab00000)
  object space 188416K, 99% used [0x00000000c0000000,0x00000000cb785cd0,0x00000000cb800000)
 Metaspace       used 57046K, committed 58496K, reserved 1114112K
  class space    used 5855K, committed 6464K, reserved 1048576K
}
Event: 23.870 GC heap after
{Heap after GC invocations=82 (full 2):
 PSYoungGen      total 10240K, used 1865K [0x00000000eab00000, 0x00000000eb980000, 0x0000000100000000)
  eden space 8192K, 0% used [0x00000000eab00000,0x00000000eab00000,0x00000000eb300000)
  from space 2048K, 91% used [0x00000000eb780000,0x00000000eb952470,0x00000000eb980000)
  to   space 3072K, 0% used [0x00000000eb380000,0x00000000eb380000,0x00000000eb680000)
 ParOldGen       total 189952K, used 189901K [0x00000000c0000000, 0x00000000cb980000, 0x00000000eab00000)
  object space 189952K, 99% used [0x00000000c0000000,0x00000000cb973488,0x00000000cb980000)
 Metaspace       used 57046K, committed 58496K, reserved 1114112K
  class space    used 5855K, committed 6464K, reserved 1048576K
}
Event: 23.914 GC heap before
{Heap before GC invocations=83 (full 2):
 PSYoungGen      total 10240K, used 10057K [0x00000000eab00000, 0x00000000eb980000, 0x0000000100000000)
  eden space 8192K, 100% used [0x00000000eab00000,0x00000000eb300000,0x00000000eb300000)
  from space 2048K, 91% used [0x00000000eb780000,0x00000000eb952470,0x00000000eb980000)
  to   space 3072K, 0% used [0x00000000eb380000,0x00000000eb380000,0x00000000eb680000)
 ParOldGen       total 189952K, used 189901K [0x00000000c0000000, 0x00000000cb980000, 0x00000000eab00000)
  object space 189952K, 99% used [0x00000000c0000000,0x00000000cb973488,0x00000000cb980000)
 Metaspace       used 57117K, committed 58560K, reserved 1114112K
  class space    used 5864K, committed 6464K, reserved 1048576K
}
Event: 23.919 GC heap after
{Heap after GC invocations=83 (full 2):
 PSYoungGen      total 10752K, used 2053K [0x00000000eab00000, 0x00000000eb800000, 0x0000000100000000)
  eden space 8192K, 0% used [0x00000000eab00000,0x00000000eab00000,0x00000000eb300000)
  from space 2560K, 80% used [0x00000000eb380000,0x00000000eb581628,0x00000000eb600000)
  to   space 2048K, 0% used [0x00000000eb600000,0x00000000eb600000,0x00000000eb800000)
 ParOldGen       total 192000K, used 191577K [0x00000000c0000000, 0x00000000cbb80000, 0x00000000eab00000)
  object space 192000K, 99% used [0x00000000c0000000,0x00000000cbb16410,0x00000000cbb80000)
 Metaspace       used 57117K, committed 58560K, reserved 1114112K
  class space    used 5864K, committed 6464K, reserved 1048576K
}
Event: 23.976 GC heap before
{Heap before GC invocations=84 (full 2):
 PSYoungGen      total 10752K, used 10245K [0x00000000eab00000, 0x00000000eb800000, 0x0000000100000000)
  eden space 8192K, 100% used [0x00000000eab00000,0x00000000eb300000,0x00000000eb300000)
  from space 2560K, 80% used [0x00000000eb380000,0x00000000eb581628,0x00000000eb600000)
  to   space 2048K, 0% used [0x00000000eb600000,0x00000000eb600000,0x00000000eb800000)
 ParOldGen       total 192000K, used 191577K [0x00000000c0000000, 0x00000000cbb80000, 0x00000000eab00000)
  object space 192000K, 99% used [0x00000000c0000000,0x00000000cbb16410,0x00000000cbb80000)
 Metaspace       used 57150K, committed 58624K, reserved 1114112K
  class space    used 5865K, committed 6464K, reserved 1048576K
}
Event: 23.980 GC heap after
{Heap after GC invocations=84 (full 2):
 PSYoungGen      total 8704K, used 2043K [0x00000000eab00000, 0x00000000ebc00000, 0x0000000100000000)
  eden space 6656K, 0% used [0x00000000eab00000,0x00000000eab00000,0x00000000eb180000)
  from space 2048K, 99% used [0x00000000eb600000,0x00000000eb7fec40,0x00000000eb800000)
  to   space 4608K, 0% used [0x00000000eb180000,0x00000000eb180000,0x00000000eb600000)
 ParOldGen       total 193536K, used 193367K [0x00000000c0000000, 0x00000000cbd00000, 0x00000000eab00000)
  object space 193536K, 99% used [0x00000000c0000000,0x00000000cbcd5cd0,0x00000000cbd00000)
 Metaspace       used 57150K, committed 58624K, reserved 1114112K
  class space    used 5865K, committed 6464K, reserved 1048576K
}
Event: 24.022 GC heap before
{Heap before GC invocations=85 (full 2):
 PSYoungGen      total 8704K, used 8699K [0x00000000eab00000, 0x00000000ebc00000, 0x0000000100000000)
  eden space 6656K, 100% used [0x00000000eab00000,0x00000000eb180000,0x00000000eb180000)
  from space 2048K, 99% used [0x00000000eb600000,0x00000000eb7fec40,0x00000000eb800000)
  to   space 4608K, 0% used [0x00000000eb180000,0x00000000eb180000,0x00000000eb600000)
 ParOldGen       total 193536K, used 193367K [0x00000000c0000000, 0x00000000cbd00000, 0x00000000eab00000)
  object space 193536K, 99% used [0x00000000c0000000,0x00000000cbcd5cd0,0x00000000cbd00000)
 Metaspace       used 57181K, committed 58624K, reserved 1114112K
  class space    used 5865K, committed 6464K, reserved 1048576K
}
Event: 24.025 GC heap after
{Heap after GC invocations=85 (full 2):
 PSYoungGen      total 8704K, used 1587K [0x00000000eab00000, 0x00000000eb680000, 0x0000000100000000)
  eden space 6656K, 0% used [0x00000000eab00000,0x00000000eab00000,0x00000000eb180000)
  from space 2048K, 77% used [0x00000000eb180000,0x00000000eb30cf70,0x00000000eb380000)
  to   space 2560K, 0% used [0x00000000eb400000,0x00000000eb400000,0x00000000eb680000)
 ParOldGen       total 195584K, used 195248K [0x00000000c0000000, 0x00000000cbf00000, 0x00000000eab00000)
  object space 195584K, 99% used [0x00000000c0000000,0x00000000cbeac060,0x00000000cbf00000)
 Metaspace       used 57181K, committed 58624K, reserved 1114112K
  class space    used 5865K, committed 6464K, reserved 1048576K
}
Event: 24.058 GC heap before
{Heap before GC invocations=86 (full 2):
 PSYoungGen      total 8704K, used 8243K [0x00000000eab00000, 0x00000000eb680000, 0x0000000100000000)
  eden space 6656K, 100% used [0x00000000eab00000,0x00000000eb180000,0x00000000eb180000)
  from space 2048K, 77% used [0x00000000eb180000,0x00000000eb30cf70,0x00000000eb380000)
  to   space 2560K, 0% used [0x00000000eb400000,0x00000000eb400000,0x00000000eb680000)
 ParOldGen       total 195584K, used 195248K [0x00000000c0000000, 0x00000000cbf00000, 0x00000000eab00000)
  object space 195584K, 99% used [0x00000000c0000000,0x00000000cbeac060,0x00000000cbf00000)
 Metaspace       used 57194K, committed 58624K, reserved 1114112K
  class space    used 5865K, committed 6464K, reserved 1048576K
}
Event: 24.062 GC heap after
{Heap after GC invocations=86 (full 2):
 PSYoungGen      total 8192K, used 1534K [0x00000000eab00000, 0x00000000eb580000, 0x0000000100000000)
  eden space 6656K, 0% used [0x00000000eab00000,0x00000000eab00000,0x00000000eb180000)
  from space 1536K, 99% used [0x00000000eb400000,0x00000000eb57f8a8,0x00000000eb580000)
  to   space 2048K, 0% used [0x00000000eb180000,0x00000000eb180000,0x00000000eb380000)
 ParOldGen       total 197120K, used 196621K [0x00000000c0000000, 0x00000000cc080000, 0x00000000eab00000)
  object space 197120K, 99% used [0x00000000c0000000,0x00000000cc0036d8,0x00000000cc080000)
 Metaspace       used 57194K, committed 58624K, reserved 1114112K
  class space    used 5865K, committed 6464K, reserved 1048576K
}
Event: 24.111 GC heap before
{Heap before GC invocations=87 (full 2):
 PSYoungGen      total 8192K, used 8190K [0x00000000eab00000, 0x00000000eb580000, 0x0000000100000000)
  eden space 6656K, 100% used [0x00000000eab00000,0x00000000eb180000,0x00000000eb180000)
  from space 1536K, 99% used [0x00000000eb400000,0x00000000eb57f8a8,0x00000000eb580000)
  to   space 2048K, 0% used [0x00000000eb180000,0x00000000eb180000,0x00000000eb380000)
 ParOldGen       total 197120K, used 196621K [0x00000000c0000000, 0x00000000cc080000, 0x00000000eab00000)
  object space 197120K, 99% used [0x00000000c0000000,0x00000000cc0036d8,0x00000000cc080000)
 Metaspace       used 57254K, committed 58688K, reserved 1114112K
  class space    used 5866K, committed 6464K, reserved 1048576K
}
Event: 24.116 GC heap after
{Heap after GC invocations=87 (full 2):
 PSYoungGen      total 8704K, used 1969K [0x00000000eab00000, 0x00000000eb680000, 0x0000000100000000)
  eden space 6656K, 0% used [0x00000000eab00000,0x00000000eab00000,0x00000000eb180000)
  from space 2048K, 96% used [0x00000000eb180000,0x00000000eb36c4f8,0x00000000eb380000)
  to   space 2560K, 0% used [0x00000000eb400000,0x00000000eb400000,0x00000000eb680000)
 ParOldGen       total 198144K, used 198008K [0x00000000c0000000, 0x00000000cc180000, 0x00000000eab00000)
  object space 198144K, 99% used [0x00000000c0000000,0x00000000cc15e0e8,0x00000000cc180000)
 Metaspace       used 57254K, committed 58688K, reserved 1114112K
  class space    used 5866K, committed 6464K, reserved 1048576K
}
Event: 24.223 GC heap before
{Heap before GC invocations=88 (full 2):
 PSYoungGen      total 8704K, used 8611K [0x00000000eab00000, 0x00000000eb680000, 0x0000000100000000)
  eden space 6656K, 99% used [0x00000000eab00000,0x00000000eb17c9b0,0x00000000eb180000)
  from space 2048K, 96% used [0x00000000eb180000,0x00000000eb36c4f8,0x00000000eb380000)
  to   space 2560K, 0% used [0x00000000eb400000,0x00000000eb400000,0x00000000eb680000)
 ParOldGen       total 198144K, used 198008K [0x00000000c0000000, 0x00000000cc180000, 0x00000000eab00000)
  object space 198144K, 99% used [0x00000000c0000000,0x00000000cc15e0e8,0x00000000cc180000)
 Metaspace       used 57284K, committed 58752K, reserved 1114112K
  class space    used 5866K, committed 6464K, reserved 1048576K
}
Event: 24.237 GC heap after
{Heap after GC invocations=88 (full 2):
 PSYoungGen      total 7680K, used 838K [0x00000000eab00000, 0x00000000eb500000, 0x0000000100000000)
  eden space 6656K, 0% used [0x00000000eab00000,0x00000000eab00000,0x00000000eb180000)
  from space 1024K, 81% used [0x00000000eb400000,0x00000000eb4d1bb8,0x00000000eb500000)
  to   space 1536K, 0% used [0x00000000eb200000,0x00000000eb200000,0x00000000eb380000)
 ParOldGen       total 203264K, used 202884K [0x00000000c0000000, 0x00000000cc680000, 0x00000000eab00000)
  object space 203264K, 99% used [0x00000000c0000000,0x00000000cc621040,0x00000000cc680000)
 Metaspace       used 57284K, committed 58752K, reserved 1114112K
  class space    used 5866K, committed 6464K, reserved 1048576K
}
Event: 24.380 GC heap before
{Heap before GC invocations=89 (full 2):
 PSYoungGen      total 7680K, used 7494K [0x00000000eab00000, 0x00000000eb500000, 0x0000000100000000)
  eden space 6656K, 100% used [0x00000000eab00000,0x00000000eb180000,0x00000000eb180000)
  from space 1024K, 81% used [0x00000000eb400000,0x00000000eb4d1bb8,0x00000000eb500000)
  to   space 1536K, 0% used [0x00000000eb200000,0x00000000eb200000,0x00000000eb380000)
 ParOldGen       total 203264K, used 202884K [0x00000000c0000000, 0x00000000cc680000, 0x00000000eab00000)
  object space 203264K, 99% used [0x00000000c0000000,0x00000000cc621040,0x00000000cc680000)
 Metaspace       used 57322K, committed 58752K, reserved 1114112K
  class space    used 5867K, committed 6464K, reserved 1048576K
}
Event: 24.384 GC heap after
{Heap after GC invocations=89 (full 2):
 PSYoungGen      total 8192K, used 1224K [0x00000000eab00000, 0x00000000eb480000, 0x0000000100000000)
  eden space 6656K, 0% used [0x00000000eab00000,0x00000000eab00000,0x00000000eb180000)
  from space 1536K, 79% used [0x00000000eb200000,0x00000000eb332020,0x00000000eb380000)
  to   space 1024K, 0% used [0x00000000eb380000,0x00000000eb380000,0x00000000eb480000)
 ParOldGen       total 203776K, used 203553K [0x00000000c0000000, 0x00000000cc700000, 0x00000000eab00000)
  object space 203776K, 99% used [0x00000000c0000000,0x00000000cc6c84d0,0x00000000cc700000)
 Metaspace       used 57322K, committed 58752K, reserved 1114112K
  class space    used 5867K, committed 6464K, reserved 1048576K
}
Event: 24.412 GC heap before
{Heap before GC invocations=90 (full 2):
 PSYoungGen      total 8192K, used 7880K [0x00000000eab00000, 0x00000000eb480000, 0x0000000100000000)
  eden space 6656K, 100% used [0x00000000eab00000,0x00000000eb180000,0x00000000eb180000)
  from space 1536K, 79% used [0x00000000eb200000,0x00000000eb332020,0x00000000eb380000)
  to   space 1024K, 0% used [0x00000000eb380000,0x00000000eb380000,0x00000000eb480000)
 ParOldGen       total 203776K, used 203553K [0x00000000c0000000, 0x00000000cc700000, 0x00000000eab00000)
  object space 203776K, 99% used [0x00000000c0000000,0x00000000cc6c84d0,0x00000000cc700000)
 Metaspace       used 57329K, committed 58752K, reserved 1114112K
  class space    used 5867K, committed 6464K, reserved 1048576K
}
Event: 24.416 GC heap after
{Heap after GC invocations=90 (full 2):
 PSYoungGen      total 6656K, used 1013K [0x00000000eab00000, 0x00000000eb780000, 0x0000000100000000)
  eden space 5632K, 0% used [0x00000000eab00000,0x00000000eab00000,0x00000000eb080000)
  from space 1024K, 99% used [0x00000000eb380000,0x00000000eb47d750,0x00000000eb480000)
  to   space 3072K, 0% used [0x00000000eb080000,0x00000000eb080000,0x00000000eb380000)
 ParOldGen       total 205312K, used 205061K [0x00000000c0000000, 0x00000000cc880000, 0x00000000eab00000)
  object space 205312K, 99% used [0x00000000c0000000,0x00000000cc8417e8,0x00000000cc880000)
 Metaspace       used 57329K, committed 58752K, reserved 1114112K
  class space    used 5867K, committed 6464K, reserved 1048576K
}
Event: 24.432 GC heap before
{Heap before GC invocations=91 (full 2):
 PSYoungGen      total 6656K, used 6645K [0x00000000eab00000, 0x00000000eb780000, 0x0000000100000000)
  eden space 5632K, 100% used [0x00000000eab00000,0x00000000eb080000,0x00000000eb080000)
  from space 1024K, 99% used [0x00000000eb380000,0x00000000eb47d750,0x00000000eb480000)
  to   space 3072K, 0% used [0x00000000eb080000,0x00000000eb080000,0x00000000eb380000)
 ParOldGen       total 205312K, used 205061K [0x00000000c0000000, 0x00000000cc880000, 0x00000000eab00000)
  object space 205312K, 99% used [0x00000000c0000000,0x00000000cc8417e8,0x00000000cc880000)
 Metaspace       used 57332K, committed 58752K, reserved 1114112K
  class space    used 5867K, committed 6464K, reserved 1048576K
}

