# JRE version: OpenJDK Runtime Environment Temurin-21.0.7+6 (21.0.7+6) (build 21.0.7+6-LTS)
# Java VM: OpenJDK 64-Bit Server VM Temurin-21.0.7+6 (21.0.7+6-LTS, mixed mode, sharing, tiered, compressed oops, compressed class ptrs, parallel gc, windows-amd64)
GC Precious Log:
 CardTable entry size: 512
 CPUs: 16 total, 16 available
 Memory: 5996M
 Large Page Support: Disabled
 NUMA Support: Disabled
 Compressed Oops: Enabled (32-bit)
 Alignments: Space 512K, Generation 512K, Heap 2M
 Heap Min Capacity: 100M
 Heap Initial Capacity: 100M
 Heap Max Capacity: 1G
 Pre-touch: Disabled
 Parallel Workers: 13
Heap:
 PSYoungGen      total 20480K, used 19885K [0x00000000eab00000, 0x00000000ec300000, 0x0000000100000000)
  eden space 17920K, 97% used [0x00000000eab00000,0x00000000ebc11168,0x00000000ebc80000)
  from space 2560K, 94% used [0x00000000ebf80000,0x00000000ec1da3e8,0x00000000ec200000)
  to   space 1024K, 0% used [0x00000000ec200000,0x00000000ec200000,0x00000000ec300000)
 ParOldGen       total 74752K, used 74253K [0x00000000c0000000, 0x00000000c4900000, 0x00000000eab00000)
  object space 74752K, 99% used [0x00000000c0000000,0x00000000c48836a8,0x00000000c4900000)
 Metaspace       used 55476K, committed 56832K, reserved 1114112K
  class space    used 5738K, committed 6336K, reserved 1048576K
GC Heap History (20 events):
Event: 44.376 GC heap before
{Heap before GC invocations=30 (full 2):
 PSYoungGen      total 22528K, used 22246K [0x00000000eab00000, 0x00000000ec580000, 0x0000000100000000)
  eden space 18944K, 100% used [0x00000000eab00000,0x00000000ebd80000,0x00000000ebd80000)
  from space 3584K, 92% used [0x00000000ebd80000,0x00000000ec0b9b68,0x00000000ec100000)
  to   space 4096K, 0% used [0x00000000ec180000,0x00000000ec180000,0x00000000ec580000)
 ParOldGen       total 68608K, used 45171K [0x00000000c0000000, 0x00000000c4300000, 0x00000000eab00000)
  object space 68608K, 65% used [0x00000000c0000000,0x00000000c2c1ce88,0x00000000c4300000)
 Metaspace       used 51674K, committed 52928K, reserved 1114112K
  class space    used 5434K, committed 6016K, reserved 1048576K
}
Event: 44.383 GC heap after
{Heap after GC invocations=30 (full 2):
 PSYoungGen      total 22528K, used 3166K [0x00000000eab00000, 0x00000000ec500000, 0x0000000100000000)
  eden space 18944K, 0% used [0x00000000eab00000,0x00000000eab00000,0x00000000ebd80000)
  from space 3584K, 88% used [0x00000000ec180000,0x00000000ec497950,0x00000000ec500000)
  to   space 3584K, 0% used [0x00000000ebd80000,0x00000000ebd80000,0x00000000ec100000)
 ParOldGen       total 68608K, used 48128K [0x00000000c0000000, 0x00000000c4300000, 0x00000000eab00000)
  object space 68608K, 70% used [0x00000000c0000000,0x00000000c2f003c0,0x00000000c4300000)
 Metaspace       used 51674K, committed 52928K, reserved 1114112K
  class space    used 5434K, committed 6016K, reserved 1048576K
}
Event: 44.649 GC heap before
{Heap before GC invocations=31 (full 2):
 PSYoungGen      total 22528K, used 22110K [0x00000000eab00000, 0x00000000ec500000, 0x0000000100000000)
  eden space 18944K, 100% used [0x00000000eab00000,0x00000000ebd80000,0x00000000ebd80000)
  from space 3584K, 88% used [0x00000000ec180000,0x00000000ec497950,0x00000000ec500000)
  to   space 3584K, 0% used [0x00000000ebd80000,0x00000000ebd80000,0x00000000ec100000)
 ParOldGen       total 68608K, used 48128K [0x00000000c0000000, 0x00000000c4300000, 0x00000000eab00000)
  object space 68608K, 70% used [0x00000000c0000000,0x00000000c2f003c0,0x00000000c4300000)
 Metaspace       used 51973K, committed 53248K, reserved 1114112K
  class space    used 5459K, committed 6016K, reserved 1048576K
}
Event: 44.655 GC heap after
{Heap after GC invocations=31 (full 2):
 PSYoungGen      total 22528K, used 3561K [0x00000000eab00000, 0x00000000ec580000, 0x0000000100000000)
  eden space 18944K, 0% used [0x00000000eab00000,0x00000000eab00000,0x00000000ebd80000)
  from space 3584K, 99% used [0x00000000ebd80000,0x00000000ec0fa780,0x00000000ec100000)
  to   space 4096K, 0% used [0x00000000ec180000,0x00000000ec180000,0x00000000ec580000)
 ParOldGen       total 68608K, used 50978K [0x00000000c0000000, 0x00000000c4300000, 0x00000000eab00000)
  object space 68608K, 74% used [0x00000000c0000000,0x00000000c31c8918,0x00000000c4300000)
 Metaspace       used 51973K, committed 53248K, reserved 1114112K
  class space    used 5459K, committed 6016K, reserved 1048576K
}
Event: 44.863 GC heap before
{Heap before GC invocations=32 (full 2):
 PSYoungGen      total 22528K, used 22505K [0x00000000eab00000, 0x00000000ec580000, 0x0000000100000000)
  eden space 18944K, 100% used [0x00000000eab00000,0x00000000ebd80000,0x00000000ebd80000)
  from space 3584K, 99% used [0x00000000ebd80000,0x00000000ec0fa780,0x00000000ec100000)
  to   space 4096K, 0% used [0x00000000ec180000,0x00000000ec180000,0x00000000ec580000)
 ParOldGen       total 68608K, used 50978K [0x00000000c0000000, 0x00000000c4300000, 0x00000000eab00000)
  object space 68608K, 74% used [0x00000000c0000000,0x00000000c31c8918,0x00000000c4300000)
 Metaspace       used 52248K, committed 53568K, reserved 1114112K
  class space    used 5487K, committed 6080K, reserved 1048576K
}
Event: 44.870 GC heap after
{Heap after GC invocations=32 (full 2):
 PSYoungGen      total 22528K, used 4091K [0x00000000eab00000, 0x00000000ec680000, 0x0000000100000000)
  eden space 18432K, 0% used [0x00000000eab00000,0x00000000eab00000,0x00000000ebd00000)
  from space 4096K, 99% used [0x00000000ec180000,0x00000000ec57ecb0,0x00000000ec580000)
  to   space 4608K, 0% used [0x00000000ebd00000,0x00000000ebd00000,0x00000000ec180000)
 ParOldGen       total 68608K, used 54210K [0x00000000c0000000, 0x00000000c4300000, 0x00000000eab00000)
  object space 68608K, 79% used [0x00000000c0000000,0x00000000c34f09d0,0x00000000c4300000)
 Metaspace       used 52248K, committed 53568K, reserved 1114112K
  class space    used 5487K, committed 6080K, reserved 1048576K
}
Event: 45.072 GC heap before
{Heap before GC invocations=33 (full 2):
 PSYoungGen      total 22528K, used 22523K [0x00000000eab00000, 0x00000000ec680000, 0x0000000100000000)
  eden space 18432K, 100% used [0x00000000eab00000,0x00000000ebd00000,0x00000000ebd00000)
  from space 4096K, 99% used [0x00000000ec180000,0x00000000ec57ecb0,0x00000000ec580000)
  to   space 4608K, 0% used [0x00000000ebd00000,0x00000000ebd00000,0x00000000ec180000)
 ParOldGen       total 68608K, used 54210K [0x00000000c0000000, 0x00000000c4300000, 0x00000000eab00000)
  object space 68608K, 79% used [0x00000000c0000000,0x00000000c34f09d0,0x00000000c4300000)
 Metaspace       used 52577K, committed 53824K, reserved 1114112K
  class space    used 5518K, committed 6080K, reserved 1048576K
}
Event: 45.078 GC heap after
{Heap after GC invocations=33 (full 2):
 PSYoungGen      total 22016K, used 3185K [0x00000000eab00000, 0x00000000ec400000, 0x0000000100000000)
  eden space 18432K, 0% used [0x00000000eab00000,0x00000000eab00000,0x00000000ebd00000)
  from space 3584K, 88% used [0x00000000ebd00000,0x00000000ec01c6c8,0x00000000ec080000)
  to   space 3584K, 0% used [0x00000000ec080000,0x00000000ec080000,0x00000000ec400000)
 ParOldGen       total 68608K, used 57614K [0x00000000c0000000, 0x00000000c4300000, 0x00000000eab00000)
  object space 68608K, 83% used [0x00000000c0000000,0x00000000c3843878,0x00000000c4300000)
 Metaspace       used 52577K, committed 53824K, reserved 1114112K
  class space    used 5518K, committed 6080K, reserved 1048576K
}
Event: 45.333 GC heap before
{Heap before GC invocations=34 (full 2):
 PSYoungGen      total 22016K, used 21617K [0x00000000eab00000, 0x00000000ec400000, 0x0000000100000000)
  eden space 18432K, 100% used [0x00000000eab00000,0x00000000ebd00000,0x00000000ebd00000)
  from space 3584K, 88% used [0x00000000ebd00000,0x00000000ec01c6c8,0x00000000ec080000)
  to   space 3584K, 0% used [0x00000000ec080000,0x00000000ec080000,0x00000000ec400000)
 ParOldGen       total 68608K, used 57614K [0x00000000c0000000, 0x00000000c4300000, 0x00000000eab00000)
  object space 68608K, 83% used [0x00000000c0000000,0x00000000c3843878,0x00000000c4300000)
 Metaspace       used 53053K, committed 54336K, reserved 1114112K
  class space    used 5560K, committed 6144K, reserved 1048576K
}
Event: 45.339 GC heap after
{Heap after GC invocations=34 (full 2):
 PSYoungGen      total 21504K, used 3576K [0x00000000eab00000, 0x00000000ec500000, 0x0000000100000000)
  eden space 17920K, 0% used [0x00000000eab00000,0x00000000eab00000,0x00000000ebc80000)
  from space 3584K, 99% used [0x00000000ec080000,0x00000000ec3fe2b8,0x00000000ec400000)
  to   space 4096K, 0% used [0x00000000ebc80000,0x00000000ebc80000,0x00000000ec080000)
 ParOldGen       total 68608K, used 60583K [0x00000000c0000000, 0x00000000c4300000, 0x00000000eab00000)
  object space 68608K, 88% used [0x00000000c0000000,0x00000000c3b29f98,0x00000000c4300000)
 Metaspace       used 53053K, committed 54336K, reserved 1114112K
  class space    used 5560K, committed 6144K, reserved 1048576K
}
Event: 45.525 GC heap before
{Heap before GC invocations=35 (full 2):
 PSYoungGen      total 21504K, used 21496K [0x00000000eab00000, 0x00000000ec500000, 0x0000000100000000)
  eden space 17920K, 100% used [0x00000000eab00000,0x00000000ebc80000,0x00000000ebc80000)
  from space 3584K, 99% used [0x00000000ec080000,0x00000000ec3fe2b8,0x00000000ec400000)
  to   space 4096K, 0% used [0x00000000ebc80000,0x00000000ebc80000,0x00000000ec080000)
 ParOldGen       total 68608K, used 60583K [0x00000000c0000000, 0x00000000c4300000, 0x00000000eab00000)
  object space 68608K, 88% used [0x00000000c0000000,0x00000000c3b29f98,0x00000000c4300000)
 Metaspace       used 53706K, committed 54976K, reserved 1114112K
  class space    used 5590K, committed 6144K, reserved 1048576K
}
Event: 45.536 GC heap after
{Heap after GC invocations=35 (full 2):
 PSYoungGen      total 22016K, used 4070K [0x00000000eab00000, 0x00000000ece80000, 0x0000000100000000)
  eden space 17920K, 0% used [0x00000000eab00000,0x00000000eab00000,0x00000000ebc80000)
  from space 4096K, 99% used [0x00000000ebc80000,0x00000000ec079b58,0x00000000ec080000)
  to   space 9216K, 0% used [0x00000000ec580000,0x00000000ec580000,0x00000000ece80000)
 ParOldGen       total 68608K, used 64652K [0x00000000c0000000, 0x00000000c4300000, 0x00000000eab00000)
  object space 68608K, 94% used [0x00000000c0000000,0x00000000c3f23140,0x00000000c4300000)
 Metaspace       used 53706K, committed 54976K, reserved 1114112K
  class space    used 5590K, committed 6144K, reserved 1048576K
}
Event: 45.675 GC heap before
{Heap before GC invocations=36 (full 2):
 PSYoungGen      total 22016K, used 21990K [0x00000000eab00000, 0x00000000ece80000, 0x0000000100000000)
  eden space 17920K, 100% used [0x00000000eab00000,0x00000000ebc80000,0x00000000ebc80000)
  from space 4096K, 99% used [0x00000000ebc80000,0x00000000ec079b58,0x00000000ec080000)
  to   space 9216K, 0% used [0x00000000ec580000,0x00000000ec580000,0x00000000ece80000)
 ParOldGen       total 68608K, used 64652K [0x00000000c0000000, 0x00000000c4300000, 0x00000000eab00000)
  object space 68608K, 94% used [0x00000000c0000000,0x00000000c3f23140,0x00000000c4300000)
 Metaspace       used 53976K, committed 55232K, reserved 1114112K
  class space    used 5609K, committed 6208K, reserved 1048576K
}
Event: 45.685 GC heap after
{Heap after GC invocations=36 (full 2):
 PSYoungGen      total 22528K, used 4456K [0x00000000eab00000, 0x00000000eca00000, 0x0000000100000000)
  eden space 17920K, 0% used [0x00000000eab00000,0x00000000eab00000,0x00000000ebc80000)
  from space 4608K, 96% used [0x00000000ec580000,0x00000000ec9da370,0x00000000eca00000)
  to   space 6144K, 0% used [0x00000000ebe00000,0x00000000ebe00000,0x00000000ec400000)
 ParOldGen       total 69120K, used 68700K [0x00000000c0000000, 0x00000000c4380000, 0x00000000eab00000)
  object space 69120K, 99% used [0x00000000c0000000,0x00000000c43173f8,0x00000000c4380000)
 Metaspace       used 53976K, committed 55232K, reserved 1114112K
  class space    used 5609K, committed 6208K, reserved 1048576K
}
Event: 45.829 GC heap before
{Heap before GC invocations=37 (full 2):
 PSYoungGen      total 22528K, used 22376K [0x00000000eab00000, 0x00000000eca00000, 0x0000000100000000)
  eden space 17920K, 100% used [0x00000000eab00000,0x00000000ebc80000,0x00000000ebc80000)
  from space 4608K, 96% used [0x00000000ec580000,0x00000000ec9da370,0x00000000eca00000)
  to   space 6144K, 0% used [0x00000000ebe00000,0x00000000ebe00000,0x00000000ec400000)
 ParOldGen       total 69120K, used 68700K [0x00000000c0000000, 0x00000000c4380000, 0x00000000eab00000)
  object space 69120K, 99% used [0x00000000c0000000,0x00000000c43173f8,0x00000000c4380000)
 Metaspace       used 53992K, committed 55232K, reserved 1114112K
  class space    used 5609K, committed 6208K, reserved 1048576K
}
Event: 45.836 GC heap after
{Heap after GC invocations=37 (full 2):
 PSYoungGen      total 20480K, used 2389K [0x00000000eab00000, 0x00000000ec600000, 0x0000000100000000)
  eden space 17920K, 0% used [0x00000000eab00000,0x00000000eab00000,0x00000000ebc80000)
  from space 2560K, 93% used [0x00000000ebe00000,0x00000000ec055688,0x00000000ec080000)
  to   space 3584K, 0% used [0x00000000ec280000,0x00000000ec280000,0x00000000ec600000)
 ParOldGen       total 72192K, used 72128K [0x00000000c0000000, 0x00000000c4680000, 0x00000000eab00000)
  object space 72192K, 99% used [0x00000000c0000000,0x00000000c4670330,0x00000000c4680000)
 Metaspace       used 53992K, committed 55232K, reserved 1114112K
  class space    used 5609K, committed 6208K, reserved 1048576K
}
Event: 45.910 GC heap before
{Heap before GC invocations=38 (full 2):
 PSYoungGen      total 20480K, used 20309K [0x00000000eab00000, 0x00000000ec600000, 0x0000000100000000)
  eden space 17920K, 100% used [0x00000000eab00000,0x00000000ebc80000,0x00000000ebc80000)
  from space 2560K, 93% used [0x00000000ebe00000,0x00000000ec055688,0x00000000ec080000)
  to   space 3584K, 0% used [0x00000000ec280000,0x00000000ec280000,0x00000000ec600000)
 ParOldGen       total 72192K, used 72128K [0x00000000c0000000, 0x00000000c4680000, 0x00000000eab00000)
  object space 72192K, 99% used [0x00000000c0000000,0x00000000c4670330,0x00000000c4680000)
 Metaspace       used 53998K, committed 55296K, reserved 1114112K
  class space    used 5609K, committed 6208K, reserved 1048576K
}
Event: 45.914 GC heap after
{Heap after GC invocations=38 (full 2):
 PSYoungGen      total 19968K, used 1971K [0x00000000eab00000, 0x00000000ec480000, 0x0000000100000000)
  eden space 17920K, 0% used [0x00000000eab00000,0x00000000eab00000,0x00000000ebc80000)
  from space 2048K, 96% used [0x00000000ec280000,0x00000000ec46cea8,0x00000000ec480000)
  to   space 2560K, 0% used [0x00000000ebf80000,0x00000000ebf80000,0x00000000ec200000)
 ParOldGen       total 73728K, used 73366K [0x00000000c0000000, 0x00000000c4800000, 0x00000000eab00000)
  object space 73728K, 99% used [0x00000000c0000000,0x00000000c47a5a98,0x00000000c4800000)
 Metaspace       used 53998K, committed 55296K, reserved 1114112K
  class space    used 5609K, committed 6208K, reserved 1048576K
}
Event: 46.193 GC heap before
{Heap before GC invocations=39 (full 2):
 PSYoungGen      total 19968K, used 19891K [0x00000000eab00000, 0x00000000ec480000, 0x0000000100000000)
  eden space 17920K, 100% used [0x00000000eab00000,0x00000000ebc80000,0x00000000ebc80000)
  from space 2048K, 96% used [0x00000000ec280000,0x00000000ec46cea8,0x00000000ec480000)
  to   space 2560K, 0% used [0x00000000ebf80000,0x00000000ebf80000,0x00000000ec200000)
 ParOldGen       total 73728K, used 73366K [0x00000000c0000000, 0x00000000c4800000, 0x00000000eab00000)
  object space 73728K, 99% used [0x00000000c0000000,0x00000000c47a5a98,0x00000000c4800000)
 Metaspace       used 54943K, committed 56192K, reserved 1114112K
  class space    used 5698K, committed 6272K, reserved 1048576K
}
Event: 46.198 GC heap after
{Heap after GC invocations=39 (full 2):
 PSYoungGen      total 20480K, used 2408K [0x00000000eab00000, 0x00000000ec300000, 0x0000000100000000)
  eden space 17920K, 0% used [0x00000000eab00000,0x00000000eab00000,0x00000000ebc80000)
  from space 2560K, 94% used [0x00000000ebf80000,0x00000000ec1da3e8,0x00000000ec200000)
  to   space 1024K, 0% used [0x00000000ec200000,0x00000000ec200000,0x00000000ec300000)
 ParOldGen       total 74752K, used 74253K [0x00000000c0000000, 0x00000000c4900000, 0x00000000eab00000)
  object space 74752K, 99% used [0x00000000c0000000,0x00000000c48836a8,0x00000000c4900000)
 Metaspace       used 54943K, committed 56192K, reserved 1114112K
  class space    used 5698K, committed 6272K, reserved 1048576K
}

