# JRE version: OpenJDK Runtime Environment Temurin-21.0.7+6 (21.0.7+6) (build 21.0.7+6-LTS)
# Java VM: OpenJDK 64-Bit Server VM Temurin-21.0.7+6 (21.0.7+6-LTS, mixed mode, sharing, tiered, compressed oops, compressed class ptrs, parallel gc, windows-amd64)
GC Precious Log:
 CardTable entry size: 512
 CPUs: 16 total, 16 available
 Memory: 5996M
 Large Page Support: Disabled
 NUMA Support: Disabled
 Compressed Oops: Enabled (32-bit)
 Alignments: Space 512K, Generation 512K, Heap 2M
 Heap Min Capacity: 100M
 Heap Initial Capacity: 100M
 Heap Max Capacity: 1G
 Pre-touch: Disabled
 Parallel Workers: 13
Heap:
 PSYoungGen      total 14336K, used 4805K [0x00000000eab00000, 0x00000000ebd80000, 0x0000000100000000)
  eden space 12800K, 25% used [0x00000000eab00000,0x00000000eae31480,0x00000000eb780000)
  from space 1536K, 100% used [0x00000000eb800000,0x00000000eb980000,0x00000000eb980000)
  to   space 3072K, 0% used [0x00000000eba80000,0x00000000eba80000,0x00000000ebd80000)
 ParOldGen       total 462336K, used 462096K [0x00000000c0000000, 0x00000000dc380000, 0x00000000eab00000)
  object space 462336K, 99% used [0x00000000c0000000,0x00000000dc3441d8,0x00000000dc380000)
 Metaspace       used 68585K, committed 70144K, reserved 1114112K
  class space    used 6820K, committed 7488K, reserved 1048576K
GC Heap History (20 events):
Event: 24.646 GC heap before
{Heap before GC invocations=566 (full 3):
 PSYoungGen      total 15360K, used 14816K [0x00000000eab00000, 0x00000000ebb00000, 0x0000000100000000)
  eden space 14336K, 100% used [0x00000000eab00000,0x00000000eb900000,0x00000000eb900000)
  from space 1024K, 46% used [0x00000000eba00000,0x00000000eba78000,0x00000000ebb00000)
  to   space 1024K, 0% used [0x00000000eb900000,0x00000000eb900000,0x00000000eba00000)
 ParOldGen       total 456704K, used 456504K [0x00000000c0000000, 0x00000000dbe00000, 0x00000000eab00000)
  object space 456704K, 99% used [0x00000000c0000000,0x00000000dbdce0e8,0x00000000dbe00000)
 Metaspace       used 68167K, committed 69760K, reserved 1114112K
  class space    used 6791K, committed 7488K, reserved 1048576K
}
Event: 24.649 GC heap after
{Heap after GC invocations=566 (full 3):
 PSYoungGen      total 15360K, used 448K [0x00000000eab00000, 0x00000000eba80000, 0x0000000100000000)
  eden space 14336K, 0% used [0x00000000eab00000,0x00000000eab00000,0x00000000eb900000)
  from space 1024K, 43% used [0x00000000eb900000,0x00000000eb970000,0x00000000eba00000)
  to   space 512K, 0% used [0x00000000eba00000,0x00000000eba00000,0x00000000eba80000)
 ParOldGen       total 457216K, used 456704K [0x00000000c0000000, 0x00000000dbe80000, 0x00000000eab00000)
  object space 457216K, 99% used [0x00000000c0000000,0x00000000dbe000e8,0x00000000dbe80000)
 Metaspace       used 68167K, committed 69760K, reserved 1114112K
  class space    used 6791K, committed 7488K, reserved 1048576K
}
Event: 24.674 GC heap before
{Heap before GC invocations=567 (full 3):
 PSYoungGen      total 15360K, used 14784K [0x00000000eab00000, 0x00000000eba80000, 0x0000000100000000)
  eden space 14336K, 100% used [0x00000000eab00000,0x00000000eb900000,0x00000000eb900000)
  from space 1024K, 43% used [0x00000000eb900000,0x00000000eb970000,0x00000000eba00000)
  to   space 512K, 0% used [0x00000000eba00000,0x00000000eba00000,0x00000000eba80000)
 ParOldGen       total 457216K, used 456704K [0x00000000c0000000, 0x00000000dbe80000, 0x00000000eab00000)
  object space 457216K, 99% used [0x00000000c0000000,0x00000000dbe000e8,0x00000000dbe80000)
 Metaspace       used 68189K, committed 69760K, reserved 1114112K
  class space    used 6791K, committed 7488K, reserved 1048576K
}
Event: 24.678 GC heap after
{Heap after GC invocations=567 (full 3):
 PSYoungGen      total 14848K, used 416K [0x00000000eab00000, 0x00000000eba80000, 0x0000000100000000)
  eden space 14336K, 0% used [0x00000000eab00000,0x00000000eab00000,0x00000000eb900000)
  from space 512K, 81% used [0x00000000eba00000,0x00000000eba68000,0x00000000eba80000)
  to   space 512K, 0% used [0x00000000eb980000,0x00000000eb980000,0x00000000eba00000)
 ParOldGen       total 457216K, used 456888K [0x00000000c0000000, 0x00000000dbe80000, 0x00000000eab00000)
  object space 457216K, 99% used [0x00000000c0000000,0x00000000dbe2e0e8,0x00000000dbe80000)
 Metaspace       used 68189K, committed 69760K, reserved 1114112K
  class space    used 6791K, committed 7488K, reserved 1048576K
}
Event: 24.697 GC heap before
{Heap before GC invocations=568 (full 3):
 PSYoungGen      total 14848K, used 14752K [0x00000000eab00000, 0x00000000eba80000, 0x0000000100000000)
  eden space 14336K, 100% used [0x00000000eab00000,0x00000000eb900000,0x00000000eb900000)
  from space 512K, 81% used [0x00000000eba00000,0x00000000eba68000,0x00000000eba80000)
  to   space 512K, 0% used [0x00000000eb980000,0x00000000eb980000,0x00000000eba00000)
 ParOldGen       total 457216K, used 456888K [0x00000000c0000000, 0x00000000dbe80000, 0x00000000eab00000)
  object space 457216K, 99% used [0x00000000c0000000,0x00000000dbe2e0e8,0x00000000dbe80000)
 Metaspace       used 68189K, committed 69760K, reserved 1114112K
  class space    used 6791K, committed 7488K, reserved 1048576K
}
Event: 24.701 GC heap after
{Heap after GC invocations=568 (full 3):
 PSYoungGen      total 14848K, used 480K [0x00000000eab00000, 0x00000000eba80000, 0x0000000100000000)
  eden space 14336K, 0% used [0x00000000eab00000,0x00000000eab00000,0x00000000eb900000)
  from space 512K, 93% used [0x00000000eb980000,0x00000000eb9f8000,0x00000000eba00000)
  to   space 512K, 0% used [0x00000000eba00000,0x00000000eba00000,0x00000000eba80000)
 ParOldGen       total 457216K, used 457072K [0x00000000c0000000, 0x00000000dbe80000, 0x00000000eab00000)
  object space 457216K, 99% used [0x00000000c0000000,0x00000000dbe5c0e8,0x00000000dbe80000)
 Metaspace       used 68189K, committed 69760K, reserved 1114112K
  class space    used 6791K, committed 7488K, reserved 1048576K
}
Event: 24.729 GC heap before
{Heap before GC invocations=569 (full 3):
 PSYoungGen      total 14848K, used 14816K [0x00000000eab00000, 0x00000000eba80000, 0x0000000100000000)
  eden space 14336K, 100% used [0x00000000eab00000,0x00000000eb900000,0x00000000eb900000)
  from space 512K, 93% used [0x00000000eb980000,0x00000000eb9f8000,0x00000000eba00000)
  to   space 512K, 0% used [0x00000000eba00000,0x00000000eba00000,0x00000000eba80000)
 ParOldGen       total 457216K, used 457072K [0x00000000c0000000, 0x00000000dbe80000, 0x00000000eab00000)
  object space 457216K, 99% used [0x00000000c0000000,0x00000000dbe5c0e8,0x00000000dbe80000)
 Metaspace       used 68189K, committed 69760K, reserved 1114112K
  class space    used 6791K, committed 7488K, reserved 1048576K
}
Event: 24.732 GC heap after
{Heap after GC invocations=569 (full 3):
 PSYoungGen      total 14848K, used 480K [0x00000000eab00000, 0x00000000eba80000, 0x0000000100000000)
  eden space 14336K, 0% used [0x00000000eab00000,0x00000000eab00000,0x00000000eb900000)
  from space 512K, 93% used [0x00000000eba00000,0x00000000eba78000,0x00000000eba80000)
  to   space 512K, 0% used [0x00000000eb980000,0x00000000eb980000,0x00000000eba00000)
 ParOldGen       total 457216K, used 457208K [0x00000000c0000000, 0x00000000dbe80000, 0x00000000eab00000)
  object space 457216K, 99% used [0x00000000c0000000,0x00000000dbe7e0e8,0x00000000dbe80000)
 Metaspace       used 68189K, committed 69760K, reserved 1114112K
  class space    used 6791K, committed 7488K, reserved 1048576K
}
Event: 24.759 GC heap before
{Heap before GC invocations=570 (full 3):
 PSYoungGen      total 14848K, used 14816K [0x00000000eab00000, 0x00000000eba80000, 0x0000000100000000)
  eden space 14336K, 100% used [0x00000000eab00000,0x00000000eb900000,0x00000000eb900000)
  from space 512K, 93% used [0x00000000eba00000,0x00000000eba78000,0x00000000eba80000)
  to   space 512K, 0% used [0x00000000eb980000,0x00000000eb980000,0x00000000eba00000)
 ParOldGen       total 457216K, used 457208K [0x00000000c0000000, 0x00000000dbe80000, 0x00000000eab00000)
  object space 457216K, 99% used [0x00000000c0000000,0x00000000dbe7e0e8,0x00000000dbe80000)
 Metaspace       used 68190K, committed 69760K, reserved 1114112K
  class space    used 6791K, committed 7488K, reserved 1048576K
}
Event: 24.762 GC heap after
{Heap after GC invocations=570 (full 3):
 PSYoungGen      total 14848K, used 384K [0x00000000eab00000, 0x00000000eba80000, 0x0000000100000000)
  eden space 14336K, 0% used [0x00000000eab00000,0x00000000eab00000,0x00000000eb900000)
  from space 512K, 75% used [0x00000000eb980000,0x00000000eb9e0000,0x00000000eba00000)
  to   space 512K, 0% used [0x00000000eba00000,0x00000000eba00000,0x00000000eba80000)
 ParOldGen       total 457728K, used 457552K [0x00000000c0000000, 0x00000000dbf00000, 0x00000000eab00000)
  object space 457728K, 99% used [0x00000000c0000000,0x00000000dbed40e8,0x00000000dbf00000)
 Metaspace       used 68190K, committed 69760K, reserved 1114112K
  class space    used 6791K, committed 7488K, reserved 1048576K
}
Event: 24.787 GC heap before
{Heap before GC invocations=571 (full 3):
 PSYoungGen      total 14848K, used 14720K [0x00000000eab00000, 0x00000000eba80000, 0x0000000100000000)
  eden space 14336K, 100% used [0x00000000eab00000,0x00000000eb900000,0x00000000eb900000)
  from space 512K, 75% used [0x00000000eb980000,0x00000000eb9e0000,0x00000000eba00000)
  to   space 512K, 0% used [0x00000000eba00000,0x00000000eba00000,0x00000000eba80000)
 ParOldGen       total 457728K, used 457552K [0x00000000c0000000, 0x00000000dbf00000, 0x00000000eab00000)
  object space 457728K, 99% used [0x00000000c0000000,0x00000000dbed40e8,0x00000000dbf00000)
 Metaspace       used 68191K, committed 69760K, reserved 1114112K
  class space    used 6791K, committed 7488K, reserved 1048576K
}
Event: 24.791 GC heap after
{Heap after GC invocations=571 (full 3):
 PSYoungGen      total 14848K, used 512K [0x00000000eab00000, 0x00000000ebb00000, 0x0000000100000000)
  eden space 14336K, 0% used [0x00000000eab00000,0x00000000eab00000,0x00000000eb900000)
  from space 512K, 100% used [0x00000000eba00000,0x00000000eba80000,0x00000000eba80000)
  to   space 1024K, 0% used [0x00000000eb900000,0x00000000eb900000,0x00000000eba00000)
 ParOldGen       total 458240K, used 457800K [0x00000000c0000000, 0x00000000dbf80000, 0x00000000eab00000)
  object space 458240K, 99% used [0x00000000c0000000,0x00000000dbf120e8,0x00000000dbf80000)
 Metaspace       used 68191K, committed 69760K, reserved 1114112K
  class space    used 6791K, committed 7488K, reserved 1048576K
}
Event: 24.812 GC heap before
{Heap before GC invocations=572 (full 3):
 PSYoungGen      total 14848K, used 14848K [0x00000000eab00000, 0x00000000ebb00000, 0x0000000100000000)
  eden space 14336K, 100% used [0x00000000eab00000,0x00000000eb900000,0x00000000eb900000)
  from space 512K, 100% used [0x00000000eba00000,0x00000000eba80000,0x00000000eba80000)
  to   space 1024K, 0% used [0x00000000eb900000,0x00000000eb900000,0x00000000eba00000)
 ParOldGen       total 458240K, used 457800K [0x00000000c0000000, 0x00000000dbf80000, 0x00000000eab00000)
  object space 458240K, 99% used [0x00000000c0000000,0x00000000dbf120e8,0x00000000dbf80000)
 Metaspace       used 68192K, committed 69760K, reserved 1114112K
  class space    used 6791K, committed 7488K, reserved 1048576K
}
Event: 24.815 GC heap after
{Heap after GC invocations=572 (full 3):
 PSYoungGen      total 15360K, used 416K [0x00000000eab00000, 0x00000000ebb00000, 0x0000000100000000)
  eden space 14336K, 0% used [0x00000000eab00000,0x00000000eab00000,0x00000000eb900000)
  from space 1024K, 40% used [0x00000000eb900000,0x00000000eb968000,0x00000000eba00000)
  to   space 1024K, 0% used [0x00000000eba00000,0x00000000eba00000,0x00000000ebb00000)
 ParOldGen       total 458240K, used 458000K [0x00000000c0000000, 0x00000000dbf80000, 0x00000000eab00000)
  object space 458240K, 99% used [0x00000000c0000000,0x00000000dbf440e8,0x00000000dbf80000)
 Metaspace       used 68192K, committed 69760K, reserved 1114112K
  class space    used 6791K, committed 7488K, reserved 1048576K
}
Event: 24.872 GC heap before
{Heap before GC invocations=573 (full 3):
 PSYoungGen      total 15360K, used 14752K [0x00000000eab00000, 0x00000000ebb00000, 0x0000000100000000)
  eden space 14336K, 100% used [0x00000000eab00000,0x00000000eb900000,0x00000000eb900000)
  from space 1024K, 40% used [0x00000000eb900000,0x00000000eb968000,0x00000000eba00000)
  to   space 1024K, 0% used [0x00000000eba00000,0x00000000eba00000,0x00000000ebb00000)
 ParOldGen       total 458240K, used 458000K [0x00000000c0000000, 0x00000000dbf80000, 0x00000000eab00000)
  object space 458240K, 99% used [0x00000000c0000000,0x00000000dbf440e8,0x00000000dbf80000)
 Metaspace       used 68307K, committed 69824K, reserved 1114112K
  class space    used 6809K, committed 7488K, reserved 1048576K
}
Event: 24.878 GC heap after
{Heap after GC invocations=573 (full 3):
 PSYoungGen      total 13824K, used 1024K [0x00000000eab00000, 0x00000000ebe00000, 0x0000000100000000)
  eden space 12800K, 0% used [0x00000000eab00000,0x00000000eab00000,0x00000000eb780000)
  from space 1024K, 100% used [0x00000000eba00000,0x00000000ebb00000,0x00000000ebb00000)
  to   space 2560K, 0% used [0x00000000eb780000,0x00000000eb780000,0x00000000eba00000)
 ParOldGen       total 459264K, used 459212K [0x00000000c0000000, 0x00000000dc080000, 0x00000000eab00000)
  object space 459264K, 99% used [0x00000000c0000000,0x00000000dc073120,0x00000000dc080000)
 Metaspace       used 68307K, committed 69824K, reserved 1114112K
  class space    used 6809K, committed 7488K, reserved 1048576K
}
Event: 24.952 GC heap before
{Heap before GC invocations=574 (full 3):
 PSYoungGen      total 13824K, used 13824K [0x00000000eab00000, 0x00000000ebe00000, 0x0000000100000000)
  eden space 12800K, 100% used [0x00000000eab00000,0x00000000eb780000,0x00000000eb780000)
  from space 1024K, 100% used [0x00000000eba00000,0x00000000ebb00000,0x00000000ebb00000)
  to   space 2560K, 0% used [0x00000000eb780000,0x00000000eb780000,0x00000000eba00000)
 ParOldGen       total 459264K, used 459212K [0x00000000c0000000, 0x00000000dc080000, 0x00000000eab00000)
  object space 459264K, 99% used [0x00000000c0000000,0x00000000dc073120,0x00000000dc080000)
 Metaspace       used 68362K, committed 69888K, reserved 1114112K
  class space    used 6817K, committed 7488K, reserved 1048576K
}
Event: 24.957 GC heap after
{Heap after GC invocations=574 (full 3):
 PSYoungGen      total 14848K, used 1590K [0x00000000eab00000, 0x00000000ebb80000, 0x0000000100000000)
  eden space 12800K, 0% used [0x00000000eab00000,0x00000000eab00000,0x00000000eb780000)
  from space 2048K, 77% used [0x00000000eb780000,0x00000000eb90d808,0x00000000eb980000)
  to   space 2048K, 0% used [0x00000000eb980000,0x00000000eb980000,0x00000000ebb80000)
 ParOldGen       total 460288K, used 460146K [0x00000000c0000000, 0x00000000dc180000, 0x00000000eab00000)
  object space 460288K, 99% used [0x00000000c0000000,0x00000000dc15caf8,0x00000000dc180000)
 Metaspace       used 68362K, committed 69888K, reserved 1114112K
  class space    used 6817K, committed 7488K, reserved 1048576K
}
Event: 25.054 GC heap before
{Heap before GC invocations=575 (full 3):
 PSYoungGen      total 14848K, used 14390K [0x00000000eab00000, 0x00000000ebb80000, 0x0000000100000000)
  eden space 12800K, 100% used [0x00000000eab00000,0x00000000eb780000,0x00000000eb780000)
  from space 2048K, 77% used [0x00000000eb780000,0x00000000eb90d808,0x00000000eb980000)
  to   space 2048K, 0% used [0x00000000eb980000,0x00000000eb980000,0x00000000ebb80000)
 ParOldGen       total 460288K, used 460146K [0x00000000c0000000, 0x00000000dc180000, 0x00000000eab00000)
  object space 460288K, 99% used [0x00000000c0000000,0x00000000dc15caf8,0x00000000dc180000)
 Metaspace       used 68496K, committed 70016K, reserved 1114112K
  class space    used 6820K, committed 7488K, reserved 1048576K
}
Event: 25.060 GC heap after
{Heap after GC invocations=575 (full 3):
 PSYoungGen      total 14336K, used 1088K [0x00000000eab00000, 0x00000000ebb00000, 0x0000000100000000)
  eden space 12800K, 0% used [0x00000000eab00000,0x00000000eab00000,0x00000000eb780000)
  from space 1536K, 70% used [0x00000000eb980000,0x00000000eba90000,0x00000000ebb00000)
  to   space 1536K, 0% used [0x00000000eb800000,0x00000000eb800000,0x00000000eb980000)
 ParOldGen       total 461312K, used 461250K [0x00000000c0000000, 0x00000000dc280000, 0x00000000eab00000)
  object space 461312K, 99% used [0x00000000c0000000,0x00000000dc270820,0x00000000dc280000)
 Metaspace       used 68496K, committed 70016K, reserved 1114112K
  class space    used 6820K, committed 7488K, reserved 1048576K
}

