# JRE version: OpenJDK Runtime Environment Temurin-21.0.7+6 (21.0.7+6) (build 21.0.7+6-LTS)
# Java VM: OpenJDK 64-Bit Server VM Temurin-21.0.7+6 (21.0.7+6-LTS, mixed mode, sharing, tiered, compressed oops, compressed class ptrs, parallel gc, windows-amd64)
GC Precious Log:
 CardTable entry size: 512
 CPUs: 16 total, 16 available
 Memory: 5996M
 Large Page Support: Disabled
 NUMA Support: Disabled
 Compressed Oops: Enabled (32-bit)
 Alignments: Space 512K, Generation 512K, Heap 2M
 Heap Min Capacity: 100M
 Heap Initial Capacity: 100M
 Heap Max Capacity: 1G
 Pre-touch: Disabled
 Parallel Workers: 13
Heap:
 PSYoungGen      total 4096K, used 1257K [0x00000000eab00000, 0x00000000eb100000, 0x0000000100000000)
  eden space 3072K, 23% used [0x00000000eab00000,0x00000000eabb3c38,0x00000000eae00000)
  from space 1024K, 52% used [0x00000000eaf00000,0x00000000eaf86900,0x00000000eb000000)
  to   space 1024K, 0% used [0x00000000eae00000,0x00000000eae00000,0x00000000eaf00000)
 ParOldGen       total 343552K, used 343096K [0x00000000c0000000, 0x00000000d4f80000, 0x00000000eab00000)
  object space 343552K, 99% used [0x00000000c0000000,0x00000000d4f0e3f0,0x00000000d4f80000)
 Metaspace       used 76423K, committed 78080K, reserved 1179648K
  class space    used 7670K, committed 8384K, reserved 1048576K
GC Heap History (20 events):
Event: 1198.462 GC heap before
{Heap before GC invocations=1438 (full 4):
 PSYoungGen      total 2560K, used 2400K [0x00000000eab00000, 0x00000000eae80000, 0x0000000100000000)
  eden space 2048K, 100% used [0x00000000eab00000,0x00000000ead00000,0x00000000ead00000)
  from space 512K, 68% used [0x00000000eae00000,0x00000000eae58000,0x00000000eae80000)
  to   space 512K, 0% used [0x00000000ead80000,0x00000000ead80000,0x00000000eae00000)
 ParOldGen       total 337408K, used 337247K [0x00000000c0000000, 0x00000000d4980000, 0x00000000eab00000)
  object space 337408K, 99% used [0x00000000c0000000,0x00000000d4957d48,0x00000000d4980000)
 Metaspace       used 76361K, committed 78080K, reserved 1179648K
  class space    used 7670K, committed 8384K, reserved 1048576K
}
Event: 1198.463 GC heap after
{Heap after GC invocations=1438 (full 4):
 PSYoungGen      total 3072K, used 416K [0x00000000eab00000, 0x00000000eae80000, 0x0000000100000000)
  eden space 2560K, 0% used [0x00000000eab00000,0x00000000eab00000,0x00000000ead80000)
  from space 512K, 81% used [0x00000000ead80000,0x00000000eade8000,0x00000000eae00000)
  to   space 512K, 0% used [0x00000000eae00000,0x00000000eae00000,0x00000000eae80000)
 ParOldGen       total 337920K, used 337415K [0x00000000c0000000, 0x00000000d4a00000, 0x00000000eab00000)
  object space 337920K, 99% used [0x00000000c0000000,0x00000000d4981d48,0x00000000d4a00000)
 Metaspace       used 76361K, committed 78080K, reserved 1179648K
  class space    used 7670K, committed 8384K, reserved 1048576K
}
Event: 1198.816 GC heap before
{Heap before GC invocations=1439 (full 4):
 PSYoungGen      total 3072K, used 2976K [0x00000000eab00000, 0x00000000eae80000, 0x0000000100000000)
  eden space 2560K, 100% used [0x00000000eab00000,0x00000000ead80000,0x00000000ead80000)
  from space 512K, 81% used [0x00000000ead80000,0x00000000eade8000,0x00000000eae00000)
  to   space 512K, 0% used [0x00000000eae00000,0x00000000eae00000,0x00000000eae80000)
 ParOldGen       total 337920K, used 337415K [0x00000000c0000000, 0x00000000d4a00000, 0x00000000eab00000)
  object space 337920K, 99% used [0x00000000c0000000,0x00000000d4981d48,0x00000000d4a00000)
 Metaspace       used 76395K, committed 78080K, reserved 1179648K
  class space    used 7670K, committed 8384K, reserved 1048576K
}
Event: 1198.817 GC heap after
{Heap after GC invocations=1439 (full 4):
 PSYoungGen      total 2560K, used 500K [0x00000000eab00000, 0x00000000eaf80000, 0x0000000100000000)
  eden space 2048K, 0% used [0x00000000eab00000,0x00000000eab00000,0x00000000ead00000)
  from space 512K, 97% used [0x00000000eae00000,0x00000000eae7d200,0x00000000eae80000)
  to   space 1024K, 0% used [0x00000000ead00000,0x00000000ead00000,0x00000000eae00000)
 ParOldGen       total 337920K, used 337717K [0x00000000c0000000, 0x00000000d4a00000, 0x00000000eab00000)
  object space 337920K, 99% used [0x00000000c0000000,0x00000000d49cd580,0x00000000d4a00000)
 Metaspace       used 76395K, committed 78080K, reserved 1179648K
  class space    used 7670K, committed 8384K, reserved 1048576K
}
Event: 1198.821 GC heap before
{Heap before GC invocations=1440 (full 4):
 PSYoungGen      total 2560K, used 2548K [0x00000000eab00000, 0x00000000eaf80000, 0x0000000100000000)
  eden space 2048K, 100% used [0x00000000eab00000,0x00000000ead00000,0x00000000ead00000)
  from space 512K, 97% used [0x00000000eae00000,0x00000000eae7d200,0x00000000eae80000)
  to   space 1024K, 0% used [0x00000000ead00000,0x00000000ead00000,0x00000000eae00000)
 ParOldGen       total 337920K, used 337717K [0x00000000c0000000, 0x00000000d4a00000, 0x00000000eab00000)
  object space 337920K, 99% used [0x00000000c0000000,0x00000000d49cd580,0x00000000d4a00000)
 Metaspace       used 76395K, committed 78080K, reserved 1179648K
  class space    used 7670K, committed 8384K, reserved 1048576K
}
Event: 1198.822 GC heap after
{Heap after GC invocations=1440 (full 4):
 PSYoungGen      total 3072K, used 993K [0x00000000eab00000, 0x00000000eb180000, 0x0000000100000000)
  eden space 2048K, 0% used [0x00000000eab00000,0x00000000eab00000,0x00000000ead00000)
  from space 1024K, 97% used [0x00000000ead00000,0x00000000eadf8540,0x00000000eae00000)
  to   space 2048K, 0% used [0x00000000eaf80000,0x00000000eaf80000,0x00000000eb180000)
 ParOldGen       total 338944K, used 338478K [0x00000000c0000000, 0x00000000d4b00000, 0x00000000eab00000)
  object space 338944K, 99% used [0x00000000c0000000,0x00000000d4a8b800,0x00000000d4b00000)
 Metaspace       used 76395K, committed 78080K, reserved 1179648K
  class space    used 7670K, committed 8384K, reserved 1048576K
}
Event: 1198.825 GC heap before
{Heap before GC invocations=1441 (full 4):
 PSYoungGen      total 3072K, used 3041K [0x00000000eab00000, 0x00000000eb180000, 0x0000000100000000)
  eden space 2048K, 99% used [0x00000000eab00000,0x00000000eacffff8,0x00000000ead00000)
  from space 1024K, 97% used [0x00000000ead00000,0x00000000eadf8540,0x00000000eae00000)
  to   space 2048K, 0% used [0x00000000eaf80000,0x00000000eaf80000,0x00000000eb180000)
 ParOldGen       total 338944K, used 338478K [0x00000000c0000000, 0x00000000d4b00000, 0x00000000eab00000)
  object space 338944K, 99% used [0x00000000c0000000,0x00000000d4a8b800,0x00000000d4b00000)
 Metaspace       used 76395K, committed 78080K, reserved 1179648K
  class space    used 7670K, committed 8384K, reserved 1048576K
}
Event: 1198.827 GC heap after
{Heap after GC invocations=1441 (full 4):
 PSYoungGen      total 3072K, used 2048K [0x00000000eab00000, 0x00000000eb480000, 0x0000000100000000)
  eden space 1024K, 0% used [0x00000000eab00000,0x00000000eab00000,0x00000000eac00000)
  from space 2048K, 100% used [0x00000000eaf80000,0x00000000eb180000,0x00000000eb180000)
  to   space 3584K, 0% used [0x00000000eac00000,0x00000000eac00000,0x00000000eaf80000)
 ParOldGen       total 339968K, used 339679K [0x00000000c0000000, 0x00000000d4c00000, 0x00000000eab00000)
  object space 339968K, 99% used [0x00000000c0000000,0x00000000d4bb7fe0,0x00000000d4c00000)
 Metaspace       used 76395K, committed 78080K, reserved 1179648K
  class space    used 7670K, committed 8384K, reserved 1048576K
}
Event: 1198.830 GC heap before
{Heap before GC invocations=1442 (full 4):
 PSYoungGen      total 3072K, used 3072K [0x00000000eab00000, 0x00000000eb480000, 0x0000000100000000)
  eden space 1024K, 100% used [0x00000000eab00000,0x00000000eac00000,0x00000000eac00000)
  from space 2048K, 100% used [0x00000000eaf80000,0x00000000eb180000,0x00000000eb180000)
  to   space 3584K, 0% used [0x00000000eac00000,0x00000000eac00000,0x00000000eaf80000)
 ParOldGen       total 339968K, used 339679K [0x00000000c0000000, 0x00000000d4c00000, 0x00000000eab00000)
  object space 339968K, 99% used [0x00000000c0000000,0x00000000d4bb7fe0,0x00000000d4c00000)
 Metaspace       used 76395K, committed 78080K, reserved 1179648K
  class space    used 7670K, committed 8384K, reserved 1048576K
}
Event: 1198.833 GC heap after
{Heap after GC invocations=1442 (full 4):
 PSYoungGen      total 1536K, used 512K [0x00000000eab00000, 0x00000000eb000000, 0x0000000100000000)
  eden space 1024K, 0% used [0x00000000eab00000,0x00000000eab00000,0x00000000eac00000)
  from space 512K, 100% used [0x00000000eac00000,0x00000000eac80000,0x00000000eac80000)
  to   space 1536K, 0% used [0x00000000eae80000,0x00000000eae80000,0x00000000eb000000)
 ParOldGen       total 342016K, used 341727K [0x00000000c0000000, 0x00000000d4e00000, 0x00000000eab00000)
  object space 342016K, 99% used [0x00000000c0000000,0x00000000d4db7fe0,0x00000000d4e00000)
 Metaspace       used 76395K, committed 78080K, reserved 1179648K
  class space    used 7670K, committed 8384K, reserved 1048576K
}
Event: 1198.841 GC heap before
{Heap before GC invocations=1443 (full 4):
 PSYoungGen      total 1536K, used 1535K [0x00000000eab00000, 0x00000000eb000000, 0x0000000100000000)
  eden space 1024K, 99% used [0x00000000eab00000,0x00000000eabffcd8,0x00000000eac00000)
  from space 512K, 100% used [0x00000000eac00000,0x00000000eac80000,0x00000000eac80000)
  to   space 1536K, 0% used [0x00000000eae80000,0x00000000eae80000,0x00000000eb000000)
 ParOldGen       total 342016K, used 341727K [0x00000000c0000000, 0x00000000d4e00000, 0x00000000eab00000)
  object space 342016K, 99% used [0x00000000c0000000,0x00000000d4db7fe0,0x00000000d4e00000)
 Metaspace       used 76395K, committed 78080K, reserved 1179648K
  class space    used 7670K, committed 8384K, reserved 1048576K
}
Event: 1198.842 GC heap after
{Heap after GC invocations=1443 (full 4):
 PSYoungGen      total 2048K, used 320K [0x00000000eab00000, 0x00000000eaf00000, 0x0000000100000000)
  eden space 1536K, 0% used [0x00000000eab00000,0x00000000eab00000,0x00000000eac80000)
  from space 512K, 62% used [0x00000000eae80000,0x00000000eaed0000,0x00000000eaf00000)
  to   space 1024K, 0% used [0x00000000ead00000,0x00000000ead00000,0x00000000eae00000)
 ParOldGen       total 342528K, used 342119K [0x00000000c0000000, 0x00000000d4e80000, 0x00000000eab00000)
  object space 342528K, 99% used [0x00000000c0000000,0x00000000d4e19fe0,0x00000000d4e80000)
 Metaspace       used 76395K, committed 78080K, reserved 1179648K
  class space    used 7670K, committed 8384K, reserved 1048576K
}
Event: 1198.851 GC heap before
{Heap before GC invocations=1444 (full 4):
 PSYoungGen      total 2048K, used 1856K [0x00000000eab00000, 0x00000000eaf00000, 0x0000000100000000)
  eden space 1536K, 100% used [0x00000000eab00000,0x00000000eac80000,0x00000000eac80000)
  from space 512K, 62% used [0x00000000eae80000,0x00000000eaed0000,0x00000000eaf00000)
  to   space 1024K, 0% used [0x00000000ead00000,0x00000000ead00000,0x00000000eae00000)
 ParOldGen       total 342528K, used 342119K [0x00000000c0000000, 0x00000000d4e80000, 0x00000000eab00000)
  object space 342528K, 99% used [0x00000000c0000000,0x00000000d4e19fe0,0x00000000d4e80000)
 Metaspace       used 76409K, committed 78080K, reserved 1179648K
  class space    used 7670K, committed 8384K, reserved 1048576K
}
Event: 1198.852 GC heap after
{Heap after GC invocations=1444 (full 4):
 PSYoungGen      total 3072K, used 442K [0x00000000eab00000, 0x00000000eaf00000, 0x0000000100000000)
  eden space 2048K, 0% used [0x00000000eab00000,0x00000000eab00000,0x00000000ead00000)
  from space 1024K, 43% used [0x00000000ead00000,0x00000000ead6e900,0x00000000eae00000)
  to   space 512K, 0% used [0x00000000eae80000,0x00000000eae80000,0x00000000eaf00000)
 ParOldGen       total 342528K, used 342207K [0x00000000c0000000, 0x00000000d4e80000, 0x00000000eab00000)
  object space 342528K, 99% used [0x00000000c0000000,0x00000000d4e2ffe0,0x00000000d4e80000)
 Metaspace       used 76409K, committed 78080K, reserved 1179648K
  class space    used 7670K, committed 8384K, reserved 1048576K
}
Event: 1198.855 GC heap before
{Heap before GC invocations=1445 (full 4):
 PSYoungGen      total 3072K, used 2490K [0x00000000eab00000, 0x00000000eaf00000, 0x0000000100000000)
  eden space 2048K, 100% used [0x00000000eab00000,0x00000000ead00000,0x00000000ead00000)
  from space 1024K, 43% used [0x00000000ead00000,0x00000000ead6e900,0x00000000eae00000)
  to   space 512K, 0% used [0x00000000eae80000,0x00000000eae80000,0x00000000eaf00000)
 ParOldGen       total 342528K, used 342207K [0x00000000c0000000, 0x00000000d4e80000, 0x00000000eab00000)
  object space 342528K, 99% used [0x00000000c0000000,0x00000000d4e2ffe0,0x00000000d4e80000)
 Metaspace       used 76409K, committed 78080K, reserved 1179648K
  class space    used 7670K, committed 8384K, reserved 1048576K
}
Event: 1198.856 GC heap after
{Heap after GC invocations=1445 (full 4):
 PSYoungGen      total 3072K, used 448K [0x00000000eab00000, 0x00000000eaf00000, 0x0000000100000000)
  eden space 2560K, 0% used [0x00000000eab00000,0x00000000eab00000,0x00000000ead80000)
  from space 512K, 87% used [0x00000000eae80000,0x00000000eaef0000,0x00000000eaf00000)
  to   space 512K, 0% used [0x00000000eae00000,0x00000000eae00000,0x00000000eae80000)
 ParOldGen       total 342528K, used 342388K [0x00000000c0000000, 0x00000000d4e80000, 0x00000000eab00000)
  object space 342528K, 99% used [0x00000000c0000000,0x00000000d4e5d1f0,0x00000000d4e80000)
 Metaspace       used 76409K, committed 78080K, reserved 1179648K
  class space    used 7670K, committed 8384K, reserved 1048576K
}
Event: 1198.860 GC heap before
{Heap before GC invocations=1446 (full 4):
 PSYoungGen      total 3072K, used 3008K [0x00000000eab00000, 0x00000000eaf00000, 0x0000000100000000)
  eden space 2560K, 100% used [0x00000000eab00000,0x00000000ead80000,0x00000000ead80000)
  from space 512K, 87% used [0x00000000eae80000,0x00000000eaef0000,0x00000000eaf00000)
  to   space 512K, 0% used [0x00000000eae00000,0x00000000eae00000,0x00000000eae80000)
 ParOldGen       total 342528K, used 342388K [0x00000000c0000000, 0x00000000d4e80000, 0x00000000eab00000)
  object space 342528K, 99% used [0x00000000c0000000,0x00000000d4e5d1f0,0x00000000d4e80000)
 Metaspace       used 76409K, committed 78080K, reserved 1179648K
  class space    used 7670K, committed 8384K, reserved 1048576K
}
Event: 1198.861 GC heap after
{Heap after GC invocations=1446 (full 4):
 PSYoungGen      total 3584K, used 506K [0x00000000eab00000, 0x00000000eb000000, 0x0000000100000000)
  eden space 3072K, 0% used [0x00000000eab00000,0x00000000eab00000,0x00000000eae00000)
  from space 512K, 98% used [0x00000000eae00000,0x00000000eae7e900,0x00000000eae80000)
  to   space 1024K, 0% used [0x00000000eaf00000,0x00000000eaf00000,0x00000000eb000000)
 ParOldGen       total 343040K, used 342724K [0x00000000c0000000, 0x00000000d4f00000, 0x00000000eab00000)
  object space 343040K, 99% used [0x00000000c0000000,0x00000000d4eb11f0,0x00000000d4f00000)
 Metaspace       used 76409K, committed 78080K, reserved 1179648K
  class space    used 7670K, committed 8384K, reserved 1048576K
}
Event: 1198.866 GC heap before
{Heap before GC invocations=1447 (full 4):
 PSYoungGen      total 3584K, used 3578K [0x00000000eab00000, 0x00000000eb000000, 0x0000000100000000)
  eden space 3072K, 100% used [0x00000000eab00000,0x00000000eae00000,0x00000000eae00000)
  from space 512K, 98% used [0x00000000eae00000,0x00000000eae7e900,0x00000000eae80000)
  to   space 1024K, 0% used [0x00000000eaf00000,0x00000000eaf00000,0x00000000eb000000)
 ParOldGen       total 343040K, used 342724K [0x00000000c0000000, 0x00000000d4f00000, 0x00000000eab00000)
  object space 343040K, 99% used [0x00000000c0000000,0x00000000d4eb11f0,0x00000000d4f00000)
 Metaspace       used 76413K, committed 78080K, reserved 1179648K
  class space    used 7670K, committed 8384K, reserved 1048576K
}
Event: 1198.867 GC heap after
{Heap after GC invocations=1447 (full 4):
 PSYoungGen      total 4096K, used 538K [0x00000000eab00000, 0x00000000eb100000, 0x0000000100000000)
  eden space 3072K, 0% used [0x00000000eab00000,0x00000000eab00000,0x00000000eae00000)
  from space 1024K, 52% used [0x00000000eaf00000,0x00000000eaf86900,0x00000000eb000000)
  to   space 1024K, 0% used [0x00000000eae00000,0x00000000eae00000,0x00000000eaf00000)
 ParOldGen       total 343552K, used 343096K [0x00000000c0000000, 0x00000000d4f80000, 0x00000000eab00000)
  object space 343552K, 99% used [0x00000000c0000000,0x00000000d4f0e3f0,0x00000000d4f80000)
 Metaspace       used 76413K, committed 78080K, reserved 1179648K
  class space    used 7670K, committed 8384K, reserved 1048576K
}

