# JRE version: OpenJDK Runtime Environment Temurin-21.0.7+6 (21.0.7+6) (build 21.0.7+6-LTS)
# Java VM: OpenJDK 64-Bit Server VM Temurin-21.0.7+6 (21.0.7+6-LTS, mixed mode, sharing, tiered, compressed oops, compressed class ptrs, parallel gc, windows-amd64)
GC Precious Log:
 CardTable entry size: 512
 CPUs: 16 total, 16 available
 Memory: 5996M
 Large Page Support: Disabled
 NUMA Support: Disabled
 Compressed Oops: Enabled (32-bit)
 Alignments: Space 512K, Generation 512K, Heap 2M
 Heap Min Capacity: 100M
 Heap Initial Capacity: 100M
 Heap Max Capacity: 1G
 Pre-touch: Disabled
 Parallel Workers: 13
Heap:
 PSYoungGen      total 3072K, used 2666K [0x00000000eab00000, 0x00000000eaf00000, 0x0000000100000000)
  eden space 2560K, 86% used [0x00000000eab00000,0x00000000ead2aba8,0x00000000ead80000)
  from space 512K, 87% used [0x00000000eae80000,0x00000000eaef0000,0x00000000eaf00000)
  to   space 512K, 0% used [0x00000000eae00000,0x00000000eae00000,0x00000000eae80000)
 ParOldGen       total 421376K, used 181830K [0x00000000c0000000, 0x00000000d9b80000, 0x00000000eab00000)
  object space 421376K, 43% used [0x00000000c0000000,0x00000000cb191a40,0x00000000d9b80000)
 Metaspace       used 58466K, committed 59840K, reserved 1114112K
  class space    used 6026K, committed 6656K, reserved 1048576K
GC Heap History (20 events):
Event: 16.557 GC heap before
{Heap before GC invocations=308 (full 3):
 PSYoungGen      total 3072K, used 3028K [0x00000000eab00000, 0x00000000eaf00000, 0x0000000100000000)
  eden space 2560K, 99% used [0x00000000eab00000,0x00000000ead7d118,0x00000000ead80000)
  from space 512K, 93% used [0x00000000eae80000,0x00000000eaef8000,0x00000000eaf00000)
  to   space 512K, 0% used [0x00000000eae00000,0x00000000eae00000,0x00000000eae80000)
 ParOldGen       total 421376K, used 174358K [0x00000000c0000000, 0x00000000d9b80000, 0x00000000eab00000)
  object space 421376K, 41% used [0x00000000c0000000,0x00000000caa45918,0x00000000d9b80000)
 Metaspace       used 58426K, committed 59840K, reserved 1114112K
  class space    used 6026K, committed 6656K, reserved 1048576K
}
Event: 16.558 GC heap after
{Heap after GC invocations=308 (full 3):
 PSYoungGen      total 3072K, used 512K [0x00000000eab00000, 0x00000000eaf80000, 0x0000000100000000)
  eden space 2560K, 0% used [0x00000000eab00000,0x00000000eab00000,0x00000000ead80000)
  from space 512K, 100% used [0x00000000eae00000,0x00000000eae80000,0x00000000eae80000)
  to   space 1024K, 0% used [0x00000000eae80000,0x00000000eae80000,0x00000000eaf80000)
 ParOldGen       total 421376K, used 174702K [0x00000000c0000000, 0x00000000d9b80000, 0x00000000eab00000)
  object space 421376K, 41% used [0x00000000c0000000,0x00000000caa9b918,0x00000000d9b80000)
 Metaspace       used 58426K, committed 59840K, reserved 1114112K
  class space    used 6026K, committed 6656K, reserved 1048576K
}
Event: 16.567 GC heap before
{Heap before GC invocations=309 (full 3):
 PSYoungGen      total 3072K, used 3072K [0x00000000eab00000, 0x00000000eaf80000, 0x0000000100000000)
  eden space 2560K, 100% used [0x00000000eab00000,0x00000000ead80000,0x00000000ead80000)
  from space 512K, 100% used [0x00000000eae00000,0x00000000eae80000,0x00000000eae80000)
  to   space 1024K, 0% used [0x00000000eae80000,0x00000000eae80000,0x00000000eaf80000)
 ParOldGen       total 421376K, used 174702K [0x00000000c0000000, 0x00000000d9b80000, 0x00000000eab00000)
  object space 421376K, 41% used [0x00000000c0000000,0x00000000caa9b918,0x00000000d9b80000)
 Metaspace       used 58426K, committed 59840K, reserved 1114112K
  class space    used 6026K, committed 6656K, reserved 1048576K
}
Event: 16.568 GC heap after
{Heap after GC invocations=309 (full 3):
 PSYoungGen      total 3584K, used 576K [0x00000000eab00000, 0x00000000eaf80000, 0x0000000100000000)
  eden space 2560K, 0% used [0x00000000eab00000,0x00000000eab00000,0x00000000ead80000)
  from space 1024K, 56% used [0x00000000eae80000,0x00000000eaf10000,0x00000000eaf80000)
  to   space 1024K, 0% used [0x00000000ead80000,0x00000000ead80000,0x00000000eae80000)
 ParOldGen       total 421376K, used 175054K [0x00000000c0000000, 0x00000000d9b80000, 0x00000000eab00000)
  object space 421376K, 41% used [0x00000000c0000000,0x00000000caaf3918,0x00000000d9b80000)
 Metaspace       used 58426K, committed 59840K, reserved 1114112K
  class space    used 6026K, committed 6656K, reserved 1048576K
}
Event: 16.590 GC heap before
{Heap before GC invocations=310 (full 3):
 PSYoungGen      total 3584K, used 3135K [0x00000000eab00000, 0x00000000eaf80000, 0x0000000100000000)
  eden space 2560K, 99% used [0x00000000eab00000,0x00000000ead7fff0,0x00000000ead80000)
  from space 1024K, 56% used [0x00000000eae80000,0x00000000eaf10000,0x00000000eaf80000)
  to   space 1024K, 0% used [0x00000000ead80000,0x00000000ead80000,0x00000000eae80000)
 ParOldGen       total 421376K, used 175054K [0x00000000c0000000, 0x00000000d9b80000, 0x00000000eab00000)
  object space 421376K, 41% used [0x00000000c0000000,0x00000000caaf3918,0x00000000d9b80000)
 Metaspace       used 58428K, committed 59840K, reserved 1114112K
  class space    used 6026K, committed 6656K, reserved 1048576K
}
Event: 16.591 GC heap after
{Heap after GC invocations=310 (full 3):
 PSYoungGen      total 3584K, used 1020K [0x00000000eab00000, 0x00000000eb180000, 0x0000000100000000)
  eden space 2560K, 0% used [0x00000000eab00000,0x00000000eab00000,0x00000000ead80000)
  from space 1024K, 99% used [0x00000000ead80000,0x00000000eae7f180,0x00000000eae80000)
  to   space 2048K, 0% used [0x00000000eaf80000,0x00000000eaf80000,0x00000000eb180000)
 ParOldGen       total 421376K, used 175763K [0x00000000c0000000, 0x00000000d9b80000, 0x00000000eab00000)
  object space 421376K, 41% used [0x00000000c0000000,0x00000000caba4e68,0x00000000d9b80000)
 Metaspace       used 58428K, committed 59840K, reserved 1114112K
  class space    used 6026K, committed 6656K, reserved 1048576K
}
Event: 16.606 GC heap before
{Heap before GC invocations=311 (full 3):
 PSYoungGen      total 3584K, used 3580K [0x00000000eab00000, 0x00000000eb180000, 0x0000000100000000)
  eden space 2560K, 100% used [0x00000000eab00000,0x00000000ead80000,0x00000000ead80000)
  from space 1024K, 99% used [0x00000000ead80000,0x00000000eae7f180,0x00000000eae80000)
  to   space 2048K, 0% used [0x00000000eaf80000,0x00000000eaf80000,0x00000000eb180000)
 ParOldGen       total 421376K, used 175763K [0x00000000c0000000, 0x00000000d9b80000, 0x00000000eab00000)
  object space 421376K, 41% used [0x00000000c0000000,0x00000000caba4e68,0x00000000d9b80000)
 Metaspace       used 58438K, committed 59840K, reserved 1114112K
  class space    used 6026K, committed 6656K, reserved 1048576K
}
Event: 16.609 GC heap after
{Heap after GC invocations=311 (full 3):
 PSYoungGen      total 4608K, used 1950K [0x00000000eab00000, 0x00000000eb180000, 0x0000000100000000)
  eden space 2560K, 0% used [0x00000000eab00000,0x00000000eab00000,0x00000000ead80000)
  from space 2048K, 95% used [0x00000000eaf80000,0x00000000eb167800,0x00000000eb180000)
  to   space 2048K, 0% used [0x00000000ead80000,0x00000000ead80000,0x00000000eaf80000)
 ParOldGen       total 421376K, used 176345K [0x00000000c0000000, 0x00000000d9b80000, 0x00000000eab00000)
  object space 421376K, 41% used [0x00000000c0000000,0x00000000cac36728,0x00000000d9b80000)
 Metaspace       used 58438K, committed 59840K, reserved 1114112K
  class space    used 6026K, committed 6656K, reserved 1048576K
}
Event: 16.708 GC heap before
{Heap before GC invocations=312 (full 3):
 PSYoungGen      total 4608K, used 4503K [0x00000000eab00000, 0x00000000eb180000, 0x0000000100000000)
  eden space 2560K, 99% used [0x00000000eab00000,0x00000000ead7e5b8,0x00000000ead80000)
  from space 2048K, 95% used [0x00000000eaf80000,0x00000000eb167800,0x00000000eb180000)
  to   space 2048K, 0% used [0x00000000ead80000,0x00000000ead80000,0x00000000eaf80000)
 ParOldGen       total 421376K, used 176345K [0x00000000c0000000, 0x00000000d9b80000, 0x00000000eab00000)
  object space 421376K, 41% used [0x00000000c0000000,0x00000000cac36728,0x00000000d9b80000)
 Metaspace       used 58439K, committed 59840K, reserved 1114112K
  class space    used 6026K, committed 6656K, reserved 1048576K
}
Event: 16.710 GC heap after
{Heap after GC invocations=312 (full 3):
 PSYoungGen      total 3584K, used 854K [0x00000000eab00000, 0x00000000eb080000, 0x0000000100000000)
  eden space 2560K, 0% used [0x00000000eab00000,0x00000000eab00000,0x00000000ead80000)
  from space 1024K, 83% used [0x00000000ead80000,0x00000000eae55ba8,0x00000000eae80000)
  to   space 1536K, 0% used [0x00000000eaf00000,0x00000000eaf00000,0x00000000eb080000)
 ParOldGen       total 421376K, used 177761K [0x00000000c0000000, 0x00000000d9b80000, 0x00000000eab00000)
  object space 421376K, 42% used [0x00000000c0000000,0x00000000cad98460,0x00000000d9b80000)
 Metaspace       used 58439K, committed 59840K, reserved 1114112K
  class space    used 6026K, committed 6656K, reserved 1048576K
}
Event: 16.719 GC heap before
{Heap before GC invocations=313 (full 3):
 PSYoungGen      total 3584K, used 3414K [0x00000000eab00000, 0x00000000eb080000, 0x0000000100000000)
  eden space 2560K, 99% used [0x00000000eab00000,0x00000000ead7ffe0,0x00000000ead80000)
  from space 1024K, 83% used [0x00000000ead80000,0x00000000eae55ba8,0x00000000eae80000)
  to   space 1536K, 0% used [0x00000000eaf00000,0x00000000eaf00000,0x00000000eb080000)
 ParOldGen       total 421376K, used 177761K [0x00000000c0000000, 0x00000000d9b80000, 0x00000000eab00000)
  object space 421376K, 42% used [0x00000000c0000000,0x00000000cad98460,0x00000000d9b80000)
 Metaspace       used 58441K, committed 59840K, reserved 1114112K
  class space    used 6026K, committed 6656K, reserved 1048576K
}
Event: 16.722 GC heap after
{Heap after GC invocations=313 (full 3):
 PSYoungGen      total 3072K, used 448K [0x00000000eab00000, 0x00000000eaf80000, 0x0000000100000000)
  eden space 2560K, 0% used [0x00000000eab00000,0x00000000eab00000,0x00000000ead80000)
  from space 512K, 87% used [0x00000000eaf00000,0x00000000eaf70000,0x00000000eaf80000)
  to   space 1024K, 0% used [0x00000000ead80000,0x00000000ead80000,0x00000000eae80000)
 ParOldGen       total 421376K, used 178482K [0x00000000c0000000, 0x00000000d9b80000, 0x00000000eab00000)
  object space 421376K, 42% used [0x00000000c0000000,0x00000000cae4c808,0x00000000d9b80000)
 Metaspace       used 58441K, committed 59840K, reserved 1114112K
  class space    used 6026K, committed 6656K, reserved 1048576K
}
Event: 16.730 GC heap before
{Heap before GC invocations=314 (full 3):
 PSYoungGen      total 3072K, used 3008K [0x00000000eab00000, 0x00000000eaf80000, 0x0000000100000000)
  eden space 2560K, 100% used [0x00000000eab00000,0x00000000ead80000,0x00000000ead80000)
  from space 512K, 87% used [0x00000000eaf00000,0x00000000eaf70000,0x00000000eaf80000)
  to   space 1024K, 0% used [0x00000000ead80000,0x00000000ead80000,0x00000000eae80000)
 ParOldGen       total 421376K, used 178482K [0x00000000c0000000, 0x00000000d9b80000, 0x00000000eab00000)
  object space 421376K, 42% used [0x00000000c0000000,0x00000000cae4c808,0x00000000d9b80000)
 Metaspace       used 58441K, committed 59840K, reserved 1114112K
  class space    used 6026K, committed 6656K, reserved 1048576K
}
Event: 16.731 GC heap after
{Heap after GC invocations=314 (full 3):
 PSYoungGen      total 3584K, used 512K [0x00000000eab00000, 0x00000000eaf80000, 0x0000000100000000)
  eden space 2560K, 0% used [0x00000000eab00000,0x00000000eab00000,0x00000000ead80000)
  from space 1024K, 50% used [0x00000000ead80000,0x00000000eae00000,0x00000000eae80000)
  to   space 1024K, 0% used [0x00000000eae80000,0x00000000eae80000,0x00000000eaf80000)
 ParOldGen       total 421376K, used 178829K [0x00000000c0000000, 0x00000000d9b80000, 0x00000000eab00000)
  object space 421376K, 42% used [0x00000000c0000000,0x00000000caea3410,0x00000000d9b80000)
 Metaspace       used 58441K, committed 59840K, reserved 1114112K
  class space    used 6026K, committed 6656K, reserved 1048576K
}
Event: 16.741 GC heap before
{Heap before GC invocations=315 (full 3):
 PSYoungGen      total 3584K, used 3058K [0x00000000eab00000, 0x00000000eaf80000, 0x0000000100000000)
  eden space 2560K, 99% used [0x00000000eab00000,0x00000000ead7c950,0x00000000ead80000)
  from space 1024K, 50% used [0x00000000ead80000,0x00000000eae00000,0x00000000eae80000)
  to   space 1024K, 0% used [0x00000000eae80000,0x00000000eae80000,0x00000000eaf80000)
 ParOldGen       total 421376K, used 178829K [0x00000000c0000000, 0x00000000d9b80000, 0x00000000eab00000)
  object space 421376K, 42% used [0x00000000c0000000,0x00000000caea3410,0x00000000d9b80000)
 Metaspace       used 58441K, committed 59840K, reserved 1114112K
  class space    used 6026K, committed 6656K, reserved 1048576K
}
Event: 16.742 GC heap after
{Heap after GC invocations=315 (full 3):
 PSYoungGen      total 3072K, used 480K [0x00000000eab00000, 0x00000000eaf00000, 0x0000000100000000)
  eden space 2560K, 0% used [0x00000000eab00000,0x00000000eab00000,0x00000000ead80000)
  from space 512K, 93% used [0x00000000eae80000,0x00000000eaef8000,0x00000000eaf00000)
  to   space 512K, 0% used [0x00000000eae00000,0x00000000eae00000,0x00000000eae80000)
 ParOldGen       total 421376K, used 179133K [0x00000000c0000000, 0x00000000d9b80000, 0x00000000eab00000)
  object space 421376K, 42% used [0x00000000c0000000,0x00000000caeef410,0x00000000d9b80000)
 Metaspace       used 58441K, committed 59840K, reserved 1114112K
  class space    used 6026K, committed 6656K, reserved 1048576K
}
Event: 16.797 GC heap before
{Heap before GC invocations=316 (full 3):
 PSYoungGen      total 3072K, used 3040K [0x00000000eab00000, 0x00000000eaf00000, 0x0000000100000000)
  eden space 2560K, 100% used [0x00000000eab00000,0x00000000ead80000,0x00000000ead80000)
  from space 512K, 93% used [0x00000000eae80000,0x00000000eaef8000,0x00000000eaf00000)
  to   space 512K, 0% used [0x00000000eae00000,0x00000000eae00000,0x00000000eae80000)
 ParOldGen       total 421376K, used 179133K [0x00000000c0000000, 0x00000000d9b80000, 0x00000000eab00000)
  object space 421376K, 42% used [0x00000000c0000000,0x00000000caeef410,0x00000000d9b80000)
 Metaspace       used 58460K, committed 59840K, reserved 1114112K
  class space    used 6026K, committed 6656K, reserved 1048576K
}
Event: 16.798 GC heap after
{Heap after GC invocations=316 (full 3):
 PSYoungGen      total 3072K, used 498K [0x00000000eab00000, 0x00000000eaf00000, 0x0000000100000000)
  eden space 2560K, 0% used [0x00000000eab00000,0x00000000eab00000,0x00000000ead80000)
  from space 512K, 97% used [0x00000000eae00000,0x00000000eae7c928,0x00000000eae80000)
  to   space 512K, 0% used [0x00000000eae80000,0x00000000eae80000,0x00000000eaf00000)
 ParOldGen       total 421376K, used 179469K [0x00000000c0000000, 0x00000000d9b80000, 0x00000000eab00000)
  object space 421376K, 42% used [0x00000000c0000000,0x00000000caf43410,0x00000000d9b80000)
 Metaspace       used 58460K, committed 59840K, reserved 1114112K
  class space    used 6026K, committed 6656K, reserved 1048576K
}
Event: 16.807 GC heap before
{Heap before GC invocations=317 (full 3):
 PSYoungGen      total 3072K, used 3058K [0x00000000eab00000, 0x00000000eaf00000, 0x0000000100000000)
  eden space 2560K, 100% used [0x00000000eab00000,0x00000000ead80000,0x00000000ead80000)
  from space 512K, 97% used [0x00000000eae00000,0x00000000eae7c928,0x00000000eae80000)
  to   space 512K, 0% used [0x00000000eae80000,0x00000000eae80000,0x00000000eaf00000)
 ParOldGen       total 421376K, used 179469K [0x00000000c0000000, 0x00000000d9b80000, 0x00000000eab00000)
  object space 421376K, 42% used [0x00000000c0000000,0x00000000caf43410,0x00000000d9b80000)
 Metaspace       used 58460K, committed 59840K, reserved 1114112K
  class space    used 6026K, committed 6656K, reserved 1048576K
}
Event: 16.808 GC heap after
{Heap after GC invocations=317 (full 3):
 PSYoungGen      total 3072K, used 480K [0x00000000eab00000, 0x00000000eaf00000, 0x0000000100000000)
  eden space 2560K, 0% used [0x00000000eab00000,0x00000000eab00000,0x00000000ead80000)
  from space 512K, 93% used [0x00000000eae80000,0x00000000eaef8000,0x00000000eaf00000)
  to   space 512K, 0% used [0x00000000eae00000,0x00000000eae00000,0x00000000eae80000)
 ParOldGen       total 421376K, used 179837K [0x00000000c0000000, 0x00000000d9b80000, 0x00000000eab00000)
  object space 421376K, 42% used [0x00000000c0000000,0x00000000caf9f630,0x00000000d9b80000)
 Metaspace       used 58460K, committed 59840K, reserved 1114112K
  class space    used 6026K, committed 6656K, reserved 1048576K
}

