# JRE version: OpenJDK Runtime Environment Temurin-21.0.7+6 (21.0.7+6) (build 21.0.7+6-LTS)
# Java VM: OpenJDK 64-Bit Server VM Temurin-21.0.7+6 (21.0.7+6-LTS, mixed mode, sharing, tiered, compressed oops, compressed class ptrs, parallel gc, windows-amd64)
GC Precious Log:
 CardTable entry size: 512
 CPUs: 16 total, 16 available
 Memory: 5996M
 Large Page Support: Disabled
 NUMA Support: Disabled
 Compressed Oops: Enabled (32-bit)
 Alignments: Space 512K, Generation 512K, Heap 2M
 Heap Min Capacity: 100M
 Heap Initial Capacity: 100M
 Heap Max Capacity: 1G
 Pre-touch: Disabled
 Parallel Workers: 13
Heap:
 PSYoungGen      total 48128K, used 13773K [0x00000000eab00000, 0x00000000ee780000, 0x0000000100000000)
  eden space 36864K, 6% used [0x00000000eab00000,0x00000000ead820e0,0x00000000ecf00000)
  from space 11264K, 99% used [0x00000000edc80000,0x00000000ee771628,0x00000000ee780000)
  to   space 11776K, 0% used [0x00000000ed080000,0x00000000ed080000,0x00000000edc00000)
 ParOldGen       total 290816K, used 290587K [0x00000000c0000000, 0x00000000d1c00000, 0x00000000eab00000)
  object space 290816K, 99% used [0x00000000c0000000,0x00000000d1bc6c50,0x00000000d1c00000)
 Metaspace       used 72956K, committed 74688K, reserved 1179648K
  class space    used 7218K, committed 8000K, reserved 1048576K
GC Heap History (20 events):
Event: 42.565 GC heap before
{Heap before GC invocations=1337 (full 5):
 PSYoungGen      total 41984K, used 41984K [0x00000000eab00000, 0x00000000ed680000, 0x0000000100000000)
  eden space 41472K, 100% used [0x00000000eab00000,0x00000000ed380000,0x00000000ed380000)
  from space 512K, 100% used [0x00000000ed600000,0x00000000ed680000,0x00000000ed680000)
  to   space 1024K, 0% used [0x00000000ed480000,0x00000000ed480000,0x00000000ed580000)
 ParOldGen       total 280064K, used 275412K [0x00000000c0000000, 0x00000000d1180000, 0x00000000eab00000)
  object space 280064K, 98% used [0x00000000c0000000,0x00000000d0cf5240,0x00000000d1180000)
 Metaspace       used 69292K, committed 70976K, reserved 1114112K
  class space    used 6918K, committed 7680K, reserved 1048576K
}
Event: 42.567 GC heap after
{Heap after GC invocations=1337 (full 5):
 PSYoungGen      total 41984K, used 622K [0x00000000eab00000, 0x00000000ed680000, 0x0000000100000000)
  eden space 40960K, 0% used [0x00000000eab00000,0x00000000eab00000,0x00000000ed300000)
  from space 1024K, 60% used [0x00000000ed480000,0x00000000ed51bb00,0x00000000ed580000)
  to   space 1024K, 0% used [0x00000000ed580000,0x00000000ed580000,0x00000000ed680000)
 ParOldGen       total 280064K, used 275612K [0x00000000c0000000, 0x00000000d1180000, 0x00000000eab00000)
  object space 280064K, 98% used [0x00000000c0000000,0x00000000d0d27240,0x00000000d1180000)
 Metaspace       used 69292K, committed 70976K, reserved 1114112K
  class space    used 6918K, committed 7680K, reserved 1048576K
}
Event: 42.634 GC heap before
{Heap before GC invocations=1338 (full 5):
 PSYoungGen      total 41984K, used 41582K [0x00000000eab00000, 0x00000000ed680000, 0x0000000100000000)
  eden space 40960K, 100% used [0x00000000eab00000,0x00000000ed300000,0x00000000ed300000)
  from space 1024K, 60% used [0x00000000ed480000,0x00000000ed51bb00,0x00000000ed580000)
  to   space 1024K, 0% used [0x00000000ed580000,0x00000000ed580000,0x00000000ed680000)
 ParOldGen       total 280064K, used 275612K [0x00000000c0000000, 0x00000000d1180000, 0x00000000eab00000)
  object space 280064K, 98% used [0x00000000c0000000,0x00000000d0d27240,0x00000000d1180000)
 Metaspace       used 69343K, committed 71040K, reserved 1114112K
  class space    used 6924K, committed 7680K, reserved 1048576K
}
Event: 42.639 GC heap after
{Heap after GC invocations=1338 (full 5):
 PSYoungGen      total 41472K, used 576K [0x00000000eab00000, 0x00000000ed680000, 0x0000000100000000)
  eden space 40448K, 0% used [0x00000000eab00000,0x00000000eab00000,0x00000000ed280000)
  from space 1024K, 56% used [0x00000000ed580000,0x00000000ed610000,0x00000000ed680000)
  to   space 1024K, 0% used [0x00000000ed480000,0x00000000ed480000,0x00000000ed580000)
 ParOldGen       total 280064K, used 276797K [0x00000000c0000000, 0x00000000d1180000, 0x00000000eab00000)
  object space 280064K, 98% used [0x00000000c0000000,0x00000000d0e4f640,0x00000000d1180000)
 Metaspace       used 69343K, committed 71040K, reserved 1114112K
  class space    used 6924K, committed 7680K, reserved 1048576K
}
Event: 42.690 GC heap before
{Heap before GC invocations=1339 (full 5):
 PSYoungGen      total 41472K, used 41024K [0x00000000eab00000, 0x00000000ed680000, 0x0000000100000000)
  eden space 40448K, 100% used [0x00000000eab00000,0x00000000ed280000,0x00000000ed280000)
  from space 1024K, 56% used [0x00000000ed580000,0x00000000ed610000,0x00000000ed680000)
  to   space 1024K, 0% used [0x00000000ed480000,0x00000000ed480000,0x00000000ed580000)
 ParOldGen       total 280064K, used 276797K [0x00000000c0000000, 0x00000000d1180000, 0x00000000eab00000)
  object space 280064K, 98% used [0x00000000c0000000,0x00000000d0e4f640,0x00000000d1180000)
 Metaspace       used 69361K, committed 71040K, reserved 1114112K
  class space    used 6925K, committed 7680K, reserved 1048576K
}
Event: 42.692 GC heap after
{Heap after GC invocations=1339 (full 5):
 PSYoungGen      total 40960K, used 544K [0x00000000eab00000, 0x00000000ed600000, 0x0000000100000000)
  eden space 39936K, 0% used [0x00000000eab00000,0x00000000eab00000,0x00000000ed200000)
  from space 1024K, 53% used [0x00000000ed480000,0x00000000ed508000,0x00000000ed580000)
  to   space 512K, 0% used [0x00000000ed580000,0x00000000ed580000,0x00000000ed600000)
 ParOldGen       total 280064K, used 277125K [0x00000000c0000000, 0x00000000d1180000, 0x00000000eab00000)
  object space 280064K, 98% used [0x00000000c0000000,0x00000000d0ea1640,0x00000000d1180000)
 Metaspace       used 69361K, committed 71040K, reserved 1114112K
  class space    used 6925K, committed 7680K, reserved 1048576K
}
Event: 42.737 GC heap before
{Heap before GC invocations=1340 (full 5):
 PSYoungGen      total 40960K, used 40480K [0x00000000eab00000, 0x00000000ed600000, 0x0000000100000000)
  eden space 39936K, 100% used [0x00000000eab00000,0x00000000ed200000,0x00000000ed200000)
  from space 1024K, 53% used [0x00000000ed480000,0x00000000ed508000,0x00000000ed580000)
  to   space 512K, 0% used [0x00000000ed580000,0x00000000ed580000,0x00000000ed600000)
 ParOldGen       total 280064K, used 277125K [0x00000000c0000000, 0x00000000d1180000, 0x00000000eab00000)
  object space 280064K, 98% used [0x00000000c0000000,0x00000000d0ea1640,0x00000000d1180000)
 Metaspace       used 69389K, committed 71104K, reserved 1114112K
  class space    used 6925K, committed 7680K, reserved 1048576K
}
Event: 42.740 GC heap after
{Heap after GC invocations=1340 (full 5):
 PSYoungGen      total 39936K, used 500K [0x00000000eab00000, 0x00000000ed600000, 0x0000000100000000)
  eden space 39424K, 0% used [0x00000000eab00000,0x00000000eab00000,0x00000000ed180000)
  from space 512K, 97% used [0x00000000ed580000,0x00000000ed5fd200,0x00000000ed600000)
  to   space 1024K, 0% used [0x00000000ed400000,0x00000000ed400000,0x00000000ed500000)
 ParOldGen       total 280064K, used 277397K [0x00000000c0000000, 0x00000000d1180000, 0x00000000eab00000)
  object space 280064K, 99% used [0x00000000c0000000,0x00000000d0ee5640,0x00000000d1180000)
 Metaspace       used 69389K, committed 71104K, reserved 1114112K
  class space    used 6925K, committed 7680K, reserved 1048576K
}
Event: 42.791 GC heap before
{Heap before GC invocations=1341 (full 5):
 PSYoungGen      total 39936K, used 39924K [0x00000000eab00000, 0x00000000ed600000, 0x0000000100000000)
  eden space 39424K, 100% used [0x00000000eab00000,0x00000000ed180000,0x00000000ed180000)
  from space 512K, 97% used [0x00000000ed580000,0x00000000ed5fd200,0x00000000ed600000)
  to   space 1024K, 0% used [0x00000000ed400000,0x00000000ed400000,0x00000000ed500000)
 ParOldGen       total 280064K, used 277397K [0x00000000c0000000, 0x00000000d1180000, 0x00000000eab00000)
  object space 280064K, 99% used [0x00000000c0000000,0x00000000d0ee56a8,0x00000000d1180000)
 Metaspace       used 69404K, committed 71104K, reserved 1114112K
  class space    used 6925K, committed 7680K, reserved 1048576K
}
Event: 42.793 GC heap after
{Heap after GC invocations=1341 (full 5):
 PSYoungGen      total 40448K, used 800K [0x00000000eab00000, 0x00000000ed600000, 0x0000000100000000)
  eden space 39424K, 0% used [0x00000000eab00000,0x00000000eab00000,0x00000000ed180000)
  from space 1024K, 78% used [0x00000000ed400000,0x00000000ed4c8000,0x00000000ed500000)
  to   space 1024K, 0% used [0x00000000ed500000,0x00000000ed500000,0x00000000ed600000)
 ParOldGen       total 280064K, used 277677K [0x00000000c0000000, 0x00000000d1180000, 0x00000000eab00000)
  object space 280064K, 99% used [0x00000000c0000000,0x00000000d0f2b6a8,0x00000000d1180000)
 Metaspace       used 69404K, committed 71104K, reserved 1114112K
  class space    used 6925K, committed 7680K, reserved 1048576K
}
Event: 42.843 GC heap before
{Heap before GC invocations=1342 (full 5):
 PSYoungGen      total 40448K, used 40224K [0x00000000eab00000, 0x00000000ed600000, 0x0000000100000000)
  eden space 39424K, 100% used [0x00000000eab00000,0x00000000ed180000,0x00000000ed180000)
  from space 1024K, 78% used [0x00000000ed400000,0x00000000ed4c8000,0x00000000ed500000)
  to   space 1024K, 0% used [0x00000000ed500000,0x00000000ed500000,0x00000000ed600000)
 ParOldGen       total 280064K, used 277679K [0x00000000c0000000, 0x00000000d1180000, 0x00000000eab00000)
  object space 280064K, 99% used [0x00000000c0000000,0x00000000d0f2bdb8,0x00000000d1180000)
 Metaspace       used 69405K, committed 71104K, reserved 1114112K
  class space    used 6925K, committed 7680K, reserved 1048576K
}
Event: 42.846 GC heap after
{Heap after GC invocations=1342 (full 5):
 PSYoungGen      total 39936K, used 992K [0x00000000eab00000, 0x00000000ed600000, 0x0000000100000000)
  eden space 38912K, 0% used [0x00000000eab00000,0x00000000eab00000,0x00000000ed100000)
  from space 1024K, 96% used [0x00000000ed500000,0x00000000ed5f8000,0x00000000ed600000)
  to   space 1536K, 0% used [0x00000000ed300000,0x00000000ed300000,0x00000000ed480000)
 ParOldGen       total 280064K, used 277679K [0x00000000c0000000, 0x00000000d1180000, 0x00000000eab00000)
  object space 280064K, 99% used [0x00000000c0000000,0x00000000d0f2bdb8,0x00000000d1180000)
 Metaspace       used 69405K, committed 71104K, reserved 1114112K
  class space    used 6925K, committed 7680K, reserved 1048576K
}
Event: 43.041 GC heap before
{Heap before GC invocations=1343 (full 5):
 PSYoungGen      total 39936K, used 39904K [0x00000000eab00000, 0x00000000ed600000, 0x0000000100000000)
  eden space 38912K, 100% used [0x00000000eab00000,0x00000000ed100000,0x00000000ed100000)
  from space 1024K, 96% used [0x00000000ed500000,0x00000000ed5f8000,0x00000000ed600000)
  to   space 1536K, 0% used [0x00000000ed300000,0x00000000ed300000,0x00000000ed480000)
 ParOldGen       total 280064K, used 277679K [0x00000000c0000000, 0x00000000d1180000, 0x00000000eab00000)
  object space 280064K, 99% used [0x00000000c0000000,0x00000000d0f2bdb8,0x00000000d1180000)
 Metaspace       used 69855K, committed 71552K, reserved 1114112K
  class space    used 6977K, committed 7744K, reserved 1048576K
}
Event: 43.048 GC heap after
{Heap after GC invocations=1343 (full 5):
 PSYoungGen      total 39936K, used 1536K [0x00000000eab00000, 0x00000000edb80000, 0x0000000100000000)
  eden space 38400K, 0% used [0x00000000eab00000,0x00000000eab00000,0x00000000ed080000)
  from space 1536K, 100% used [0x00000000ed300000,0x00000000ed480000,0x00000000ed480000)
  to   space 5632K, 0% used [0x00000000ed600000,0x00000000ed600000,0x00000000edb80000)
 ParOldGen       total 281088K, used 280761K [0x00000000c0000000, 0x00000000d1280000, 0x00000000eab00000)
  object space 281088K, 99% used [0x00000000c0000000,0x00000000d122e5c0,0x00000000d1280000)
 Metaspace       used 69855K, committed 71552K, reserved 1114112K
  class space    used 6977K, committed 7744K, reserved 1048576K
}
Event: 43.268 GC heap before
{Heap before GC invocations=1344 (full 5):
 PSYoungGen      total 39936K, used 39927K [0x00000000eab00000, 0x00000000edb80000, 0x0000000100000000)
  eden space 38400K, 99% used [0x00000000eab00000,0x00000000ed07df48,0x00000000ed080000)
  from space 1536K, 100% used [0x00000000ed300000,0x00000000ed480000,0x00000000ed480000)
  to   space 5632K, 0% used [0x00000000ed600000,0x00000000ed600000,0x00000000edb80000)
 ParOldGen       total 281088K, used 280761K [0x00000000c0000000, 0x00000000d1280000, 0x00000000eab00000)
  object space 281088K, 99% used [0x00000000c0000000,0x00000000d122e5c0,0x00000000d1280000)
 Metaspace       used 70938K, committed 72576K, reserved 1114112K
  class space    used 7057K, committed 7808K, reserved 1048576K
}
Event: 43.272 GC heap after
{Heap after GC invocations=1344 (full 5):
 PSYoungGen      total 41472K, used 3124K [0x00000000eab00000, 0x00000000ed980000, 0x0000000100000000)
  eden space 37888K, 0% used [0x00000000eab00000,0x00000000eab00000,0x00000000ed000000)
  from space 3584K, 87% used [0x00000000ed600000,0x00000000ed90d2c0,0x00000000ed980000)
  to   space 4096K, 0% used [0x00000000ed180000,0x00000000ed180000,0x00000000ed580000)
 ParOldGen       total 281600K, used 281353K [0x00000000c0000000, 0x00000000d1300000, 0x00000000eab00000)
  object space 281600K, 99% used [0x00000000c0000000,0x00000000d12c25c0,0x00000000d1300000)
 Metaspace       used 70938K, committed 72576K, reserved 1114112K
  class space    used 7057K, committed 7808K, reserved 1048576K
}
Event: 43.544 GC heap before
{Heap before GC invocations=1345 (full 5):
 PSYoungGen      total 41472K, used 41012K [0x00000000eab00000, 0x00000000ed980000, 0x0000000100000000)
  eden space 37888K, 100% used [0x00000000eab00000,0x00000000ed000000,0x00000000ed000000)
  from space 3584K, 87% used [0x00000000ed600000,0x00000000ed90d2c0,0x00000000ed980000)
  to   space 4096K, 0% used [0x00000000ed180000,0x00000000ed180000,0x00000000ed580000)
 ParOldGen       total 281600K, used 281353K [0x00000000c0000000, 0x00000000d1300000, 0x00000000eab00000)
  object space 281600K, 99% used [0x00000000c0000000,0x00000000d12c25c0,0x00000000d1300000)
 Metaspace       used 71624K, committed 73344K, reserved 1179648K
  class space    used 7104K, committed 7872K, reserved 1048576K
}
Event: 43.554 GC heap after
{Heap after GC invocations=1345 (full 5):
 PSYoungGen      total 41472K, used 4085K [0x00000000eab00000, 0x00000000ee980000, 0x0000000100000000)
  eden space 37376K, 0% used [0x00000000eab00000,0x00000000eab00000,0x00000000ecf80000)
  from space 4096K, 99% used [0x00000000ed180000,0x00000000ed57d6a8,0x00000000ed580000)
  to   space 13312K, 0% used [0x00000000edc80000,0x00000000edc80000,0x00000000ee980000)
 ParOldGen       total 288768K, used 288741K [0x00000000c0000000, 0x00000000d1a00000, 0x00000000eab00000)
  object space 288768K, 99% used [0x00000000c0000000,0x00000000d19f9548,0x00000000d1a00000)
 Metaspace       used 71624K, committed 73344K, reserved 1179648K
  class space    used 7104K, committed 7872K, reserved 1048576K
}
Event: 52.836 GC heap before
{Heap before GC invocations=1346 (full 5):
 PSYoungGen      total 41472K, used 41461K [0x00000000eab00000, 0x00000000ee980000, 0x0000000100000000)
  eden space 37376K, 100% used [0x00000000eab00000,0x00000000ecf80000,0x00000000ecf80000)
  from space 4096K, 99% used [0x00000000ed180000,0x00000000ed57d6a8,0x00000000ed580000)
  to   space 13312K, 0% used [0x00000000edc80000,0x00000000edc80000,0x00000000ee980000)
 ParOldGen       total 288768K, used 288741K [0x00000000c0000000, 0x00000000d1a00000, 0x00000000eab00000)
  object space 288768K, 99% used [0x00000000c0000000,0x00000000d19f9548,0x00000000d1a00000)
 Metaspace       used 72905K, committed 74624K, reserved 1179648K
  class space    used 7216K, committed 8000K, reserved 1048576K
}
Event: 52.851 GC heap after
{Heap after GC invocations=1346 (full 5):
 PSYoungGen      total 48128K, used 11205K [0x00000000eab00000, 0x00000000ee780000, 0x0000000100000000)
  eden space 36864K, 0% used [0x00000000eab00000,0x00000000eab00000,0x00000000ecf00000)
  from space 11264K, 99% used [0x00000000edc80000,0x00000000ee771628,0x00000000ee780000)
  to   space 11776K, 0% used [0x00000000ed080000,0x00000000ed080000,0x00000000edc00000)
 ParOldGen       total 290816K, used 290587K [0x00000000c0000000, 0x00000000d1c00000, 0x00000000eab00000)
  object space 290816K, 99% used [0x00000000c0000000,0x00000000d1bc6c50,0x00000000d1c00000)
 Metaspace       used 72905K, committed 74624K, reserved 1179648K
  class space    used 7216K, committed 8000K, reserved 1048576K
}

