# JRE version: OpenJDK Runtime Environment Temurin-21.0.7+6 (21.0.7+6) (build 21.0.7+6-LTS)
# Java VM: OpenJDK 64-Bit Server VM Temurin-21.0.7+6 (21.0.7+6-LTS, mixed mode, sharing, tiered, compressed oops, compressed class ptrs, parallel gc, windows-amd64)
GC Precious Log:
 CardTable entry size: 512
 CPUs: 16 total, 16 available
 Memory: 5996M
 Large Page Support: Disabled
 NUMA Support: Disabled
 Compressed Oops: Enabled (32-bit)
 Alignments: Space 512K, Generation 512K, Heap 2M
 Heap Min Capacity: 100M
 Heap Initial Capacity: 100M
 Heap Max Capacity: 1G
 Pre-touch: Disabled
 Parallel Workers: 13
Heap:
 PSYoungGen      total 24576K, used 8989K [0x00000000eab00000, 0x00000000ec680000, 0x0000000100000000)
  eden space 22016K, 31% used [0x00000000eab00000,0x00000000eb1cc918,0x00000000ec080000)
  from space 2560K, 81% used [0x00000000ec400000,0x00000000ec609000,0x00000000ec680000)
  to   space 2560K, 0% used [0x00000000ec100000,0x00000000ec100000,0x00000000ec380000)
 ParOldGen       total 68608K, used 28100K [0x00000000c0000000, 0x00000000c4300000, 0x00000000eab00000)
  object space 68608K, 40% used [0x00000000c0000000,0x00000000c1b711a8,0x00000000c4300000)
 Metaspace       used 39069K, committed 40320K, reserved 1114112K
  class space    used 3962K, committed 4480K, reserved 1048576K
GC Heap History (20 events):
Event: 3.738 GC heap before
{Heap before GC invocations=10 (full 1):
 PSYoungGen      total 27648K, used 27247K [0x00000000eab00000, 0x00000000ecc00000, 0x0000000100000000)
  eden space 24064K, 98% used [0x00000000eab00000,0x00000000ec23bf88,0x00000000ec280000)
  from space 3584K, 96% used [0x00000000ec880000,0x00000000ecbdfe50,0x00000000ecc00000)
  to   space 4096K, 0% used [0x00000000ec400000,0x00000000ec400000,0x00000000ec800000)
 ParOldGen       total 68608K, used 12560K [0x00000000c0000000, 0x00000000c4300000, 0x00000000eab00000)
  object space 68608K, 18% used [0x00000000c0000000,0x00000000c0c44298,0x00000000c4300000)
 Metaspace       used 25957K, committed 26944K, reserved 1114112K
  class space    used 2529K, committed 2944K, reserved 1048576K
}
Event: 3.741 GC heap after
{Heap after GC invocations=10 (full 1):
 PSYoungGen      total 27648K, used 4067K [0x00000000eab00000, 0x00000000ecb00000, 0x0000000100000000)
  eden space 23552K, 0% used [0x00000000eab00000,0x00000000eab00000,0x00000000ec200000)
  from space 4096K, 99% used [0x00000000ec400000,0x00000000ec7f8ee8,0x00000000ec800000)
  to   space 3072K, 0% used [0x00000000ec800000,0x00000000ec800000,0x00000000ecb00000)
 ParOldGen       total 68608K, used 12608K [0x00000000c0000000, 0x00000000c4300000, 0x00000000eab00000)
  object space 68608K, 18% used [0x00000000c0000000,0x00000000c0c50298,0x00000000c4300000)
 Metaspace       used 25957K, committed 26944K, reserved 1114112K
  class space    used 2529K, committed 2944K, reserved 1048576K
}
Event: 3.909 GC heap before
{Heap before GC invocations=11 (full 1):
 PSYoungGen      total 27648K, used 27619K [0x00000000eab00000, 0x00000000ecb00000, 0x0000000100000000)
  eden space 23552K, 100% used [0x00000000eab00000,0x00000000ec200000,0x00000000ec200000)
  from space 4096K, 99% used [0x00000000ec400000,0x00000000ec7f8ee8,0x00000000ec800000)
  to   space 3072K, 0% used [0x00000000ec800000,0x00000000ec800000,0x00000000ecb00000)
 ParOldGen       total 68608K, used 12608K [0x00000000c0000000, 0x00000000c4300000, 0x00000000eab00000)
  object space 68608K, 18% used [0x00000000c0000000,0x00000000c0c50298,0x00000000c4300000)
 Metaspace       used 27884K, committed 28864K, reserved 1114112K
  class space    used 2643K, committed 3072K, reserved 1048576K
}
Event: 3.914 GC heap after
{Heap after GC invocations=11 (full 1):
 PSYoungGen      total 26112K, used 3069K [0x00000000eab00000, 0x00000000ecb80000, 0x0000000100000000)
  eden space 23040K, 0% used [0x00000000eab00000,0x00000000eab00000,0x00000000ec180000)
  from space 3072K, 99% used [0x00000000ec800000,0x00000000ecaff620,0x00000000ecb00000)
  to   space 5120K, 0% used [0x00000000ec180000,0x00000000ec180000,0x00000000ec680000)
 ParOldGen       total 68608K, used 14382K [0x00000000c0000000, 0x00000000c4300000, 0x00000000eab00000)
  object space 68608K, 20% used [0x00000000c0000000,0x00000000c0e0baf8,0x00000000c4300000)
 Metaspace       used 27884K, committed 28864K, reserved 1114112K
  class space    used 2643K, committed 3072K, reserved 1048576K
}
Event: 4.142 GC heap before
{Heap before GC invocations=12 (full 1):
 PSYoungGen      total 26112K, used 26109K [0x00000000eab00000, 0x00000000ecb80000, 0x0000000100000000)
  eden space 23040K, 100% used [0x00000000eab00000,0x00000000ec180000,0x00000000ec180000)
  from space 3072K, 99% used [0x00000000ec800000,0x00000000ecaff620,0x00000000ecb00000)
  to   space 5120K, 0% used [0x00000000ec180000,0x00000000ec180000,0x00000000ec680000)
 ParOldGen       total 68608K, used 14382K [0x00000000c0000000, 0x00000000c4300000, 0x00000000eab00000)
  object space 68608K, 20% used [0x00000000c0000000,0x00000000c0e0baf8,0x00000000c4300000)
 Metaspace       used 31262K, committed 32320K, reserved 1114112K
  class space    used 3021K, committed 3520K, reserved 1048576K
}
Event: 4.147 GC heap after
{Heap after GC invocations=12 (full 1):
 PSYoungGen      total 24576K, used 1972K [0x00000000eab00000, 0x00000000ec880000, 0x0000000100000000)
  eden space 22528K, 0% used [0x00000000eab00000,0x00000000eab00000,0x00000000ec100000)
  from space 2048K, 96% used [0x00000000ec180000,0x00000000ec36d2c8,0x00000000ec380000)
  to   space 3072K, 0% used [0x00000000ec580000,0x00000000ec580000,0x00000000ec880000)
 ParOldGen       total 68608K, used 17695K [0x00000000c0000000, 0x00000000c4300000, 0x00000000eab00000)
  object space 68608K, 25% used [0x00000000c0000000,0x00000000c1147fa0,0x00000000c4300000)
 Metaspace       used 31262K, committed 32320K, reserved 1114112K
  class space    used 3021K, committed 3520K, reserved 1048576K
}
Event: 4.283 GC heap before
{Heap before GC invocations=13 (full 1):
 PSYoungGen      total 24576K, used 24500K [0x00000000eab00000, 0x00000000ec880000, 0x0000000100000000)
  eden space 22528K, 100% used [0x00000000eab00000,0x00000000ec100000,0x00000000ec100000)
  from space 2048K, 96% used [0x00000000ec180000,0x00000000ec36d2c8,0x00000000ec380000)
  to   space 3072K, 0% used [0x00000000ec580000,0x00000000ec580000,0x00000000ec880000)
 ParOldGen       total 68608K, used 17695K [0x00000000c0000000, 0x00000000c4300000, 0x00000000eab00000)
  object space 68608K, 25% used [0x00000000c0000000,0x00000000c1147fa0,0x00000000c4300000)
 Metaspace       used 33504K, committed 34624K, reserved 1114112K
  class space    used 3264K, committed 3776K, reserved 1048576K
}
Event: 4.286 GC heap after
{Heap after GC invocations=13 (full 1):
 PSYoungGen      total 24064K, used 1559K [0x00000000eab00000, 0x00000000ec780000, 0x0000000100000000)
  eden space 22016K, 0% used [0x00000000eab00000,0x00000000eab00000,0x00000000ec080000)
  from space 2048K, 76% used [0x00000000ec580000,0x00000000ec705e58,0x00000000ec780000)
  to   space 2048K, 0% used [0x00000000ec380000,0x00000000ec380000,0x00000000ec580000)
 ParOldGen       total 68608K, used 19469K [0x00000000c0000000, 0x00000000c4300000, 0x00000000eab00000)
  object space 68608K, 28% used [0x00000000c0000000,0x00000000c13035a8,0x00000000c4300000)
 Metaspace       used 33504K, committed 34624K, reserved 1114112K
  class space    used 3264K, committed 3776K, reserved 1048576K
}
Event: 4.383 GC heap before
{Heap before GC invocations=14 (full 1):
 PSYoungGen      total 24064K, used 13528K [0x00000000eab00000, 0x00000000ec780000, 0x0000000100000000)
  eden space 22016K, 54% used [0x00000000eab00000,0x00000000eb6b04b0,0x00000000ec080000)
  from space 2048K, 76% used [0x00000000ec580000,0x00000000ec705e58,0x00000000ec780000)
  to   space 2048K, 0% used [0x00000000ec380000,0x00000000ec380000,0x00000000ec580000)
 ParOldGen       total 68608K, used 19469K [0x00000000c0000000, 0x00000000c4300000, 0x00000000eab00000)
  object space 68608K, 28% used [0x00000000c0000000,0x00000000c13035a8,0x00000000c4300000)
 Metaspace       used 34717K, committed 35840K, reserved 1114112K
  class space    used 3405K, committed 3904K, reserved 1048576K
}
Event: 4.386 GC heap after
{Heap after GC invocations=14 (full 1):
 PSYoungGen      total 24064K, used 1792K [0x00000000eab00000, 0x00000000ec600000, 0x0000000100000000)
  eden space 22016K, 0% used [0x00000000eab00000,0x00000000eab00000,0x00000000ec080000)
  from space 2048K, 87% used [0x00000000ec380000,0x00000000ec540000,0x00000000ec580000)
  to   space 512K, 0% used [0x00000000ec580000,0x00000000ec580000,0x00000000ec600000)
 ParOldGen       total 68608K, used 20623K [0x00000000c0000000, 0x00000000c4300000, 0x00000000eab00000)
  object space 68608K, 30% used [0x00000000c0000000,0x00000000c1423da0,0x00000000c4300000)
 Metaspace       used 34717K, committed 35840K, reserved 1114112K
  class space    used 3405K, committed 3904K, reserved 1048576K
}
Event: 4.386 GC heap before
{Heap before GC invocations=15 (full 2):
 PSYoungGen      total 24064K, used 1792K [0x00000000eab00000, 0x00000000ec600000, 0x0000000100000000)
  eden space 22016K, 0% used [0x00000000eab00000,0x00000000eab00000,0x00000000ec080000)
  from space 2048K, 87% used [0x00000000ec380000,0x00000000ec540000,0x00000000ec580000)
  to   space 512K, 0% used [0x00000000ec580000,0x00000000ec580000,0x00000000ec600000)
 ParOldGen       total 68608K, used 20623K [0x00000000c0000000, 0x00000000c4300000, 0x00000000eab00000)
  object space 68608K, 30% used [0x00000000c0000000,0x00000000c1423da0,0x00000000c4300000)
 Metaspace       used 34717K, committed 35840K, reserved 1114112K
  class space    used 3405K, committed 3904K, reserved 1048576K
}
Event: 4.437 GC heap after
{Heap after GC invocations=15 (full 2):
 PSYoungGen      total 24064K, used 0K [0x00000000eab00000, 0x00000000ec600000, 0x0000000100000000)
  eden space 22016K, 0% used [0x00000000eab00000,0x00000000eab00000,0x00000000ec080000)
  from space 2048K, 0% used [0x00000000ec380000,0x00000000ec380000,0x00000000ec580000)
  to   space 512K, 0% used [0x00000000ec580000,0x00000000ec580000,0x00000000ec600000)
 ParOldGen       total 68608K, used 19592K [0x00000000c0000000, 0x00000000c4300000, 0x00000000eab00000)
  object space 68608K, 28% used [0x00000000c0000000,0x00000000c1322030,0x00000000c4300000)
 Metaspace       used 34717K, committed 35840K, reserved 1114112K
  class space    used 3405K, committed 3904K, reserved 1048576K
}
Event: 4.522 GC heap before
{Heap before GC invocations=16 (full 2):
 PSYoungGen      total 24064K, used 22016K [0x00000000eab00000, 0x00000000ec600000, 0x0000000100000000)
  eden space 22016K, 100% used [0x00000000eab00000,0x00000000ec080000,0x00000000ec080000)
  from space 2048K, 0% used [0x00000000ec380000,0x00000000ec380000,0x00000000ec580000)
  to   space 512K, 0% used [0x00000000ec580000,0x00000000ec580000,0x00000000ec600000)
 ParOldGen       total 68608K, used 19592K [0x00000000c0000000, 0x00000000c4300000, 0x00000000eab00000)
  object space 68608K, 28% used [0x00000000c0000000,0x00000000c1322030,0x00000000c4300000)
 Metaspace       used 35593K, committed 36736K, reserved 1114112K
  class space    used 3511K, committed 4032K, reserved 1048576K
}
Event: 4.524 GC heap after
{Heap after GC invocations=16 (full 2):
 PSYoungGen      total 22528K, used 480K [0x00000000eab00000, 0x00000000ec600000, 0x0000000100000000)
  eden space 22016K, 0% used [0x00000000eab00000,0x00000000eab00000,0x00000000ec080000)
  from space 512K, 93% used [0x00000000ec580000,0x00000000ec5f8010,0x00000000ec600000)
  to   space 2560K, 0% used [0x00000000ec100000,0x00000000ec100000,0x00000000ec380000)
 ParOldGen       total 68608K, used 21184K [0x00000000c0000000, 0x00000000c4300000, 0x00000000eab00000)
  object space 68608K, 30% used [0x00000000c0000000,0x00000000c14b0060,0x00000000c4300000)
 Metaspace       used 35593K, committed 36736K, reserved 1114112K
  class space    used 3511K, committed 4032K, reserved 1048576K
}
Event: 4.611 GC heap before
{Heap before GC invocations=17 (full 2):
 PSYoungGen      total 22528K, used 22496K [0x00000000eab00000, 0x00000000ec600000, 0x0000000100000000)
  eden space 22016K, 100% used [0x00000000eab00000,0x00000000ec080000,0x00000000ec080000)
  from space 512K, 93% used [0x00000000ec580000,0x00000000ec5f8010,0x00000000ec600000)
  to   space 2560K, 0% used [0x00000000ec100000,0x00000000ec100000,0x00000000ec380000)
 ParOldGen       total 68608K, used 21184K [0x00000000c0000000, 0x00000000c4300000, 0x00000000eab00000)
  object space 68608K, 30% used [0x00000000c0000000,0x00000000c14b0060,0x00000000c4300000)
 Metaspace       used 37360K, committed 38592K, reserved 1114112K
  class space    used 3757K, committed 4352K, reserved 1048576K
}
Event: 4.614 GC heap after
{Heap after GC invocations=17 (full 2):
 PSYoungGen      total 24576K, used 2001K [0x00000000eab00000, 0x00000000ec600000, 0x0000000100000000)
  eden space 22016K, 0% used [0x00000000eab00000,0x00000000eab00000,0x00000000ec080000)
  from space 2560K, 78% used [0x00000000ec100000,0x00000000ec2f4410,0x00000000ec380000)
  to   space 2048K, 0% used [0x00000000ec400000,0x00000000ec400000,0x00000000ec600000)
 ParOldGen       total 68608K, used 21696K [0x00000000c0000000, 0x00000000c4300000, 0x00000000eab00000)
  object space 68608K, 31% used [0x00000000c0000000,0x00000000c1530070,0x00000000c4300000)
 Metaspace       used 37360K, committed 38592K, reserved 1114112K
  class space    used 3757K, committed 4352K, reserved 1048576K
}
Event: 4.674 GC heap before
{Heap before GC invocations=18 (full 2):
 PSYoungGen      total 24576K, used 24017K [0x00000000eab00000, 0x00000000ec600000, 0x0000000100000000)
  eden space 22016K, 100% used [0x00000000eab00000,0x00000000ec080000,0x00000000ec080000)
  from space 2560K, 78% used [0x00000000ec100000,0x00000000ec2f4410,0x00000000ec380000)
  to   space 2048K, 0% used [0x00000000ec400000,0x00000000ec400000,0x00000000ec600000)
 ParOldGen       total 68608K, used 21696K [0x00000000c0000000, 0x00000000c4300000, 0x00000000eab00000)
  object space 68608K, 31% used [0x00000000c0000000,0x00000000c1530070,0x00000000c4300000)
 Metaspace       used 37970K, committed 39168K, reserved 1114112K
  class space    used 3804K, committed 4352K, reserved 1048576K
}
Event: 4.680 GC heap after
{Heap after GC invocations=18 (full 2):
 PSYoungGen      total 24064K, used 2016K [0x00000000eab00000, 0x00000000ec600000, 0x0000000100000000)
  eden space 22016K, 0% used [0x00000000eab00000,0x00000000eab00000,0x00000000ec080000)
  from space 2048K, 98% used [0x00000000ec400000,0x00000000ec5f8010,0x00000000ec600000)
  to   space 2560K, 0% used [0x00000000ec100000,0x00000000ec100000,0x00000000ec380000)
 ParOldGen       total 68608K, used 23856K [0x00000000c0000000, 0x00000000c4300000, 0x00000000eab00000)
  object space 68608K, 34% used [0x00000000c0000000,0x00000000c174c3c8,0x00000000c4300000)
 Metaspace       used 37970K, committed 39168K, reserved 1114112K
  class space    used 3804K, committed 4352K, reserved 1048576K
}
Event: 4.744 GC heap before
{Heap before GC invocations=19 (full 2):
 PSYoungGen      total 24064K, used 24032K [0x00000000eab00000, 0x00000000ec600000, 0x0000000100000000)
  eden space 22016K, 100% used [0x00000000eab00000,0x00000000ec080000,0x00000000ec080000)
  from space 2048K, 98% used [0x00000000ec400000,0x00000000ec5f8010,0x00000000ec600000)
  to   space 2560K, 0% used [0x00000000ec100000,0x00000000ec100000,0x00000000ec380000)
 ParOldGen       total 68608K, used 23856K [0x00000000c0000000, 0x00000000c4300000, 0x00000000eab00000)
  object space 68608K, 34% used [0x00000000c0000000,0x00000000c174c3c8,0x00000000c4300000)
 Metaspace       used 38433K, committed 39680K, reserved 1114112K
  class space    used 3859K, committed 4416K, reserved 1048576K
}
Event: 4.749 GC heap after
{Heap after GC invocations=19 (full 2):
 PSYoungGen      total 24576K, used 2530K [0x00000000eab00000, 0x00000000ec780000, 0x0000000100000000)
  eden space 22016K, 0% used [0x00000000eab00000,0x00000000eab00000,0x00000000ec080000)
  from space 2560K, 98% used [0x00000000ec100000,0x00000000ec378800,0x00000000ec380000)
  to   space 3584K, 0% used [0x00000000ec400000,0x00000000ec400000,0x00000000ec780000)
 ParOldGen       total 68608K, used 25821K [0x00000000c0000000, 0x00000000c4300000, 0x00000000eab00000)
  object space 68608K, 37% used [0x00000000c0000000,0x00000000c1937650,0x00000000c4300000)
 Metaspace       used 38433K, committed 39680K, reserved 1114112K
  class space    used 3859K, committed 4416K, reserved 1048576K
}

