# JRE version: OpenJDK Runtime Environment Temurin-21.0.7+6 (21.0.7+6) (build 21.0.7+6-LTS)
# Java VM: OpenJDK 64-Bit Server VM Temurin-21.0.7+6 (21.0.7+6-LTS, mixed mode, sharing, tiered, compressed oops, compressed class ptrs, parallel gc, windows-amd64)
GC Precious Log:
 CardTable entry size: 512
 CPUs: 16 total, 16 available
 Memory: 5996M
 Large Page Support: Disabled
 NUMA Support: Disabled
 Compressed Oops: Enabled (32-bit)
 Alignments: Space 512K, Generation 512K, Heap 2M
 Heap Min Capacity: 100M
 Heap Initial Capacity: 100M
 Heap Max Capacity: 1G
 Pre-touch: Disabled
 Parallel Workers: 13
Heap:
 PSYoungGen      total 4096K, used 2848K [0x00000000eab00000, 0x00000000eb180000, 0x0000000100000000)
  eden space 2560K, 51% used [0x00000000eab00000,0x00000000eac4a378,0x00000000ead80000)
  from space 1536K, 99% used [0x00000000eae00000,0x00000000eaf7dcf0,0x00000000eaf80000)
  to   space 2048K, 0% used [0x00000000eaf80000,0x00000000eaf80000,0x00000000eb180000)
 ParOldGen       total 632832K, used 632677K [0x00000000c0000000, 0x00000000e6a00000, 0x00000000eab00000)
  object space 632832K, 99% used [0x00000000c0000000,0x00000000e69d9578,0x00000000e6a00000)
 Metaspace       used 74027K, committed 75776K, reserved 1179648K
  class space    used 7553K, committed 8256K, reserved 1048576K
GC Heap History (20 events):
Event: 374.870 GC heap before
{Heap before GC invocations=1299 (full 3):
 PSYoungGen      total 4608K, used 4159K [0x00000000eab00000, 0x00000000eb080000, 0x0000000100000000)
  eden space 3584K, 99% used [0x00000000eab00000,0x00000000eae7fc90,0x00000000eae80000)
  from space 1024K, 56% used [0x00000000eae80000,0x00000000eaf10000,0x00000000eaf80000)
  to   space 1024K, 0% used [0x00000000eaf80000,0x00000000eaf80000,0x00000000eb080000)
 ParOldGen       total 625152K, used 625147K [0x00000000c0000000, 0x00000000e6280000, 0x00000000eab00000)
  object space 625152K, 99% used [0x00000000c0000000,0x00000000e627ed18,0x00000000e6280000)
 Metaspace       used 73638K, committed 75328K, reserved 1179648K
  class space    used 7515K, committed 8192K, reserved 1048576K
}
Event: 374.875 GC heap after
{Heap after GC invocations=1299 (full 3):
 PSYoungGen      total 4608K, used 928K [0x00000000eab00000, 0x00000000eb080000, 0x0000000100000000)
  eden space 3584K, 0% used [0x00000000eab00000,0x00000000eab00000,0x00000000eae80000)
  from space 1024K, 90% used [0x00000000eaf80000,0x00000000eb068000,0x00000000eb080000)
  to   space 1024K, 0% used [0x00000000eae80000,0x00000000eae80000,0x00000000eaf80000)
 ParOldGen       total 625664K, used 625555K [0x00000000c0000000, 0x00000000e6300000, 0x00000000eab00000)
  object space 625664K, 99% used [0x00000000c0000000,0x00000000e62e4d18,0x00000000e6300000)
 Metaspace       used 73638K, committed 75328K, reserved 1179648K
  class space    used 7515K, committed 8192K, reserved 1048576K
}
Event: 380.358 GC heap before
{Heap before GC invocations=1300 (full 3):
 PSYoungGen      total 4608K, used 4512K [0x00000000eab00000, 0x00000000eb080000, 0x0000000100000000)
  eden space 3584K, 100% used [0x00000000eab00000,0x00000000eae80000,0x00000000eae80000)
  from space 1024K, 90% used [0x00000000eaf80000,0x00000000eb068000,0x00000000eb080000)
  to   space 1024K, 0% used [0x00000000eae80000,0x00000000eae80000,0x00000000eaf80000)
 ParOldGen       total 625664K, used 625555K [0x00000000c0000000, 0x00000000e6300000, 0x00000000eab00000)
  object space 625664K, 99% used [0x00000000c0000000,0x00000000e62e4d18,0x00000000e6300000)
 Metaspace       used 73888K, committed 75520K, reserved 1179648K
  class space    used 7541K, committed 8192K, reserved 1048576K
}
Event: 380.361 GC heap after
{Heap after GC invocations=1300 (full 3):
 PSYoungGen      total 4608K, used 448K [0x00000000eab00000, 0x00000000eb080000, 0x0000000100000000)
  eden space 3584K, 0% used [0x00000000eab00000,0x00000000eab00000,0x00000000eae80000)
  from space 1024K, 43% used [0x00000000eae80000,0x00000000eaef0000,0x00000000eaf80000)
  to   space 1024K, 0% used [0x00000000eaf80000,0x00000000eaf80000,0x00000000eb080000)
 ParOldGen       total 626688K, used 626279K [0x00000000c0000000, 0x00000000e6400000, 0x00000000eab00000)
  object space 626688K, 99% used [0x00000000c0000000,0x00000000e6399f98,0x00000000e6400000)
 Metaspace       used 73888K, committed 75520K, reserved 1179648K
  class space    used 7541K, committed 8192K, reserved 1048576K
}
Event: 380.374 GC heap before
{Heap before GC invocations=1301 (full 3):
 PSYoungGen      total 4608K, used 4032K [0x00000000eab00000, 0x00000000eb080000, 0x0000000100000000)
  eden space 3584K, 100% used [0x00000000eab00000,0x00000000eae80000,0x00000000eae80000)
  from space 1024K, 43% used [0x00000000eae80000,0x00000000eaef0000,0x00000000eaf80000)
  to   space 1024K, 0% used [0x00000000eaf80000,0x00000000eaf80000,0x00000000eb080000)
 ParOldGen       total 626688K, used 626279K [0x00000000c0000000, 0x00000000e6400000, 0x00000000eab00000)
  object space 626688K, 99% used [0x00000000c0000000,0x00000000e6399f98,0x00000000e6400000)
 Metaspace       used 73888K, committed 75520K, reserved 1179648K
  class space    used 7541K, committed 8192K, reserved 1048576K
}
Event: 380.376 GC heap after
{Heap after GC invocations=1301 (full 3):
 PSYoungGen      total 4096K, used 160K [0x00000000eab00000, 0x00000000eb000000, 0x0000000100000000)
  eden space 3584K, 0% used [0x00000000eab00000,0x00000000eab00000,0x00000000eae80000)
  from space 512K, 31% used [0x00000000eaf80000,0x00000000eafa8000,0x00000000eb000000)
  to   space 512K, 0% used [0x00000000eaf00000,0x00000000eaf00000,0x00000000eaf80000)
 ParOldGen       total 626688K, used 626535K [0x00000000c0000000, 0x00000000e6400000, 0x00000000eab00000)
  object space 626688K, 99% used [0x00000000c0000000,0x00000000e63d9f98,0x00000000e6400000)
 Metaspace       used 73888K, committed 75520K, reserved 1179648K
  class space    used 7541K, committed 8192K, reserved 1048576K
}
Event: 380.388 GC heap before
{Heap before GC invocations=1302 (full 3):
 PSYoungGen      total 4096K, used 3744K [0x00000000eab00000, 0x00000000eb000000, 0x0000000100000000)
  eden space 3584K, 100% used [0x00000000eab00000,0x00000000eae80000,0x00000000eae80000)
  from space 512K, 31% used [0x00000000eaf80000,0x00000000eafa8000,0x00000000eb000000)
  to   space 512K, 0% used [0x00000000eaf00000,0x00000000eaf00000,0x00000000eaf80000)
 ParOldGen       total 626688K, used 626535K [0x00000000c0000000, 0x00000000e6400000, 0x00000000eab00000)
  object space 626688K, 99% used [0x00000000c0000000,0x00000000e63d9f98,0x00000000e6400000)
 Metaspace       used 73888K, committed 75520K, reserved 1179648K
  class space    used 7541K, committed 8192K, reserved 1048576K
}
Event: 380.390 GC heap after
{Heap after GC invocations=1302 (full 3):
 PSYoungGen      total 4096K, used 288K [0x00000000eab00000, 0x00000000eb000000, 0x0000000100000000)
  eden space 3584K, 0% used [0x00000000eab00000,0x00000000eab00000,0x00000000eae80000)
  from space 512K, 56% used [0x00000000eaf00000,0x00000000eaf48000,0x00000000eaf80000)
  to   space 512K, 0% used [0x00000000eaf80000,0x00000000eaf80000,0x00000000eb000000)
 ParOldGen       total 626688K, used 626591K [0x00000000c0000000, 0x00000000e6400000, 0x00000000eab00000)
  object space 626688K, 99% used [0x00000000c0000000,0x00000000e63e7f98,0x00000000e6400000)
 Metaspace       used 73888K, committed 75520K, reserved 1179648K
  class space    used 7541K, committed 8192K, reserved 1048576K
}
Event: 380.503 GC heap before
{Heap before GC invocations=1303 (full 3):
 PSYoungGen      total 4096K, used 3740K [0x00000000eab00000, 0x00000000eb000000, 0x0000000100000000)
  eden space 3584K, 96% used [0x00000000eab00000,0x00000000eae5f0b8,0x00000000eae80000)
  from space 512K, 56% used [0x00000000eaf00000,0x00000000eaf48000,0x00000000eaf80000)
  to   space 512K, 0% used [0x00000000eaf80000,0x00000000eaf80000,0x00000000eb000000)
 ParOldGen       total 626688K, used 626591K [0x00000000c0000000, 0x00000000e6400000, 0x00000000eab00000)
  object space 626688K, 99% used [0x00000000c0000000,0x00000000e63e7f98,0x00000000e6400000)
 Metaspace       used 73891K, committed 75520K, reserved 1179648K
  class space    used 7541K, committed 8192K, reserved 1048576K
}
Event: 380.505 GC heap after
{Heap after GC invocations=1303 (full 3):
 PSYoungGen      total 4096K, used 320K [0x00000000eab00000, 0x00000000eb000000, 0x0000000100000000)
  eden space 3584K, 0% used [0x00000000eab00000,0x00000000eab00000,0x00000000eae80000)
  from space 512K, 62% used [0x00000000eaf80000,0x00000000eafd0000,0x00000000eb000000)
  to   space 512K, 0% used [0x00000000eaf00000,0x00000000eaf00000,0x00000000eaf80000)
 ParOldGen       total 626688K, used 626663K [0x00000000c0000000, 0x00000000e6400000, 0x00000000eab00000)
  object space 626688K, 99% used [0x00000000c0000000,0x00000000e63f9f98,0x00000000e6400000)
 Metaspace       used 73891K, committed 75520K, reserved 1179648K
  class space    used 7541K, committed 8192K, reserved 1048576K
}
Event: 384.036 GC heap before
{Heap before GC invocations=1304 (full 3):
 PSYoungGen      total 4096K, used 3904K [0x00000000eab00000, 0x00000000eb000000, 0x0000000100000000)
  eden space 3584K, 100% used [0x00000000eab00000,0x00000000eae80000,0x00000000eae80000)
  from space 512K, 62% used [0x00000000eaf80000,0x00000000eafd0000,0x00000000eb000000)
  to   space 512K, 0% used [0x00000000eaf00000,0x00000000eaf00000,0x00000000eaf80000)
 ParOldGen       total 626688K, used 626663K [0x00000000c0000000, 0x00000000e6400000, 0x00000000eab00000)
  object space 626688K, 99% used [0x00000000c0000000,0x00000000e63f9f98,0x00000000e6400000)
 Metaspace       used 74004K, committed 75712K, reserved 1179648K
  class space    used 7552K, committed 8192K, reserved 1048576K
}
Event: 384.038 GC heap after
{Heap after GC invocations=1304 (full 3):
 PSYoungGen      total 4096K, used 378K [0x00000000eab00000, 0x00000000eb000000, 0x0000000100000000)
  eden space 3584K, 0% used [0x00000000eab00000,0x00000000eab00000,0x00000000eae80000)
  from space 512K, 73% used [0x00000000eaf00000,0x00000000eaf5e900,0x00000000eaf80000)
  to   space 512K, 0% used [0x00000000eaf80000,0x00000000eaf80000,0x00000000eb000000)
 ParOldGen       total 627200K, used 626743K [0x00000000c0000000, 0x00000000e6480000, 0x00000000eab00000)
  object space 627200K, 99% used [0x00000000c0000000,0x00000000e640df98,0x00000000e6480000)
 Metaspace       used 74004K, committed 75712K, reserved 1179648K
  class space    used 7552K, committed 8192K, reserved 1048576K
}
Event: 384.091 GC heap before
{Heap before GC invocations=1305 (full 3):
 PSYoungGen      total 4096K, used 3704K [0x00000000eab00000, 0x00000000eb000000, 0x0000000100000000)
  eden space 3584K, 92% used [0x00000000eab00000,0x00000000eae3f870,0x00000000eae80000)
  from space 512K, 73% used [0x00000000eaf00000,0x00000000eaf5e900,0x00000000eaf80000)
  to   space 512K, 0% used [0x00000000eaf80000,0x00000000eaf80000,0x00000000eb000000)
 ParOldGen       total 627200K, used 626743K [0x00000000c0000000, 0x00000000e6480000, 0x00000000eab00000)
  object space 627200K, 99% used [0x00000000c0000000,0x00000000e640df98,0x00000000e6480000)
 Metaspace       used 74008K, committed 75712K, reserved 1179648K
  class space    used 7552K, committed 8192K, reserved 1048576K
}
Event: 384.093 GC heap after
{Heap after GC invocations=1305 (full 3):
 PSYoungGen      total 3072K, used 507K [0x00000000eab00000, 0x00000000eb280000, 0x0000000100000000)
  eden space 2560K, 0% used [0x00000000eab00000,0x00000000eab00000,0x00000000ead80000)
  from space 512K, 99% used [0x00000000eaf80000,0x00000000eaffed08,0x00000000eb000000)
  to   space 2048K, 0% used [0x00000000ead80000,0x00000000ead80000,0x00000000eaf80000)
 ParOldGen       total 628224K, used 627958K [0x00000000c0000000, 0x00000000e6580000, 0x00000000eab00000)
  object space 628224K, 99% used [0x00000000c0000000,0x00000000e653db08,0x00000000e6580000)
 Metaspace       used 74008K, committed 75712K, reserved 1179648K
  class space    used 7552K, committed 8192K, reserved 1048576K
}
Event: 384.109 GC heap before
{Heap before GC invocations=1306 (full 3):
 PSYoungGen      total 3072K, used 2968K [0x00000000eab00000, 0x00000000eb280000, 0x0000000100000000)
  eden space 2560K, 96% used [0x00000000eab00000,0x00000000ead67368,0x00000000ead80000)
  from space 512K, 99% used [0x00000000eaf80000,0x00000000eaffed08,0x00000000eb000000)
  to   space 2048K, 0% used [0x00000000ead80000,0x00000000ead80000,0x00000000eaf80000)
 ParOldGen       total 628224K, used 627958K [0x00000000c0000000, 0x00000000e6580000, 0x00000000eab00000)
  object space 628224K, 99% used [0x00000000c0000000,0x00000000e653db08,0x00000000e6580000)
 Metaspace       used 74008K, committed 75712K, reserved 1179648K
  class space    used 7552K, committed 8192K, reserved 1048576K
}
Event: 384.111 GC heap after
{Heap after GC invocations=1306 (full 3):
 PSYoungGen      total 4608K, used 2030K [0x00000000eab00000, 0x00000000eb380000, 0x0000000100000000)
  eden space 2560K, 0% used [0x00000000eab00000,0x00000000eab00000,0x00000000ead80000)
  from space 2048K, 99% used [0x00000000ead80000,0x00000000eaf7b9d0,0x00000000eaf80000)
  to   space 3072K, 0% used [0x00000000eb080000,0x00000000eb080000,0x00000000eb380000)
 ParOldGen       total 629248K, used 628742K [0x00000000c0000000, 0x00000000e6680000, 0x00000000eab00000)
  object space 629248K, 99% used [0x00000000c0000000,0x00000000e6601b50,0x00000000e6680000)
 Metaspace       used 74008K, committed 75712K, reserved 1179648K
  class space    used 7552K, committed 8192K, reserved 1048576K
}
Event: 384.160 GC heap before
{Heap before GC invocations=1307 (full 3):
 PSYoungGen      total 4608K, used 4574K [0x00000000eab00000, 0x00000000eb380000, 0x0000000100000000)
  eden space 2560K, 99% used [0x00000000eab00000,0x00000000ead7c0a0,0x00000000ead80000)
  from space 2048K, 99% used [0x00000000ead80000,0x00000000eaf7b9d0,0x00000000eaf80000)
  to   space 3072K, 0% used [0x00000000eb080000,0x00000000eb080000,0x00000000eb380000)
 ParOldGen       total 629248K, used 628742K [0x00000000c0000000, 0x00000000e6680000, 0x00000000eab00000)
  object space 629248K, 99% used [0x00000000c0000000,0x00000000e6601b50,0x00000000e6680000)
 Metaspace       used 74015K, committed 75712K, reserved 1179648K
  class space    used 7552K, committed 8192K, reserved 1048576K
}
Event: 384.163 GC heap after
{Heap after GC invocations=1307 (full 3):
 PSYoungGen      total 5120K, used 2138K [0x00000000eab00000, 0x00000000eb300000, 0x0000000100000000)
  eden space 2560K, 0% used [0x00000000eab00000,0x00000000eab00000,0x00000000ead80000)
  from space 2560K, 83% used [0x00000000eb080000,0x00000000eb296800,0x00000000eb300000)
  to   space 2560K, 0% used [0x00000000eae00000,0x00000000eae00000,0x00000000eb080000)
 ParOldGen       total 631296K, used 630672K [0x00000000c0000000, 0x00000000e6880000, 0x00000000eab00000)
  object space 631296K, 99% used [0x00000000c0000000,0x00000000e67e4350,0x00000000e6880000)
 Metaspace       used 74015K, committed 75712K, reserved 1179648K
  class space    used 7552K, committed 8192K, reserved 1048576K
}
Event: 384.231 GC heap before
{Heap before GC invocations=1308 (full 3):
 PSYoungGen      total 5120K, used 4659K [0x00000000eab00000, 0x00000000eb300000, 0x0000000100000000)
  eden space 2560K, 98% used [0x00000000eab00000,0x00000000ead76740,0x00000000ead80000)
  from space 2560K, 83% used [0x00000000eb080000,0x00000000eb296800,0x00000000eb300000)
  to   space 2560K, 0% used [0x00000000eae00000,0x00000000eae00000,0x00000000eb080000)
 ParOldGen       total 631296K, used 630672K [0x00000000c0000000, 0x00000000e6880000, 0x00000000eab00000)
  object space 631296K, 99% used [0x00000000c0000000,0x00000000e67e4350,0x00000000e6880000)
 Metaspace       used 74020K, committed 75712K, reserved 1179648K
  class space    used 7552K, committed 8192K, reserved 1048576K
}
Event: 384.234 GC heap after
{Heap after GC invocations=1308 (full 3):
 PSYoungGen      total 4096K, used 1527K [0x00000000eab00000, 0x00000000eb180000, 0x0000000100000000)
  eden space 2560K, 0% used [0x00000000eab00000,0x00000000eab00000,0x00000000ead80000)
  from space 1536K, 99% used [0x00000000eae00000,0x00000000eaf7dcf0,0x00000000eaf80000)
  to   space 2048K, 0% used [0x00000000eaf80000,0x00000000eaf80000,0x00000000eb180000)
 ParOldGen       total 632832K, used 632677K [0x00000000c0000000, 0x00000000e6a00000, 0x00000000eab00000)
  object space 632832K, 99% used [0x00000000c0000000,0x00000000e69d9578,0x00000000e6a00000)
 Metaspace       used 74020K, committed 75712K, reserved 1179648K
  class space    used 7552K, committed 8192K, reserved 1048576K
}

