# JRE version: OpenJDK Runtime Environment Temurin-21.0.7+6 (21.0.7+6) (build 21.0.7+6-LTS)
# Java VM: OpenJDK 64-Bit Server VM Temurin-21.0.7+6 (21.0.7+6-LTS, mixed mode, sharing, tiered, compressed oops, compressed class ptrs, parallel gc, windows-amd64)
GC Precious Log:
 CardTable entry size: 512
 CPUs: 16 total, 16 available
 Memory: 5996M
 Large Page Support: Disabled
 NUMA Support: Disabled
 Compressed Oops: Enabled (32-bit)
 Alignments: Space 512K, Generation 512K, Heap 2M
 Heap Min Capacity: 100M
 Heap Initial Capacity: 100M
 Heap Max Capacity: 1G
 Pre-touch: Disabled
 Parallel Workers: 13
Heap:
 PSYoungGen      total 7680K, used 5827K [0x00000000eab00000, 0x00000000eb580000, 0x0000000100000000)
  eden space 6656K, 72% used [0x00000000eab00000,0x00000000eafb7a60,0x00000000eb180000)
  from space 1024K, 97% used [0x00000000eb480000,0x00000000eb579210,0x00000000eb580000)
  to   space 1024K, 0% used [0x00000000eb380000,0x00000000eb380000,0x00000000eb480000)
 ParOldGen       total 661504K, used 661378K [0x00000000c0000000, 0x00000000e8600000, 0x00000000eab00000)
  object space 661504K, 99% used [0x00000000c0000000,0x00000000e85e0810,0x00000000e8600000)
 Metaspace       used 80255K, committed 81984K, reserved 1179648K
  class space    used 8249K, committed 9088K, reserved 1048576K
GC Heap History (20 events):
Event: 252.345 GC heap before
{Heap before GC invocations=1160 (full 3):
 PSYoungGen      total 7680K, used 7488K [0x00000000eab00000, 0x00000000eb380000, 0x0000000100000000)
  eden space 6656K, 100% used [0x00000000eab00000,0x00000000eb180000,0x00000000eb180000)
  from space 1024K, 81% used [0x00000000eb280000,0x00000000eb350000,0x00000000eb380000)
  to   space 1024K, 0% used [0x00000000eb180000,0x00000000eb180000,0x00000000eb280000)
 ParOldGen       total 655360K, used 654954K [0x00000000c0000000, 0x00000000e8000000, 0x00000000eab00000)
  object space 655360K, 99% used [0x00000000c0000000,0x00000000e7f9a9d8,0x00000000e8000000)
 Metaspace       used 78088K, committed 79680K, reserved 1179648K
  class space    used 8086K, committed 8832K, reserved 1048576K
}
Event: 252.350 GC heap after
{Heap after GC invocations=1160 (full 3):
 PSYoungGen      total 7680K, used 993K [0x00000000eab00000, 0x00000000ebb80000, 0x0000000100000000)
  eden space 6656K, 0% used [0x00000000eab00000,0x00000000eab00000,0x00000000eb180000)
  from space 1024K, 97% used [0x00000000eb180000,0x00000000eb278540,0x00000000eb280000)
  to   space 5120K, 0% used [0x00000000eb680000,0x00000000eb680000,0x00000000ebb80000)
 ParOldGen       total 658432K, used 658250K [0x00000000c0000000, 0x00000000e8300000, 0x00000000eab00000)
  object space 658432K, 99% used [0x00000000c0000000,0x00000000e82d29d8,0x00000000e8300000)
 Metaspace       used 78088K, committed 79680K, reserved 1179648K
  class space    used 8086K, committed 8832K, reserved 1048576K
}
Event: 252.398 GC heap before
{Heap before GC invocations=1161 (full 3):
 PSYoungGen      total 7680K, used 7649K [0x00000000eab00000, 0x00000000ebb80000, 0x0000000100000000)
  eden space 6656K, 100% used [0x00000000eab00000,0x00000000eb180000,0x00000000eb180000)
  from space 1024K, 97% used [0x00000000eb180000,0x00000000eb278540,0x00000000eb280000)
  to   space 5120K, 0% used [0x00000000eb680000,0x00000000eb680000,0x00000000ebb80000)
 ParOldGen       total 658432K, used 658250K [0x00000000c0000000, 0x00000000e8300000, 0x00000000eab00000)
  object space 658432K, 99% used [0x00000000c0000000,0x00000000e82d29d8,0x00000000e8300000)
 Metaspace       used 78123K, committed 79744K, reserved 1179648K
  class space    used 8089K, committed 8832K, reserved 1048576K
}
Event: 252.401 GC heap after
{Heap after GC invocations=1161 (full 3):
 PSYoungGen      total 8192K, used 1152K [0x00000000eab00000, 0x00000000eb800000, 0x0000000100000000)
  eden space 6656K, 0% used [0x00000000eab00000,0x00000000eab00000,0x00000000eb180000)
  from space 1536K, 75% used [0x00000000eb680000,0x00000000eb7a0000,0x00000000eb800000)
  to   space 2560K, 0% used [0x00000000eb300000,0x00000000eb300000,0x00000000eb580000)
 ParOldGen       total 658944K, used 658763K [0x00000000c0000000, 0x00000000e8380000, 0x00000000eab00000)
  object space 658944K, 99% used [0x00000000c0000000,0x00000000e8352dc8,0x00000000e8380000)
 Metaspace       used 78123K, committed 79744K, reserved 1179648K
  class space    used 8089K, committed 8832K, reserved 1048576K
}
Event: 252.516 GC heap before
{Heap before GC invocations=1162 (full 3):
 PSYoungGen      total 8192K, used 7808K [0x00000000eab00000, 0x00000000eb800000, 0x0000000100000000)
  eden space 6656K, 100% used [0x00000000eab00000,0x00000000eb180000,0x00000000eb180000)
  from space 1536K, 75% used [0x00000000eb680000,0x00000000eb7a0000,0x00000000eb800000)
  to   space 2560K, 0% used [0x00000000eb300000,0x00000000eb300000,0x00000000eb580000)
 ParOldGen       total 658944K, used 658763K [0x00000000c0000000, 0x00000000e8380000, 0x00000000eab00000)
  object space 658944K, 99% used [0x00000000c0000000,0x00000000e8352dc8,0x00000000e8380000)
 Metaspace       used 78480K, committed 80128K, reserved 1179648K
  class space    used 8119K, committed 8896K, reserved 1048576K
}
Event: 252.520 GC heap after
{Heap after GC invocations=1162 (full 3):
 PSYoungGen      total 9216K, used 724K [0x00000000eab00000, 0x00000000eb700000, 0x0000000100000000)
  eden space 6656K, 0% used [0x00000000eab00000,0x00000000eab00000,0x00000000eb180000)
  from space 2560K, 28% used [0x00000000eb300000,0x00000000eb3b5200,0x00000000eb580000)
  to   space 1536K, 0% used [0x00000000eb580000,0x00000000eb580000,0x00000000eb700000)
 ParOldGen       total 659456K, used 659259K [0x00000000c0000000, 0x00000000e8400000, 0x00000000eab00000)
  object space 659456K, 99% used [0x00000000c0000000,0x00000000e83cedc8,0x00000000e8400000)
 Metaspace       used 78480K, committed 80128K, reserved 1179648K
  class space    used 8119K, committed 8896K, reserved 1048576K
}
Event: 252.694 GC heap before
{Heap before GC invocations=1163 (full 3):
 PSYoungGen      total 9216K, used 7378K [0x00000000eab00000, 0x00000000eb700000, 0x0000000100000000)
  eden space 6656K, 99% used [0x00000000eab00000,0x00000000eb17f938,0x00000000eb180000)
  from space 2560K, 28% used [0x00000000eb300000,0x00000000eb3b5200,0x00000000eb580000)
  to   space 1536K, 0% used [0x00000000eb580000,0x00000000eb580000,0x00000000eb700000)
 ParOldGen       total 659456K, used 659259K [0x00000000c0000000, 0x00000000e8400000, 0x00000000eab00000)
  object space 659456K, 99% used [0x00000000c0000000,0x00000000e83cedc8,0x00000000e8400000)
 Metaspace       used 78724K, committed 80384K, reserved 1179648K
  class space    used 8132K, committed 8896K, reserved 1048576K
}
Event: 252.697 GC heap after
{Heap after GC invocations=1163 (full 3):
 PSYoungGen      total 7168K, used 384K [0x00000000eab00000, 0x00000000eb600000, 0x0000000100000000)
  eden space 6656K, 0% used [0x00000000eab00000,0x00000000eab00000,0x00000000eb180000)
  from space 512K, 75% used [0x00000000eb580000,0x00000000eb5e0000,0x00000000eb600000)
  to   space 1024K, 0% used [0x00000000eb400000,0x00000000eb400000,0x00000000eb500000)
 ParOldGen       total 659456K, used 659387K [0x00000000c0000000, 0x00000000e8400000, 0x00000000eab00000)
  object space 659456K, 99% used [0x00000000c0000000,0x00000000e83eedc8,0x00000000e8400000)
 Metaspace       used 78724K, committed 80384K, reserved 1179648K
  class space    used 8132K, committed 8896K, reserved 1048576K
}
Event: 252.904 GC heap before
{Heap before GC invocations=1164 (full 3):
 PSYoungGen      total 7168K, used 6965K [0x00000000eab00000, 0x00000000eb600000, 0x0000000100000000)
  eden space 6656K, 98% used [0x00000000eab00000,0x00000000eb16d750,0x00000000eb180000)
  from space 512K, 75% used [0x00000000eb580000,0x00000000eb5e0000,0x00000000eb600000)
  to   space 1024K, 0% used [0x00000000eb400000,0x00000000eb400000,0x00000000eb500000)
 ParOldGen       total 659456K, used 659387K [0x00000000c0000000, 0x00000000e8400000, 0x00000000eab00000)
  object space 659456K, 99% used [0x00000000c0000000,0x00000000e83eedc8,0x00000000e8400000)
 Metaspace       used 79417K, committed 81024K, reserved 1179648K
  class space    used 8199K, committed 8960K, reserved 1048576K
}
Event: 252.907 GC heap after
{Heap after GC invocations=1164 (full 3):
 PSYoungGen      total 7680K, used 753K [0x00000000eab00000, 0x00000000eb600000, 0x0000000100000000)
  eden space 6656K, 0% used [0x00000000eab00000,0x00000000eab00000,0x00000000eb180000)
  from space 1024K, 73% used [0x00000000eb400000,0x00000000eb4bc690,0x00000000eb500000)
  to   space 1024K, 0% used [0x00000000eb500000,0x00000000eb500000,0x00000000eb600000)
 ParOldGen       total 659968K, used 659475K [0x00000000c0000000, 0x00000000e8480000, 0x00000000eab00000)
  object space 659968K, 99% used [0x00000000c0000000,0x00000000e8404dc8,0x00000000e8480000)
 Metaspace       used 79417K, committed 81024K, reserved 1179648K
  class space    used 8199K, committed 8960K, reserved 1048576K
}
Event: 253.480 GC heap before
{Heap before GC invocations=1165 (full 3):
 PSYoungGen      total 7680K, used 7409K [0x00000000eab00000, 0x00000000eb600000, 0x0000000100000000)
  eden space 6656K, 100% used [0x00000000eab00000,0x00000000eb180000,0x00000000eb180000)
  from space 1024K, 73% used [0x00000000eb400000,0x00000000eb4bc690,0x00000000eb500000)
  to   space 1024K, 0% used [0x00000000eb500000,0x00000000eb500000,0x00000000eb600000)
 ParOldGen       total 659968K, used 659475K [0x00000000c0000000, 0x00000000e8480000, 0x00000000eab00000)
  object space 659968K, 99% used [0x00000000c0000000,0x00000000e8404dc8,0x00000000e8480000)
 Metaspace       used 79655K, committed 81344K, reserved 1179648K
  class space    used 8216K, committed 8960K, reserved 1048576K
}
Event: 253.483 GC heap after
{Heap after GC invocations=1165 (full 3):
 PSYoungGen      total 7680K, used 692K [0x00000000eab00000, 0x00000000eb600000, 0x0000000100000000)
  eden space 6656K, 0% used [0x00000000eab00000,0x00000000eab00000,0x00000000eb180000)
  from space 1024K, 67% used [0x00000000eb500000,0x00000000eb5ad200,0x00000000eb600000)
  to   space 1024K, 0% used [0x00000000eb400000,0x00000000eb400000,0x00000000eb500000)
 ParOldGen       total 659968K, used 659899K [0x00000000c0000000, 0x00000000e8480000, 0x00000000eab00000)
  object space 659968K, 99% used [0x00000000c0000000,0x00000000e846edc8,0x00000000e8480000)
 Metaspace       used 79655K, committed 81344K, reserved 1179648K
  class space    used 8216K, committed 8960K, reserved 1048576K
}
Event: 253.543 GC heap before
{Heap before GC invocations=1166 (full 3):
 PSYoungGen      total 7680K, used 7348K [0x00000000eab00000, 0x00000000eb600000, 0x0000000100000000)
  eden space 6656K, 100% used [0x00000000eab00000,0x00000000eb180000,0x00000000eb180000)
  from space 1024K, 67% used [0x00000000eb500000,0x00000000eb5ad200,0x00000000eb600000)
  to   space 1024K, 0% used [0x00000000eb400000,0x00000000eb400000,0x00000000eb500000)
 ParOldGen       total 659968K, used 659899K [0x00000000c0000000, 0x00000000e8480000, 0x00000000eab00000)
  object space 659968K, 99% used [0x00000000c0000000,0x00000000e846edc8,0x00000000e8480000)
 Metaspace       used 79770K, committed 81536K, reserved 1179648K
  class space    used 8222K, committed 9024K, reserved 1048576K
}
Event: 253.546 GC heap after
{Heap after GC invocations=1166 (full 3):
 PSYoungGen      total 7680K, used 320K [0x00000000eab00000, 0x00000000eb580000, 0x0000000100000000)
  eden space 6656K, 0% used [0x00000000eab00000,0x00000000eab00000,0x00000000eb180000)
  from space 1024K, 31% used [0x00000000eb400000,0x00000000eb450000,0x00000000eb500000)
  to   space 512K, 0% used [0x00000000eb500000,0x00000000eb500000,0x00000000eb580000)
 ParOldGen       total 660480K, used 660059K [0x00000000c0000000, 0x00000000e8500000, 0x00000000eab00000)
  object space 660480K, 99% used [0x00000000c0000000,0x00000000e8496dc8,0x00000000e8500000)
 Metaspace       used 79770K, committed 81536K, reserved 1179648K
  class space    used 8222K, committed 9024K, reserved 1048576K
}
Event: 642.000 GC heap before
{Heap before GC invocations=1167 (full 3):
 PSYoungGen      total 7680K, used 6976K [0x00000000eab00000, 0x00000000eb580000, 0x0000000100000000)
  eden space 6656K, 100% used [0x00000000eab00000,0x00000000eb180000,0x00000000eb180000)
  from space 1024K, 31% used [0x00000000eb400000,0x00000000eb450000,0x00000000eb500000)
  to   space 512K, 0% used [0x00000000eb500000,0x00000000eb500000,0x00000000eb580000)
 ParOldGen       total 660480K, used 660059K [0x00000000c0000000, 0x00000000e8500000, 0x00000000eab00000)
  object space 660480K, 99% used [0x00000000c0000000,0x00000000e8496dc8,0x00000000e8500000)
 Metaspace       used 80054K, committed 81792K, reserved 1179648K
  class space    used 8248K, committed 9088K, reserved 1048576K
}
Event: 642.223 GC heap after
{Heap after GC invocations=1167 (full 3):
 PSYoungGen      total 7168K, used 500K [0x00000000eab00000, 0x00000000eb580000, 0x0000000100000000)
  eden space 6656K, 0% used [0x00000000eab00000,0x00000000eab00000,0x00000000eb180000)
  from space 512K, 97% used [0x00000000eb500000,0x00000000eb57d200,0x00000000eb580000)
  to   space 1024K, 0% used [0x00000000eb380000,0x00000000eb380000,0x00000000eb480000)
 ParOldGen       total 660480K, used 660227K [0x00000000c0000000, 0x00000000e8500000, 0x00000000eab00000)
  object space 660480K, 99% used [0x00000000c0000000,0x00000000e84c0dd8,0x00000000e8500000)
 Metaspace       used 80054K, committed 81792K, reserved 1179648K
  class space    used 8248K, committed 9088K, reserved 1048576K
}
Event: 642.641 GC heap before
{Heap before GC invocations=1168 (full 3):
 PSYoungGen      total 7168K, used 7156K [0x00000000eab00000, 0x00000000eb580000, 0x0000000100000000)
  eden space 6656K, 100% used [0x00000000eab00000,0x00000000eb180000,0x00000000eb180000)
  from space 512K, 97% used [0x00000000eb500000,0x00000000eb57d200,0x00000000eb580000)
  to   space 1024K, 0% used [0x00000000eb380000,0x00000000eb380000,0x00000000eb480000)
 ParOldGen       total 660480K, used 660227K [0x00000000c0000000, 0x00000000e8500000, 0x00000000eab00000)
  object space 660480K, 99% used [0x00000000c0000000,0x00000000e84c0dd8,0x00000000e8500000)
 Metaspace       used 80080K, committed 81792K, reserved 1179648K
  class space    used 8248K, committed 9088K, reserved 1048576K
}
Event: 642.653 GC heap after
{Heap after GC invocations=1168 (full 3):
 PSYoungGen      total 7680K, used 1024K [0x00000000eab00000, 0x00000000eb580000, 0x0000000100000000)
  eden space 6656K, 0% used [0x00000000eab00000,0x00000000eab00000,0x00000000eb180000)
  from space 1024K, 100% used [0x00000000eb380000,0x00000000eb480000,0x00000000eb480000)
  to   space 1024K, 0% used [0x00000000eb480000,0x00000000eb480000,0x00000000eb580000)
 ParOldGen       total 660992K, used 660618K [0x00000000c0000000, 0x00000000e8580000, 0x00000000eab00000)
  object space 660992K, 99% used [0x00000000c0000000,0x00000000e8522800,0x00000000e8580000)
 Metaspace       used 80080K, committed 81792K, reserved 1179648K
  class space    used 8248K, committed 9088K, reserved 1048576K
}
Event: 646.446 GC heap before
{Heap before GC invocations=1169 (full 3):
 PSYoungGen      total 7680K, used 7680K [0x00000000eab00000, 0x00000000eb580000, 0x0000000100000000)
  eden space 6656K, 100% used [0x00000000eab00000,0x00000000eb180000,0x00000000eb180000)
  from space 1024K, 100% used [0x00000000eb380000,0x00000000eb480000,0x00000000eb480000)
  to   space 1024K, 0% used [0x00000000eb480000,0x00000000eb480000,0x00000000eb580000)
 ParOldGen       total 660992K, used 660618K [0x00000000c0000000, 0x00000000e8580000, 0x00000000eab00000)
  object space 660992K, 99% used [0x00000000c0000000,0x00000000e8522800,0x00000000e8580000)
 Metaspace       used 80225K, committed 81984K, reserved 1179648K
  class space    used 8249K, committed 9088K, reserved 1048576K
}
Event: 646.452 GC heap after
{Heap after GC invocations=1169 (full 3):
 PSYoungGen      total 7680K, used 996K [0x00000000eab00000, 0x00000000eb580000, 0x0000000100000000)
  eden space 6656K, 0% used [0x00000000eab00000,0x00000000eab00000,0x00000000eb180000)
  from space 1024K, 97% used [0x00000000eb480000,0x00000000eb579210,0x00000000eb580000)
  to   space 1024K, 0% used [0x00000000eb380000,0x00000000eb380000,0x00000000eb480000)
 ParOldGen       total 661504K, used 661378K [0x00000000c0000000, 0x00000000e8600000, 0x00000000eab00000)
  object space 661504K, 99% used [0x00000000c0000000,0x00000000e85e0810,0x00000000e8600000)
 Metaspace       used 80225K, committed 81984K, reserved 1179648K
  class space    used 8249K, committed 9088K, reserved 1048576K
}

