# JRE version: OpenJDK Runtime Environment Temurin-21.0.7+6 (21.0.7+6) (build 21.0.7+6-LTS)
# Java VM: OpenJDK 64-Bit Server VM Temurin-21.0.7+6 (21.0.7+6-LTS, mixed mode, sharing, tiered, compressed oops, compressed class ptrs, parallel gc, windows-amd64)
GC Precious Log:
 CardTable entry size: 512
 CPUs: 16 total, 16 available
 Memory: 5996M
 Large Page Support: Disabled
 NUMA Support: Disabled
 Compressed Oops: Enabled (32-bit)
 Alignments: Space 512K, Generation 512K, Heap 2M
 Heap Min Capacity: 100M
 Heap Initial Capacity: 100M
 Heap Max Capacity: 1G
 Pre-touch: Disabled
 Parallel Workers: 13
Heap:
 PSYoungGen      total 8192K, used 7746K [0x00000000eab00000, 0x00000000eb580000, 0x0000000100000000)
  eden space 6144K, 92% used [0x00000000eab00000,0x00000000eb090d68,0x00000000eb100000)
  from space 2048K, 99% used [0x00000000eb180000,0x00000000eb37fbb8,0x00000000eb380000)
  to   space 2048K, 21% used [0x00000000eb380000,0x00000000eb3f0020,0x00000000eb580000)
 ParOldGen       total 327680K, used 327254K [0x00000000c0000000, 0x00000000d4000000, 0x00000000eab00000)
  object space 327680K, 99% used [0x00000000c0000000,0x00000000d3f95b60,0x00000000d4000000)
 Metaspace       used 62853K, committed 64256K, reserved 1114112K
  class space    used 6422K, committed 6976K, reserved 1048576K
GC Heap History (20 events):
Event: 14.735 GC heap before
{Heap before GC invocations=431 (full 3):
 PSYoungGen      total 4096K, used 3702K [0x00000000eab00000, 0x00000000eb080000, 0x0000000100000000)
  eden space 2560K, 100% used [0x00000000eab00000,0x00000000ead80000,0x00000000ead80000)
  from space 1536K, 74% used [0x00000000ead80000,0x00000000eae9d800,0x00000000eaf00000)
  to   space 1536K, 0% used [0x00000000eaf00000,0x00000000eaf00000,0x00000000eb080000)
 ParOldGen       total 312832K, used 312627K [0x00000000c0000000, 0x00000000d3180000, 0x00000000eab00000)
  object space 312832K, 99% used [0x00000000c0000000,0x00000000d314cc00,0x00000000d3180000)
 Metaspace       used 62157K, committed 63552K, reserved 1114112K
  class space    used 6350K, committed 6912K, reserved 1048576K
}
Event: 14.737 GC heap after
{Heap after GC invocations=431 (full 3):
 PSYoungGen      total 4096K, used 1090K [0x00000000eab00000, 0x00000000eb080000, 0x0000000100000000)
  eden space 2560K, 0% used [0x00000000eab00000,0x00000000eab00000,0x00000000ead80000)
  from space 1536K, 71% used [0x00000000eaf00000,0x00000000eb010aa0,0x00000000eb080000)
  to   space 1536K, 0% used [0x00000000ead80000,0x00000000ead80000,0x00000000eaf00000)
 ParOldGen       total 313856K, used 313560K [0x00000000c0000000, 0x00000000d3280000, 0x00000000eab00000)
  object space 313856K, 99% used [0x00000000c0000000,0x00000000d3236210,0x00000000d3280000)
 Metaspace       used 62157K, committed 63552K, reserved 1114112K
  class space    used 6350K, committed 6912K, reserved 1048576K
}
Event: 14.741 GC heap before
{Heap before GC invocations=432 (full 3):
 PSYoungGen      total 4096K, used 3596K [0x00000000eab00000, 0x00000000eb080000, 0x0000000100000000)
  eden space 2560K, 97% used [0x00000000eab00000,0x00000000ead72610,0x00000000ead80000)
  from space 1536K, 71% used [0x00000000eaf00000,0x00000000eb010aa0,0x00000000eb080000)
  to   space 1536K, 0% used [0x00000000ead80000,0x00000000ead80000,0x00000000eaf00000)
 ParOldGen       total 313856K, used 313560K [0x00000000c0000000, 0x00000000d3280000, 0x00000000eab00000)
  object space 313856K, 99% used [0x00000000c0000000,0x00000000d3236210,0x00000000d3280000)
 Metaspace       used 62166K, committed 63552K, reserved 1114112K
  class space    used 6352K, committed 6912K, reserved 1048576K
}
Event: 14.744 GC heap after
{Heap after GC invocations=432 (full 3):
 PSYoungGen      total 4096K, used 1330K [0x00000000eab00000, 0x00000000eb100000, 0x0000000100000000)
  eden space 2560K, 0% used [0x00000000eab00000,0x00000000eab00000,0x00000000ead80000)
  from space 1536K, 86% used [0x00000000ead80000,0x00000000eaeccac8,0x00000000eaf00000)
  to   space 1536K, 0% used [0x00000000eaf80000,0x00000000eaf80000,0x00000000eb100000)
 ParOldGen       total 314880K, used 314451K [0x00000000c0000000, 0x00000000d3380000, 0x00000000eab00000)
  object space 314880K, 99% used [0x00000000c0000000,0x00000000d3314d50,0x00000000d3380000)
 Metaspace       used 62166K, committed 63552K, reserved 1114112K
  class space    used 6352K, committed 6912K, reserved 1048576K
}
Event: 14.751 GC heap before
{Heap before GC invocations=433 (full 3):
 PSYoungGen      total 4096K, used 3876K [0x00000000eab00000, 0x00000000eb100000, 0x0000000100000000)
  eden space 2560K, 99% used [0x00000000eab00000,0x00000000ead7c710,0x00000000ead80000)
  from space 1536K, 86% used [0x00000000ead80000,0x00000000eaeccac8,0x00000000eaf00000)
  to   space 1536K, 0% used [0x00000000eaf80000,0x00000000eaf80000,0x00000000eb100000)
 ParOldGen       total 314880K, used 314451K [0x00000000c0000000, 0x00000000d3380000, 0x00000000eab00000)
  object space 314880K, 99% used [0x00000000c0000000,0x00000000d3314d50,0x00000000d3380000)
 Metaspace       used 62167K, committed 63552K, reserved 1114112K
  class space    used 6352K, committed 6912K, reserved 1048576K
}
Event: 14.753 GC heap after
{Heap after GC invocations=433 (full 3):
 PSYoungGen      total 4608K, used 1416K [0x00000000eab00000, 0x00000000eb100000, 0x0000000100000000)
  eden space 3072K, 0% used [0x00000000eab00000,0x00000000eab00000,0x00000000eae00000)
  from space 1536K, 92% used [0x00000000eaf80000,0x00000000eb0e2158,0x00000000eb100000)
  to   space 1536K, 0% used [0x00000000eae00000,0x00000000eae00000,0x00000000eaf80000)
 ParOldGen       total 315904K, used 315474K [0x00000000c0000000, 0x00000000d3480000, 0x00000000eab00000)
  object space 315904K, 99% used [0x00000000c0000000,0x00000000d3414a18,0x00000000d3480000)
 Metaspace       used 62167K, committed 63552K, reserved 1114112K
  class space    used 6352K, committed 6912K, reserved 1048576K
}
Event: 14.765 GC heap before
{Heap before GC invocations=434 (full 3):
 PSYoungGen      total 4608K, used 4488K [0x00000000eab00000, 0x00000000eb100000, 0x0000000100000000)
  eden space 3072K, 100% used [0x00000000eab00000,0x00000000eae00000,0x00000000eae00000)
  from space 1536K, 92% used [0x00000000eaf80000,0x00000000eb0e2158,0x00000000eb100000)
  to   space 1536K, 0% used [0x00000000eae00000,0x00000000eae00000,0x00000000eaf80000)
 ParOldGen       total 315904K, used 315474K [0x00000000c0000000, 0x00000000d3480000, 0x00000000eab00000)
  object space 315904K, 99% used [0x00000000c0000000,0x00000000d3414a18,0x00000000d3480000)
 Metaspace       used 62183K, committed 63552K, reserved 1114112K
  class space    used 6352K, committed 6912K, reserved 1048576K
}
Event: 14.767 GC heap after
{Heap after GC invocations=434 (full 3):
 PSYoungGen      total 4608K, used 1381K [0x00000000eab00000, 0x00000000eb200000, 0x0000000100000000)
  eden space 3072K, 0% used [0x00000000eab00000,0x00000000eab00000,0x00000000eae00000)
  from space 1536K, 89% used [0x00000000eae00000,0x00000000eaf596e0,0x00000000eaf80000)
  to   space 1536K, 0% used [0x00000000eb080000,0x00000000eb080000,0x00000000eb200000)
 ParOldGen       total 316928K, used 316579K [0x00000000c0000000, 0x00000000d3580000, 0x00000000eab00000)
  object space 316928K, 99% used [0x00000000c0000000,0x00000000d3528ce8,0x00000000d3580000)
 Metaspace       used 62183K, committed 63552K, reserved 1114112K
  class space    used 6352K, committed 6912K, reserved 1048576K
}
Event: 14.834 GC heap before
{Heap before GC invocations=435 (full 3):
 PSYoungGen      total 4608K, used 4448K [0x00000000eab00000, 0x00000000eb200000, 0x0000000100000000)
  eden space 3072K, 99% used [0x00000000eab00000,0x00000000eadfec70,0x00000000eae00000)
  from space 1536K, 89% used [0x00000000eae00000,0x00000000eaf596e0,0x00000000eaf80000)
  to   space 1536K, 0% used [0x00000000eb080000,0x00000000eb080000,0x00000000eb200000)
 ParOldGen       total 316928K, used 316579K [0x00000000c0000000, 0x00000000d3580000, 0x00000000eab00000)
  object space 316928K, 99% used [0x00000000c0000000,0x00000000d3528ce8,0x00000000d3580000)
 Metaspace       used 62263K, committed 63616K, reserved 1114112K
  class space    used 6364K, committed 6912K, reserved 1048576K
}
Event: 14.851 GC heap after
{Heap after GC invocations=435 (full 3):
 PSYoungGen      total 5632K, used 1241K [0x00000000eab00000, 0x00000000eb200000, 0x0000000100000000)
  eden space 4096K, 0% used [0x00000000eab00000,0x00000000eab00000,0x00000000eaf00000)
  from space 1536K, 80% used [0x00000000eb080000,0x00000000eb1b6758,0x00000000eb200000)
  to   space 1536K, 0% used [0x00000000eaf00000,0x00000000eaf00000,0x00000000eb080000)
 ParOldGen       total 317952K, used 317718K [0x00000000c0000000, 0x00000000d3680000, 0x00000000eab00000)
  object space 317952K, 99% used [0x00000000c0000000,0x00000000d3645880,0x00000000d3680000)
 Metaspace       used 62263K, committed 63616K, reserved 1114112K
  class space    used 6364K, committed 6912K, reserved 1048576K
}
Event: 14.870 GC heap before
{Heap before GC invocations=436 (full 3):
 PSYoungGen      total 5632K, used 5318K [0x00000000eab00000, 0x00000000eb200000, 0x0000000100000000)
  eden space 4096K, 99% used [0x00000000eab00000,0x00000000eaefb300,0x00000000eaf00000)
  from space 1536K, 80% used [0x00000000eb080000,0x00000000eb1b6758,0x00000000eb200000)
  to   space 1536K, 0% used [0x00000000eaf00000,0x00000000eaf00000,0x00000000eb080000)
 ParOldGen       total 317952K, used 317718K [0x00000000c0000000, 0x00000000d3680000, 0x00000000eab00000)
  object space 317952K, 99% used [0x00000000c0000000,0x00000000d3645880,0x00000000d3680000)
 Metaspace       used 62316K, committed 63680K, reserved 1114112K
  class space    used 6369K, committed 6912K, reserved 1048576K
}
Event: 14.875 GC heap after
{Heap after GC invocations=436 (full 3):
 PSYoungGen      total 5632K, used 1504K [0x00000000eab00000, 0x00000000eb400000, 0x0000000100000000)
  eden space 4096K, 0% used [0x00000000eab00000,0x00000000eab00000,0x00000000eaf00000)
  from space 1536K, 97% used [0x00000000eaf00000,0x00000000eb0780c8,0x00000000eb080000)
  to   space 2048K, 0% used [0x00000000eb200000,0x00000000eb200000,0x00000000eb400000)
 ParOldGen       total 319488K, used 319057K [0x00000000c0000000, 0x00000000d3800000, 0x00000000eab00000)
  object space 319488K, 99% used [0x00000000c0000000,0x00000000d3794680,0x00000000d3800000)
 Metaspace       used 62316K, committed 63680K, reserved 1114112K
  class space    used 6369K, committed 6912K, reserved 1048576K
}
Event: 14.904 GC heap before
{Heap before GC invocations=437 (full 3):
 PSYoungGen      total 5632K, used 5600K [0x00000000eab00000, 0x00000000eb400000, 0x0000000100000000)
  eden space 4096K, 100% used [0x00000000eab00000,0x00000000eaf00000,0x00000000eaf00000)
  from space 1536K, 97% used [0x00000000eaf00000,0x00000000eb0780c8,0x00000000eb080000)
  to   space 2048K, 0% used [0x00000000eb200000,0x00000000eb200000,0x00000000eb400000)
 ParOldGen       total 319488K, used 319057K [0x00000000c0000000, 0x00000000d3800000, 0x00000000eab00000)
  object space 319488K, 99% used [0x00000000c0000000,0x00000000d3794680,0x00000000d3800000)
 Metaspace       used 62387K, committed 63744K, reserved 1114112K
  class space    used 6378K, committed 6912K, reserved 1048576K
}
Event: 14.912 GC heap after
{Heap after GC invocations=437 (full 3):
 PSYoungGen      total 7168K, used 1667K [0x00000000eab00000, 0x00000000eb400000, 0x0000000100000000)
  eden space 5120K, 0% used [0x00000000eab00000,0x00000000eab00000,0x00000000eb000000)
  from space 2048K, 81% used [0x00000000eb200000,0x00000000eb3a0eb8,0x00000000eb400000)
  to   space 2048K, 0% used [0x00000000eb000000,0x00000000eb000000,0x00000000eb200000)
 ParOldGen       total 320512K, used 320258K [0x00000000c0000000, 0x00000000d3900000, 0x00000000eab00000)
  object space 320512K, 99% used [0x00000000c0000000,0x00000000d38c0988,0x00000000d3900000)
 Metaspace       used 62387K, committed 63744K, reserved 1114112K
  class space    used 6378K, committed 6912K, reserved 1048576K
}
Event: 14.922 GC heap before
{Heap before GC invocations=438 (full 3):
 PSYoungGen      total 7168K, used 6777K [0x00000000eab00000, 0x00000000eb400000, 0x0000000100000000)
  eden space 5120K, 99% used [0x00000000eab00000,0x00000000eaffd718,0x00000000eb000000)
  from space 2048K, 81% used [0x00000000eb200000,0x00000000eb3a0eb8,0x00000000eb400000)
  to   space 2048K, 0% used [0x00000000eb000000,0x00000000eb000000,0x00000000eb200000)
 ParOldGen       total 320512K, used 320258K [0x00000000c0000000, 0x00000000d3900000, 0x00000000eab00000)
  object space 320512K, 99% used [0x00000000c0000000,0x00000000d38c0988,0x00000000d3900000)
 Metaspace       used 62399K, committed 63744K, reserved 1114112K
  class space    used 6379K, committed 6912K, reserved 1048576K
}
Event: 14.944 GC heap after
{Heap after GC invocations=438 (full 3):
 PSYoungGen      total 7168K, used 2008K [0x00000000eab00000, 0x00000000eb600000, 0x0000000100000000)
  eden space 5120K, 0% used [0x00000000eab00000,0x00000000eab00000,0x00000000eb000000)
  from space 2048K, 98% used [0x00000000eb000000,0x00000000eb1f6140,0x00000000eb200000)
  to   space 2560K, 0% used [0x00000000eb380000,0x00000000eb380000,0x00000000eb600000)
 ParOldGen       total 322048K, used 321977K [0x00000000c0000000, 0x00000000d3a80000, 0x00000000eab00000)
  object space 322048K, 99% used [0x00000000c0000000,0x00000000d3a6e6f8,0x00000000d3a80000)
 Metaspace       used 62399K, committed 63744K, reserved 1114112K
  class space    used 6379K, committed 6912K, reserved 1048576K
}
Event: 14.972 GC heap before
{Heap before GC invocations=439 (full 3):
 PSYoungGen      total 7168K, used 7128K [0x00000000eab00000, 0x00000000eb600000, 0x0000000100000000)
  eden space 5120K, 100% used [0x00000000eab00000,0x00000000eb000000,0x00000000eb000000)
  from space 2048K, 98% used [0x00000000eb000000,0x00000000eb1f6140,0x00000000eb200000)
  to   space 2560K, 0% used [0x00000000eb380000,0x00000000eb380000,0x00000000eb600000)
 ParOldGen       total 322048K, used 321977K [0x00000000c0000000, 0x00000000d3a80000, 0x00000000eab00000)
  object space 322048K, 99% used [0x00000000c0000000,0x00000000d3a6e6f8,0x00000000d3a80000)
 Metaspace       used 62478K, committed 63808K, reserved 1114112K
  class space    used 6383K, committed 6912K, reserved 1048576K
}
Event: 14.986 GC heap after
{Heap after GC invocations=439 (full 3):
 PSYoungGen      total 8192K, used 1678K [0x00000000eab00000, 0x00000000eb580000, 0x0000000100000000)
  eden space 6144K, 0% used [0x00000000eab00000,0x00000000eab00000,0x00000000eb100000)
  from space 2048K, 81% used [0x00000000eb380000,0x00000000eb523888,0x00000000eb580000)
  to   space 2048K, 0% used [0x00000000eb180000,0x00000000eb180000,0x00000000eb380000)
 ParOldGen       total 324096K, used 323810K [0x00000000c0000000, 0x00000000d3c80000, 0x00000000eab00000)
  object space 324096K, 99% used [0x00000000c0000000,0x00000000d3c38a60,0x00000000d3c80000)
 Metaspace       used 62478K, committed 63808K, reserved 1114112K
  class space    used 6383K, committed 6912K, reserved 1048576K
}
Event: 15.081 GC heap before
{Heap before GC invocations=440 (full 3):
 PSYoungGen      total 8192K, used 7822K [0x00000000eab00000, 0x00000000eb580000, 0x0000000100000000)
  eden space 6144K, 99% used [0x00000000eab00000,0x00000000eb0fffe8,0x00000000eb100000)
  from space 2048K, 81% used [0x00000000eb380000,0x00000000eb523888,0x00000000eb580000)
  to   space 2048K, 0% used [0x00000000eb180000,0x00000000eb180000,0x00000000eb380000)
 ParOldGen       total 324096K, used 323810K [0x00000000c0000000, 0x00000000d3c80000, 0x00000000eab00000)
  object space 324096K, 99% used [0x00000000c0000000,0x00000000d3c38a60,0x00000000d3c80000)
 Metaspace       used 62806K, committed 64192K, reserved 1114112K
  class space    used 6417K, committed 6976K, reserved 1048576K
}
Event: 15.085 GC heap after
{Heap after GC invocations=440 (full 3):
 PSYoungGen      total 8192K, used 2046K [0x00000000eab00000, 0x00000000eb580000, 0x0000000100000000)
  eden space 6144K, 0% used [0x00000000eab00000,0x00000000eab00000,0x00000000eb100000)
  from space 2048K, 99% used [0x00000000eb180000,0x00000000eb37fbb8,0x00000000eb380000)
  to   space 2048K, 0% used [0x00000000eb380000,0x00000000eb380000,0x00000000eb580000)
 ParOldGen       total 325632K, used 325260K [0x00000000c0000000, 0x00000000d3e00000, 0x00000000eab00000)
  object space 325632K, 99% used [0x00000000c0000000,0x00000000d3da3160,0x00000000d3e00000)
 Metaspace       used 62806K, committed 64192K, reserved 1114112K
  class space    used 6417K, committed 6976K, reserved 1048576K
}

