# JRE version: OpenJDK Runtime Environment Microsoft-9889599 (17.0.12+7) (build 17.0.12+7-LTS)
# Java VM: OpenJDK 64-Bit Server VM Microsoft-9889599 (17.0.12+7-LTS, mixed mode, sharing, tiered, compressed oops, compressed class ptrs, g1 gc, windows-amd64)
GC Precious Log:
 CPUs: 16 total, 16 available
 Memory: 5996M
 Large Page Support: Disabled
 NUMA Support: Disabled
 Compressed Oops: Enabled (32-bit)
 Heap Region Size: 1M
 Heap Min Capacity: 8M
 Heap Initial Capacity: 94M
 Heap Max Capacity: 1500M
 Pre-touch: Disabled
 Parallel Workers: 13
 Concurrent Workers: 3
 Concurrent Refinement Workers: 13
 Periodic GC: Disabled
Heap:
 garbage-first heap   total 73728K, used 49583K [0x00000000a2400000, 0x0000000100000000)
  region size 1024K, 23 young (23552K), 3 survivors (3072K)
 Metaspace       used 69335K, committed 69952K, reserved 1114112K
  class space    used 9278K, committed 9600K, reserved 1048576K
GC Heap History (20 events):
Event: 2.434 GC heap before
{Heap before GC invocations=5 (full 0):
 garbage-first heap   total 51200K, used 34852K [0x00000000a2400000, 0x0000000100000000)
  region size 1024K, 21 young (21504K), 3 survivors (3072K)
 Metaspace       used 25307K, committed 25664K, reserved 1114112K
  class space    used 3164K, committed 3328K, reserved 1048576K
}
Event: 2.439 GC heap after
{Heap after GC invocations=6 (full 0):
 garbage-first heap   total 61440K, used 18197K [0x00000000a2400000, 0x0000000100000000)
  region size 1024K, 2 young (2048K), 2 survivors (2048K)
 Metaspace       used 25307K, committed 25664K, reserved 1114112K
  class space    used 3164K, committed 3328K, reserved 1048576K
}
Event: 3.275 GC heap before
{Heap before GC invocations=6 (full 0):
 garbage-first heap   total 61440K, used 42773K [0x00000000a2400000, 0x0000000100000000)
  region size 1024K, 26 young (26624K), 2 survivors (2048K)
 Metaspace       used 28908K, committed 29376K, reserved 1114112K
  class space    used 3680K, committed 3904K, reserved 1048576K
}
Event: 3.290 GC heap after
{Heap after GC invocations=7 (full 0):
 garbage-first heap   total 61440K, used 20105K [0x00000000a2400000, 0x0000000100000000)
  region size 1024K, 4 young (4096K), 4 survivors (4096K)
 Metaspace       used 28908K, committed 29376K, reserved 1114112K
  class space    used 3680K, committed 3904K, reserved 1048576K
}
Event: 3.993 GC heap before
{Heap before GC invocations=7 (full 0):
 garbage-first heap   total 61440K, used 43657K [0x00000000a2400000, 0x0000000100000000)
  region size 1024K, 27 young (27648K), 4 survivors (4096K)
 Metaspace       used 32805K, committed 33280K, reserved 1114112K
  class space    used 4196K, committed 4416K, reserved 1048576K
}
Event: 4.003 GC heap after
{Heap after GC invocations=8 (full 0):
 garbage-first heap   total 61440K, used 21723K [0x00000000a2400000, 0x0000000100000000)
  region size 1024K, 2 young (2048K), 2 survivors (2048K)
 Metaspace       used 32805K, committed 33280K, reserved 1114112K
  class space    used 4196K, committed 4416K, reserved 1048576K
}
Event: 4.615 GC heap before
{Heap before GC invocations=8 (full 0):
 garbage-first heap   total 61440K, used 42203K [0x00000000a2400000, 0x0000000100000000)
  region size 1024K, 23 young (23552K), 2 survivors (2048K)
 Metaspace       used 35500K, committed 35968K, reserved 1114112K
  class space    used 4506K, committed 4736K, reserved 1048576K
}
Event: 4.624 GC heap after
{Heap after GC invocations=9 (full 0):
 garbage-first heap   total 61440K, used 23052K [0x00000000a2400000, 0x0000000100000000)
  region size 1024K, 4 young (4096K), 4 survivors (4096K)
 Metaspace       used 35500K, committed 35968K, reserved 1114112K
  class space    used 4506K, committed 4736K, reserved 1048576K
}
Event: 6.714 GC heap before
{Heap before GC invocations=10 (full 0):
 garbage-first heap   total 61440K, used 46604K [0x00000000a2400000, 0x0000000100000000)
  region size 1024K, 27 young (27648K), 4 survivors (4096K)
 Metaspace       used 43537K, committed 43968K, reserved 1114112K
  class space    used 5503K, committed 5696K, reserved 1048576K
}
Event: 6.718 GC heap after
{Heap after GC invocations=11 (full 0):
 garbage-first heap   total 61440K, used 25037K [0x00000000a2400000, 0x0000000100000000)
  region size 1024K, 4 young (4096K), 4 survivors (4096K)
 Metaspace       used 43537K, committed 43968K, reserved 1114112K
  class space    used 5503K, committed 5696K, reserved 1048576K
}
Event: 15.630 GC heap before
{Heap before GC invocations=11 (full 0):
 garbage-first heap   total 61440K, used 45517K [0x00000000a2400000, 0x0000000100000000)
  region size 1024K, 25 young (25600K), 4 survivors (4096K)
 Metaspace       used 47051K, committed 47680K, reserved 1114112K
  class space    used 5888K, committed 6208K, reserved 1048576K
}
Event: 15.636 GC heap after
{Heap after GC invocations=12 (full 0):
 garbage-first heap   total 61440K, used 26206K [0x00000000a2400000, 0x0000000100000000)
  region size 1024K, 4 young (4096K), 4 survivors (4096K)
 Metaspace       used 47051K, committed 47680K, reserved 1114112K
  class space    used 5888K, committed 6208K, reserved 1048576K
}
Event: 16.155 GC heap before
{Heap before GC invocations=12 (full 0):
 garbage-first heap   total 61440K, used 47710K [0x00000000a2400000, 0x0000000100000000)
  region size 1024K, 25 young (25600K), 4 survivors (4096K)
 Metaspace       used 51684K, committed 52224K, reserved 1114112K
  class space    used 6641K, committed 6912K, reserved 1048576K
}
Event: 16.161 GC heap after
{Heap after GC invocations=13 (full 0):
 garbage-first heap   total 61440K, used 27342K [0x00000000a2400000, 0x0000000100000000)
  region size 1024K, 3 young (3072K), 3 survivors (3072K)
 Metaspace       used 51684K, committed 52224K, reserved 1114112K
  class space    used 6641K, committed 6912K, reserved 1048576K
}
Event: 17.416 GC heap before
{Heap before GC invocations=13 (full 0):
 garbage-first heap   total 61440K, used 48846K [0x00000000a2400000, 0x0000000100000000)
  region size 1024K, 24 young (24576K), 3 survivors (3072K)
 Metaspace       used 56693K, committed 57280K, reserved 1114112K
  class space    used 7384K, committed 7680K, reserved 1048576K
}
Event: 17.419 GC heap after
{Heap after GC invocations=14 (full 0):
 garbage-first heap   total 73728K, used 28411K [0x00000000a2400000, 0x0000000100000000)
  region size 1024K, 3 young (3072K), 3 survivors (3072K)
 Metaspace       used 56693K, committed 57280K, reserved 1114112K
  class space    used 7384K, committed 7680K, reserved 1048576K
}
Event: 17.614 GC heap before
{Heap before GC invocations=14 (full 0):
 garbage-first heap   total 73728K, used 39675K [0x00000000a2400000, 0x0000000100000000)
  region size 1024K, 16 young (16384K), 3 survivors (3072K)
 Metaspace       used 59467K, committed 60096K, reserved 1114112K
  class space    used 7727K, committed 8000K, reserved 1048576K
}
Event: 17.618 GC heap after
{Heap after GC invocations=15 (full 0):
 garbage-first heap   total 73728K, used 29286K [0x00000000a2400000, 0x0000000100000000)
  region size 1024K, 2 young (2048K), 2 survivors (2048K)
 Metaspace       used 59467K, committed 60096K, reserved 1114112K
  class space    used 7727K, committed 8000K, reserved 1048576K
}
Event: 18.083 GC heap before
{Heap before GC invocations=16 (full 0):
 garbage-first heap   total 73728K, used 57958K [0x00000000a2400000, 0x0000000100000000)
  region size 1024K, 30 young (30720K), 2 survivors (2048K)
 Metaspace       used 66816K, committed 67456K, reserved 1114112K
  class space    used 9019K, committed 9344K, reserved 1048576K
}
Event: 18.086 GC heap after
{Heap after GC invocations=17 (full 0):
 garbage-first heap   total 73728K, used 30127K [0x00000000a2400000, 0x0000000100000000)
  region size 1024K, 3 young (3072K), 3 survivors (3072K)
 Metaspace       used 66816K, committed 67456K, reserved 1114112K
  class space    used 9019K, committed 9344K, reserved 1048576K
}

