# JRE version: OpenJDK Runtime Environment Temurin-21.0.7+6 (21.0.7+6) (build 21.0.7+6-LTS)
# Java VM: OpenJDK 64-Bit Server VM Temurin-21.0.7+6 (21.0.7+6-LTS, mixed mode, sharing, tiered, compressed oops, compressed class ptrs, parallel gc, windows-amd64)
GC Precious Log:
 CardTable entry size: 512
 CPUs: 16 total, 16 available
 Memory: 5996M
 Large Page Support: Disabled
 NUMA Support: Disabled
 Compressed Oops: Enabled (32-bit)
 Alignments: Space 512K, Generation 512K, Heap 2M
 Heap Min Capacity: 100M
 Heap Initial Capacity: 100M
 Heap Max Capacity: 1G
 Pre-touch: Disabled
 Parallel Workers: 13
Heap:
 PSYoungGen      total 23552K, used 6677K [0x00000000eab00000, 0x00000000ec380000, 0x0000000100000000)
  eden space 22528K, 25% used [0x00000000eab00000,0x00000000eb09d540,0x00000000ec100000)
  from space 1024K, 90% used [0x00000000ec280000,0x00000000ec368000,0x00000000ec380000)
  to   space 1024K, 0% used [0x00000000ec100000,0x00000000ec100000,0x00000000ec200000)
 ParOldGen       total 314368K, used 314322K [0x00000000c0000000, 0x00000000d3300000, 0x00000000eab00000)
  object space 314368K, 99% used [0x00000000c0000000,0x00000000d32f48c8,0x00000000d3300000)
 Metaspace       used 67292K, committed 68864K, reserved 1114112K
  class space    used 6860K, committed 7488K, reserved 1048576K
GC Heap History (20 events):
Event: 60.944 GC heap before
{Heap before GC invocations=1113 (full 4):
 PSYoungGen      total 25600K, used 25547K [0x00000000eab00000, 0x00000000ec900000, 0x0000000100000000)
  eden space 23552K, 99% used [0x00000000eab00000,0x00000000ec1f9108,0x00000000ec200000)
  from space 2048K, 98% used [0x00000000ec500000,0x00000000ec6f9c30,0x00000000ec700000)
  to   space 3072K, 0% used [0x00000000ec200000,0x00000000ec200000,0x00000000ec500000)
 ParOldGen       total 312832K, used 312400K [0x00000000c0000000, 0x00000000d3180000, 0x00000000eab00000)
  object space 312832K, 99% used [0x00000000c0000000,0x00000000d31140d0,0x00000000d3180000)
 Metaspace       used 67257K, committed 68800K, reserved 1114112K
  class space    used 6859K, committed 7488K, reserved 1048576K
}
Event: 60.945 GC heap after
{Heap after GC invocations=1113 (full 4):
 PSYoungGen      total 24064K, used 384K [0x00000000eab00000, 0x00000000ec580000, 0x0000000100000000)
  eden space 23552K, 0% used [0x00000000eab00000,0x00000000eab00000,0x00000000ec200000)
  from space 512K, 75% used [0x00000000ec200000,0x00000000ec260000,0x00000000ec280000)
  to   space 1536K, 0% used [0x00000000ec400000,0x00000000ec400000,0x00000000ec580000)
 ParOldGen       total 313344K, used 312848K [0x00000000c0000000, 0x00000000d3200000, 0x00000000eab00000)
  object space 313344K, 99% used [0x00000000c0000000,0x00000000d31840d0,0x00000000d3200000)
 Metaspace       used 67257K, committed 68800K, reserved 1114112K
  class space    used 6859K, committed 7488K, reserved 1048576K
}
Event: 61.008 GC heap before
{Heap before GC invocations=1114 (full 4):
 PSYoungGen      total 24064K, used 23936K [0x00000000eab00000, 0x00000000ec580000, 0x0000000100000000)
  eden space 23552K, 100% used [0x00000000eab00000,0x00000000ec200000,0x00000000ec200000)
  from space 512K, 75% used [0x00000000ec200000,0x00000000ec260000,0x00000000ec280000)
  to   space 1536K, 0% used [0x00000000ec400000,0x00000000ec400000,0x00000000ec580000)
 ParOldGen       total 313344K, used 312848K [0x00000000c0000000, 0x00000000d3200000, 0x00000000eab00000)
  object space 313344K, 99% used [0x00000000c0000000,0x00000000d31840d0,0x00000000d3200000)
 Metaspace       used 67257K, committed 68800K, reserved 1114112K
  class space    used 6859K, committed 7488K, reserved 1048576K
}
Event: 61.010 GC heap after
{Heap after GC invocations=1114 (full 4):
 PSYoungGen      total 24576K, used 579K [0x00000000eab00000, 0x00000000ec500000, 0x0000000100000000)
  eden space 23552K, 0% used [0x00000000eab00000,0x00000000eab00000,0x00000000ec200000)
  from space 1024K, 56% used [0x00000000ec400000,0x00000000ec490d68,0x00000000ec500000)
  to   space 1024K, 0% used [0x00000000ec300000,0x00000000ec300000,0x00000000ec400000)
 ParOldGen       total 313344K, used 312848K [0x00000000c0000000, 0x00000000d3200000, 0x00000000eab00000)
  object space 313344K, 99% used [0x00000000c0000000,0x00000000d31840d0,0x00000000d3200000)
 Metaspace       used 67257K, committed 68800K, reserved 1114112K
  class space    used 6859K, committed 7488K, reserved 1048576K
}
Event: 61.043 GC heap before
{Heap before GC invocations=1115 (full 4):
 PSYoungGen      total 24576K, used 24131K [0x00000000eab00000, 0x00000000ec500000, 0x0000000100000000)
  eden space 23552K, 100% used [0x00000000eab00000,0x00000000ec200000,0x00000000ec200000)
  from space 1024K, 56% used [0x00000000ec400000,0x00000000ec490d68,0x00000000ec500000)
  to   space 1024K, 0% used [0x00000000ec300000,0x00000000ec300000,0x00000000ec400000)
 ParOldGen       total 313344K, used 312848K [0x00000000c0000000, 0x00000000d3200000, 0x00000000eab00000)
  object space 313344K, 99% used [0x00000000c0000000,0x00000000d31840d0,0x00000000d3200000)
 Metaspace       used 67257K, committed 68800K, reserved 1114112K
  class space    used 6859K, committed 7488K, reserved 1048576K
}
Event: 61.044 GC heap after
{Heap after GC invocations=1115 (full 4):
 PSYoungGen      total 24064K, used 464K [0x00000000eab00000, 0x00000000ec480000, 0x0000000100000000)
  eden space 23552K, 0% used [0x00000000eab00000,0x00000000eab00000,0x00000000ec200000)
  from space 512K, 90% used [0x00000000ec300000,0x00000000ec374298,0x00000000ec380000)
  to   space 1024K, 0% used [0x00000000ec380000,0x00000000ec380000,0x00000000ec480000)
 ParOldGen       total 313344K, used 312848K [0x00000000c0000000, 0x00000000d3200000, 0x00000000eab00000)
  object space 313344K, 99% used [0x00000000c0000000,0x00000000d31840d0,0x00000000d3200000)
 Metaspace       used 67257K, committed 68800K, reserved 1114112K
  class space    used 6859K, committed 7488K, reserved 1048576K
}
Event: 61.076 GC heap before
{Heap before GC invocations=1116 (full 4):
 PSYoungGen      total 24064K, used 24016K [0x00000000eab00000, 0x00000000ec480000, 0x0000000100000000)
  eden space 23552K, 100% used [0x00000000eab00000,0x00000000ec200000,0x00000000ec200000)
  from space 512K, 90% used [0x00000000ec300000,0x00000000ec374298,0x00000000ec380000)
  to   space 1024K, 0% used [0x00000000ec380000,0x00000000ec380000,0x00000000ec480000)
 ParOldGen       total 313344K, used 312848K [0x00000000c0000000, 0x00000000d3200000, 0x00000000eab00000)
  object space 313344K, 99% used [0x00000000c0000000,0x00000000d31840d0,0x00000000d3200000)
 Metaspace       used 67257K, committed 68800K, reserved 1114112K
  class space    used 6859K, committed 7488K, reserved 1048576K
}
Event: 61.077 GC heap after
{Heap after GC invocations=1116 (full 4):
 PSYoungGen      total 24064K, used 455K [0x00000000eab00000, 0x00000000ec400000, 0x0000000100000000)
  eden space 23552K, 0% used [0x00000000eab00000,0x00000000eab00000,0x00000000ec200000)
  from space 512K, 88% used [0x00000000ec380000,0x00000000ec3f1c00,0x00000000ec400000)
  to   space 512K, 0% used [0x00000000ec300000,0x00000000ec300000,0x00000000ec380000)
 ParOldGen       total 313344K, used 312848K [0x00000000c0000000, 0x00000000d3200000, 0x00000000eab00000)
  object space 313344K, 99% used [0x00000000c0000000,0x00000000d31840d0,0x00000000d3200000)
 Metaspace       used 67257K, committed 68800K, reserved 1114112K
  class space    used 6859K, committed 7488K, reserved 1048576K
}
Event: 61.115 GC heap before
{Heap before GC invocations=1117 (full 4):
 PSYoungGen      total 24064K, used 24007K [0x00000000eab00000, 0x00000000ec400000, 0x0000000100000000)
  eden space 23552K, 100% used [0x00000000eab00000,0x00000000ec200000,0x00000000ec200000)
  from space 512K, 88% used [0x00000000ec380000,0x00000000ec3f1c00,0x00000000ec400000)
  to   space 512K, 0% used [0x00000000ec300000,0x00000000ec300000,0x00000000ec380000)
 ParOldGen       total 313344K, used 312848K [0x00000000c0000000, 0x00000000d3200000, 0x00000000eab00000)
  object space 313344K, 99% used [0x00000000c0000000,0x00000000d31840d0,0x00000000d3200000)
 Metaspace       used 67257K, committed 68800K, reserved 1114112K
  class space    used 6859K, committed 7488K, reserved 1048576K
}
Event: 61.116 GC heap after
{Heap after GC invocations=1117 (full 4):
 PSYoungGen      total 24064K, used 450K [0x00000000eab00000, 0x00000000ec400000, 0x0000000100000000)
  eden space 23552K, 0% used [0x00000000eab00000,0x00000000eab00000,0x00000000ec200000)
  from space 512K, 87% used [0x00000000ec300000,0x00000000ec370940,0x00000000ec380000)
  to   space 512K, 0% used [0x00000000ec380000,0x00000000ec380000,0x00000000ec400000)
 ParOldGen       total 313344K, used 312848K [0x00000000c0000000, 0x00000000d3200000, 0x00000000eab00000)
  object space 313344K, 99% used [0x00000000c0000000,0x00000000d31840d0,0x00000000d3200000)
 Metaspace       used 67257K, committed 68800K, reserved 1114112K
  class space    used 6859K, committed 7488K, reserved 1048576K
}
Event: 61.163 GC heap before
{Heap before GC invocations=1118 (full 4):
 PSYoungGen      total 24064K, used 24002K [0x00000000eab00000, 0x00000000ec400000, 0x0000000100000000)
  eden space 23552K, 100% used [0x00000000eab00000,0x00000000ec200000,0x00000000ec200000)
  from space 512K, 87% used [0x00000000ec300000,0x00000000ec370940,0x00000000ec380000)
  to   space 512K, 0% used [0x00000000ec380000,0x00000000ec380000,0x00000000ec400000)
 ParOldGen       total 313344K, used 312848K [0x00000000c0000000, 0x00000000d3200000, 0x00000000eab00000)
  object space 313344K, 99% used [0x00000000c0000000,0x00000000d31840d0,0x00000000d3200000)
 Metaspace       used 67257K, committed 68800K, reserved 1114112K
  class space    used 6859K, committed 7488K, reserved 1048576K
}
Event: 61.165 GC heap after
{Heap after GC invocations=1118 (full 4):
 PSYoungGen      total 24064K, used 482K [0x00000000eab00000, 0x00000000ec400000, 0x0000000100000000)
  eden space 23552K, 0% used [0x00000000eab00000,0x00000000eab00000,0x00000000ec200000)
  from space 512K, 94% used [0x00000000ec380000,0x00000000ec3f8900,0x00000000ec400000)
  to   space 1024K, 0% used [0x00000000ec200000,0x00000000ec200000,0x00000000ec300000)
 ParOldGen       total 313344K, used 312872K [0x00000000c0000000, 0x00000000d3200000, 0x00000000eab00000)
  object space 313344K, 99% used [0x00000000c0000000,0x00000000d318a0d0,0x00000000d3200000)
 Metaspace       used 67257K, committed 68800K, reserved 1114112K
  class space    used 6859K, committed 7488K, reserved 1048576K
}
Event: 61.212 GC heap before
{Heap before GC invocations=1119 (full 4):
 PSYoungGen      total 24064K, used 24034K [0x00000000eab00000, 0x00000000ec400000, 0x0000000100000000)
  eden space 23552K, 100% used [0x00000000eab00000,0x00000000ec200000,0x00000000ec200000)
  from space 512K, 94% used [0x00000000ec380000,0x00000000ec3f8900,0x00000000ec400000)
  to   space 1024K, 0% used [0x00000000ec200000,0x00000000ec200000,0x00000000ec300000)
 ParOldGen       total 313344K, used 312872K [0x00000000c0000000, 0x00000000d3200000, 0x00000000eab00000)
  object space 313344K, 99% used [0x00000000c0000000,0x00000000d318a0d0,0x00000000d3200000)
 Metaspace       used 67257K, committed 68800K, reserved 1114112K
  class space    used 6859K, committed 7488K, reserved 1048576K
}
Event: 61.218 GC heap after
{Heap after GC invocations=1119 (full 4):
 PSYoungGen      total 24576K, used 793K [0x00000000eab00000, 0x00000000ec400000, 0x0000000100000000)
  eden space 23552K, 0% used [0x00000000eab00000,0x00000000eab00000,0x00000000ec200000)
  from space 1024K, 77% used [0x00000000ec200000,0x00000000ec2c6628,0x00000000ec300000)
  to   space 1024K, 0% used [0x00000000ec300000,0x00000000ec300000,0x00000000ec400000)
 ParOldGen       total 314368K, used 313714K [0x00000000c0000000, 0x00000000d3300000, 0x00000000eab00000)
  object space 314368K, 99% used [0x00000000c0000000,0x00000000d325c8c8,0x00000000d3300000)
 Metaspace       used 67257K, committed 68800K, reserved 1114112K
  class space    used 6859K, committed 7488K, reserved 1048576K
}
Event: 61.247 GC heap before
{Heap before GC invocations=1120 (full 4):
 PSYoungGen      total 24576K, used 24345K [0x00000000eab00000, 0x00000000ec400000, 0x0000000100000000)
  eden space 23552K, 100% used [0x00000000eab00000,0x00000000ec200000,0x00000000ec200000)
  from space 1024K, 77% used [0x00000000ec200000,0x00000000ec2c6628,0x00000000ec300000)
  to   space 1024K, 0% used [0x00000000ec300000,0x00000000ec300000,0x00000000ec400000)
 ParOldGen       total 314368K, used 313714K [0x00000000c0000000, 0x00000000d3300000, 0x00000000eab00000)
  object space 314368K, 99% used [0x00000000c0000000,0x00000000d325c8c8,0x00000000d3300000)
 Metaspace       used 67257K, committed 68800K, reserved 1114112K
  class space    used 6859K, committed 7488K, reserved 1048576K
}
Event: 61.249 GC heap after
{Heap after GC invocations=1120 (full 4):
 PSYoungGen      total 23552K, used 1023K [0x00000000eab00000, 0x00000000ec600000, 0x0000000100000000)
  eden space 22528K, 0% used [0x00000000eab00000,0x00000000eab00000,0x00000000ec100000)
  from space 1024K, 99% used [0x00000000ec300000,0x00000000ec3ffd28,0x00000000ec400000)
  to   space 2048K, 0% used [0x00000000ec100000,0x00000000ec100000,0x00000000ec300000)
 ParOldGen       total 314368K, used 314234K [0x00000000c0000000, 0x00000000d3300000, 0x00000000eab00000)
  object space 314368K, 99% used [0x00000000c0000000,0x00000000d32de8c8,0x00000000d3300000)
 Metaspace       used 67257K, committed 68800K, reserved 1114112K
  class space    used 6859K, committed 7488K, reserved 1048576K
}
Event: 61.297 GC heap before
{Heap before GC invocations=1121 (full 4):
 PSYoungGen      total 23552K, used 23551K [0x00000000eab00000, 0x00000000ec600000, 0x0000000100000000)
  eden space 22528K, 100% used [0x00000000eab00000,0x00000000ec100000,0x00000000ec100000)
  from space 1024K, 99% used [0x00000000ec300000,0x00000000ec3ffd28,0x00000000ec400000)
  to   space 2048K, 0% used [0x00000000ec100000,0x00000000ec100000,0x00000000ec300000)
 ParOldGen       total 314368K, used 314234K [0x00000000c0000000, 0x00000000d3300000, 0x00000000eab00000)
  object space 314368K, 99% used [0x00000000c0000000,0x00000000d32de8c8,0x00000000d3300000)
 Metaspace       used 67257K, committed 68800K, reserved 1114112K
  class space    used 6859K, committed 7488K, reserved 1048576K
}
Event: 61.299 GC heap after
{Heap after GC invocations=1121 (full 4):
 PSYoungGen      total 23552K, used 710K [0x00000000eab00000, 0x00000000ec380000, 0x0000000100000000)
  eden space 22528K, 0% used [0x00000000eab00000,0x00000000eab00000,0x00000000ec100000)
  from space 1024K, 69% used [0x00000000ec100000,0x00000000ec1b1970,0x00000000ec200000)
  to   space 1024K, 0% used [0x00000000ec280000,0x00000000ec280000,0x00000000ec380000)
 ParOldGen       total 314368K, used 314314K [0x00000000c0000000, 0x00000000d3300000, 0x00000000eab00000)
  object space 314368K, 99% used [0x00000000c0000000,0x00000000d32f28c8,0x00000000d3300000)
 Metaspace       used 67257K, committed 68800K, reserved 1114112K
  class space    used 6859K, committed 7488K, reserved 1048576K
}
Event: 61.524 GC heap before
{Heap before GC invocations=1122 (full 4):
 PSYoungGen      total 23552K, used 23200K [0x00000000eab00000, 0x00000000ec380000, 0x0000000100000000)
  eden space 22528K, 99% used [0x00000000eab00000,0x00000000ec0f6780,0x00000000ec100000)
  from space 1024K, 69% used [0x00000000ec100000,0x00000000ec1b1970,0x00000000ec200000)
  to   space 1024K, 0% used [0x00000000ec280000,0x00000000ec280000,0x00000000ec380000)
 ParOldGen       total 314368K, used 314314K [0x00000000c0000000, 0x00000000d3300000, 0x00000000eab00000)
  object space 314368K, 99% used [0x00000000c0000000,0x00000000d32f28c8,0x00000000d3300000)
 Metaspace       used 67292K, committed 68864K, reserved 1114112K
  class space    used 6860K, committed 7488K, reserved 1048576K
}
Event: 61.526 GC heap after
{Heap after GC invocations=1122 (full 4):
 PSYoungGen      total 23552K, used 928K [0x00000000eab00000, 0x00000000ec380000, 0x0000000100000000)
  eden space 22528K, 0% used [0x00000000eab00000,0x00000000eab00000,0x00000000ec100000)
  from space 1024K, 90% used [0x00000000ec280000,0x00000000ec368000,0x00000000ec380000)
  to   space 1024K, 0% used [0x00000000ec100000,0x00000000ec100000,0x00000000ec200000)
 ParOldGen       total 314368K, used 314322K [0x00000000c0000000, 0x00000000d3300000, 0x00000000eab00000)
  object space 314368K, 99% used [0x00000000c0000000,0x00000000d32f48c8,0x00000000d3300000)
 Metaspace       used 67292K, committed 68864K, reserved 1114112K
  class space    used 6860K, committed 7488K, reserved 1048576K
}

